<?xml version="1.0" encoding="UTF-8"?>
<!-- Generated by org.testng.reporters.JUnitXMLReporter -->
<testsuite ignored="2" hostname="user" failures="0" tests="1" name="Default test" time="14.467" errors="0" timestamp="2025-07-17T13:19:06 IST">
  <testcase classname="com.vaultify.vaultify_platform.cms_and_versity" name="Cms_Page_list_checker" time="11.308"/>
  <testcase classname="com.vaultify.vaultify_platform.cms_and_versity" name="cms_search" time="0.0">
    <ignored/>
  </testcase> <!-- cms_search -->
  <testcase classname="com.vaultify.vaultify_platform.Admin_Login" name="login" time="0.0">
    <ignored/>
  </testcase> <!-- login -->
</testsuite> <!-- Default test -->
