<?xml version="1.0" encoding="UTF-8"?>
<!-- Generated by org.testng.reporters.JUnitXMLReporter -->
<testsuite ignored="2" hostname="DESKTOP-3CSQIQH" failures="0" tests="1" name="Default test" time="18.276" errors="0" timestamp="2025-07-21T18:41:29 IST">
  <testcase classname="com.vaultify.vaultify_platform.Staff_Attendance" name="Staff_attendance_List_data_fetcher" time="14.435"/>
  <testcase classname="com.vaultify.vaultify_platform.Admin_Login" name="login" time="0.0">
    <ignored/>
  </testcase> <!-- login -->
  <testcase classname="com.vaultify.vaultify_platform.Staff_Attendance" name="Attendence_filter_check" time="0.0">
    <ignored/>
  </testcase> <!-- Attendence_filter_check -->
</testsuite> <!-- Default test -->
