<?xml version="1.0" encoding="UTF-8"?>
<!-- Generated by org.testng.reporters.JUnitXMLReporter -->
<testsuite ignored="9" hostname="DESKTOP-3CSQIQH" failures="0" tests="1" name="Default test" time="23.708" errors="0" timestamp="2025-07-16T18:00:30 IST">
  <testcase classname="com.vaultify.vaultify_platform.Refund_Management" name="Refund_filter_check" time="15.623"/>
  <testcase classname="com.vaultify.vaultify_platform.Property_management" name="Property_Update_Approval_Propertynames" time="0.0">
    <ignored/>
  </testcase> <!-- Property_Update_Approval_Propertynames -->
  <testcase classname="com.vaultify.vaultify_platform.Property_management" name="Property_Search" time="0.0">
    <ignored/>
  </testcase> <!-- Property_Search -->
  <testcase classname="com.vaultify.vaultify_platform.Refund_Management" name="Refund_list_search" time="0.0">
    <ignored/>
  </testcase> <!-- Refund_list_search -->
  <testcase classname="com.vaultify.vaultify_platform.Property_management" name="Home_visit_pending_property_Search" time="0.0">
    <ignored/>
  </testcase> <!-- Home_visit_pending_property_Search -->
  <testcase classname="com.vaultify.vaultify_platform.Property_management" name="Property_Staff_assign" time="0.0">
    <ignored/>
  </testcase> <!-- Property_Staff_assign -->
  <testcase classname="com.vaultify.vaultify_platform.Property_management" name="property_details_Data_fetch" time="0.0">
    <ignored/>
  </testcase> <!-- property_details_Data_fetch -->
  <testcase classname="com.vaultify.vaultify_platform.Property_management" name="propertyList_filtercheck" time="0.0">
    <ignored/>
  </testcase> <!-- propertyList_filtercheck -->
  <testcase classname="com.vaultify.vaultify_platform.Property_management" name="propertydelete" time="0.0">
    <ignored/>
  </testcase> <!-- propertydelete -->
  <testcase classname="com.vaultify.vaultify_platform.Admin_Login" name="login" time="0.0">
    <ignored/>
  </testcase> <!-- login -->
</testsuite> <!-- Default test -->
