<?xml version="1.0" encoding="UTF-8"?>
<!-- Generated by org.testng.reporters.JUnitXMLReporter -->
<testsuite ignored="2" hostname="DESKTOP-3CSQIQH" failures="0" tests="1" name="Default test" time="18.997" errors="0" timestamp="2025-06-24T19:40:01 IST">
  <testcase classname="com.vaultify.vaultify_platform.Property_management" name="propertydelete" time="16.333"/>
  <testcase classname="com.vaultify.vaultify_platform.Admin_Login" name="login" time="0.0">
    <ignored/>
  </testcase> <!-- login -->
  <testcase classname="com.vaultify.vaultify_platform.Property_management" name="Property_Search" time="0.0">
    <ignored/>
  </testcase> <!-- Property_Search -->
</testsuite> <!-- Default test -->
