<?xml version="1.0" encoding="UTF-8"?>
<!-- Generated by org.testng.reporters.JUnitXMLReporter -->
<testsuite ignored="9" hostname="user" failures="0" tests="8" name="Default test" time="159.482" errors="0" timestamp="2025-07-06T20:38:55 IST">
  <testcase classname="com.vaultify.vaultify_platform.Society_management" name="Society_add" time="17.967"/>
  <testcase classname="com.vaultify.vaultify_platform.Society_management" name="Society_add" time="17.183"/>
  <testcase classname="com.vaultify.vaultify_platform.Society_management" name="Society_add" time="15.222"/>
  <testcase classname="com.vaultify.vaultify_platform.Society_management" name="Society_add" time="14.508"/>
  <testcase classname="com.vaultify.vaultify_platform.Society_management" name="Society_add" time="15.494"/>
  <testcase classname="com.vaultify.vaultify_platform.Society_management" name="Society_add" time="14.66"/>
  <testcase classname="com.vaultify.vaultify_platform.Society_management" name="Society_add" time="14.641"/>
  <testcase classname="com.vaultify.vaultify_platform.Society_management" name="Society_add" time="14.849"/>
  <testcase classname="com.vaultify.vaultify_platform.Property_management" name="Home_visit_pending_property_Search" time="0.0">
    <ignored/>
  </testcase> <!-- Home_visit_pending_property_Search -->
  <testcase classname="com.vaultify.vaultify_platform.Property_management" name="Property_Search" time="0.0">
    <ignored/>
  </testcase> <!-- Property_Search -->
  <testcase classname="com.vaultify.vaultify_platform.Society_management" name="checking_added_society_in_propertyDetails" time="0.0">
    <ignored/>
  </testcase> <!-- checking_added_society_in_propertyDetails -->
  <testcase classname="com.vaultify.vaultify_platform.Society_management" name="Society_search" time="0.0">
    <ignored/>
  </testcase> <!-- Society_search -->
  <testcase classname="com.vaultify.vaultify_platform.Admin_Login" name="login" time="0.0">
    <ignored/>
  </testcase> <!-- login -->
  <testcase classname="com.vaultify.vaultify_platform.Property_management" name="Property_Staff_assign" time="0.0">
    <ignored/>
  </testcase> <!-- Property_Staff_assign -->
  <testcase classname="com.vaultify.vaultify_platform.Property_management" name="property_details_Data_fetch" time="0.0">
    <ignored/>
  </testcase> <!-- property_details_Data_fetch -->
  <testcase classname="com.vaultify.vaultify_platform.Property_management" name="Property_Update_Approval_Propertynames" time="0.0">
    <ignored/>
  </testcase> <!-- Property_Update_Approval_Propertynames -->
  <testcase classname="com.vaultify.vaultify_platform.Property_management" name="propertydelete" time="0.0">
    <ignored/>
  </testcase> <!-- propertydelete -->
</testsuite> <!-- Default test -->
