<?xml version="1.0" encoding="UTF-8"?>
<!-- Generated by org.testng.reporters.JUnitXMLReporter -->
<testsuite ignored="13" hostname="DESKTOP-CM9LAU8" failures="0" tests="1" name="Default test" time="20.075" errors="0" timestamp="2025-05-13T18:31:25 IST">
  <testcase classname="com.vaultify.vaultify_platform.Admin_Modules_Access_and_check" name="Feedback_Management" time="1.143"/>
  <testcase classname="com.vaultify.vaultify_platform.Admin_Modules_Access_and_check" name="TeamManagement" time="0.0">
    <ignored/>
  </testcase> <!-- TeamManagement -->
  <testcase classname="com.vaultify.vaultify_platform.Admin_Modules_Access_and_check" name="Staff_Attendance_Management" time="0.0">
    <ignored/>
  </testcase> <!-- Staff_Attendance_Management -->
  <testcase classname="com.vaultify.vaultify_platform.Admin_Modules_Access_and_check" name="Vaultify_Versity" time="0.0">
    <ignored/>
  </testcase> <!-- Vaultify_Versity -->
  <testcase classname="com.vaultify.vaultify_platform.Admin_Modules_Access_and_check" name="Franchise_Management" time="0.0">
    <ignored/>
  </testcase> <!-- Franchise_Management -->
  <testcase classname="com.vaultify.vaultify_platform.Admin_Modules_Access_and_check" name="Grivance_Management" time="0.0">
    <ignored/>
  </testcase> <!-- Grivance_Management -->
  <testcase classname="com.vaultify.vaultify_platform.Admin_Modules_Access_and_check" name="SiteSetting" time="0.0">
    <ignored/>
  </testcase> <!-- SiteSetting -->
  <testcase classname="com.vaultify.vaultify_platform.Admin_Modules_Access_and_check" name="UserManagement" time="0.0">
    <ignored/>
  </testcase> <!-- UserManagement -->
  <testcase classname="com.vaultify.vaultify_platform.Admin_Modules_Access_and_check" name="TalkToExpert" time="0.0">
    <ignored/>
  </testcase> <!-- TalkToExpert -->
  <testcase classname="com.vaultify.vaultify_platform.Admin_Modules_Access_and_check" name="Property_Soceity_Management" time="0.0">
    <ignored/>
  </testcase> <!-- Property_Soceity_Management -->
  <testcase classname="com.vaultify.vaultify_platform.Admin_Modules_Access_and_check" name="Dynamic_Incentive_Setting" time="0.0">
    <ignored/>
  </testcase> <!-- Dynamic_Incentive_Setting -->
  <testcase classname="com.vaultify.vaultify_platform.Admin_Modules_Access_and_check" name="Private_Bid_Console" time="0.0">
    <ignored/>
  </testcase> <!-- Private_Bid_Console -->
  <testcase classname="com.vaultify.vaultify_platform.Admin_Modules_Access_and_check" name="Relationships" time="0.0">
    <ignored/>
  </testcase> <!-- Relationships -->
  <testcase classname="com.vaultify.vaultify_platform.Admin_Modules_Access_and_check" name="dashboard_access" time="0.0">
    <ignored/>
  </testcase> <!-- dashboard_access -->
</testsuite> <!-- Default test -->
