<?xml version="1.0" encoding="UTF-8"?>
<!-- Generated by org.testng.reporters.JUnitXMLReporter -->
<testsuite ignored="2" hostname="DESKTOP-3CSQIQH" failures="0" tests="1" name="Default test" time="27.56" errors="0" timestamp="2025-07-31T19:10:37 IST">
  <testcase classname="com.vaultify.vaultify_platform.FeedBack_Module" name="view_details" time="25.045"/>
  <testcase classname="com.vaultify.vaultify_platform.Admin_Login" name="login" time="0.0">
    <ignored/>
  </testcase> <!-- login -->
  <testcase classname="com.vaultify.vaultify_platform.FeedBack_Module" name="all_collections_cleaner" time="0.0">
    <ignored/>
  </testcase> <!-- all_collections_cleaner -->
</testsuite> <!-- Default test -->
