<?xml version="1.0" encoding="UTF-8"?>
<!-- Generated by org.testng.reporters.JUnitXMLReporter -->
<testsuite ignored="9" hostname="DESKTOP-3CSQIQH" failures="1" tests="1" name="Default test" time="20.26" errors="0" timestamp="2025-07-11T19:45:58 IST">
  <testcase classname="com.vaultify.vaultify_platform.Bidding_management" name="bid_filter_checker" time="18.312">
    <failure type="java.lang.IndexOutOfBoundsException" message="Index 1 out of bounds for length 1">
      <![CDATA[java.lang.IndexOutOfBoundsException: Index 1 out of bounds for length 1
at java.base/jdk.internal.util.Preconditions.outOfBounds(Preconditions.java:100)
at java.base/jdk.internal.util.Preconditions.outOfBoundsCheckIndex(Preconditions.java:106)
at java.base/jdk.internal.util.Preconditions.checkIndex(Preconditions.java:302)
at java.base/java.util.Objects.checkIndex(Objects.java:365)
at java.base/java.util.ArrayList.get(ArrayList.java:428)
at com.vaultify.vaultify_platform.Bidding_management.bid_filter_checker(Bidding_management.java:107)
at java.base/jdk.internal.reflect.DirectMethodHandleAccessor.invoke(DirectMethodHandleAccessor.java:103)
at java.base/java.lang.reflect.Method.invoke(Method.java:580)
at org.testng.internal.invokers.MethodInvocationHelper.invokeMethod(MethodInvocationHelper.java:141)
at org.testng.internal.invokers.TestInvoker.invokeMethod(TestInvoker.java:687)
at org.testng.internal.invokers.TestInvoker.invokeTestMethod(TestInvoker.java:230)
at org.testng.internal.invokers.MethodRunner.runInSequence(MethodRunner.java:63)
at org.testng.internal.invokers.TestInvoker$MethodInvocationAgent.invoke(TestInvoker.java:995)
at org.testng.internal.invokers.TestInvoker.invokeTestMethods(TestInvoker.java:203)
at org.testng.internal.invokers.TestMethodWorker.invokeTestMethods(TestMethodWorker.java:154)
at org.testng.internal.invokers.TestMethodWorker.run(TestMethodWorker.java:134)
at java.base/java.util.ArrayList.forEach(ArrayList.java:1597)
at org.testng.TestRunner.privateRun(TestRunner.java:741)
at org.testng.TestRunner.run(TestRunner.java:616)
at org.testng.SuiteRunner.runTest(SuiteRunner.java:421)
at org.testng.SuiteRunner.runSequentially(SuiteRunner.java:413)
at org.testng.SuiteRunner.privateRun(SuiteRunner.java:373)
at org.testng.SuiteRunner.run(SuiteRunner.java:312)
at org.testng.SuiteRunnerWorker.runSuite(SuiteRunnerWorker.java:52)
at org.testng.SuiteRunnerWorker.run(SuiteRunnerWorker.java:95)
at org.testng.TestNG.runSuitesSequentially(TestNG.java:1274)
at org.testng.TestNG.runSuitesLocally(TestNG.java:1208)
at org.testng.TestNG.runSuites(TestNG.java:1112)
at org.testng.TestNG.run(TestNG.java:1079)
at org.testng.remote.AbstractRemoteTestNG.run(AbstractRemoteTestNG.java:115)
at org.testng.remote.RemoteTestNG.initAndRun(RemoteTestNG.java:293)
at org.testng.remote.RemoteTestNG.main(RemoteTestNG.java:91)
]]>
    </failure>
  </testcase> <!-- bid_filter_checker -->
  <testcase classname="com.vaultify.vaultify_platform.Bidding_management" name="privateBid_console_search" time="0.0">
    <ignored/>
  </testcase> <!-- privateBid_console_search -->
  <testcase classname="com.vaultify.vaultify_platform.Admin_Login" name="login" time="0.0">
    <ignored/>
  </testcase> <!-- login -->
  <testcase classname="com.vaultify.vaultify_platform.Property_management" name="Property_Staff_assign" time="0.0">
    <ignored/>
  </testcase> <!-- Property_Staff_assign -->
  <testcase classname="com.vaultify.vaultify_platform.Property_management" name="property_details_Data_fetch" time="0.0">
    <ignored/>
  </testcase> <!-- property_details_Data_fetch -->
  <testcase classname="com.vaultify.vaultify_platform.Property_management" name="Property_Search" time="0.0">
    <ignored/>
  </testcase> <!-- Property_Search -->
  <testcase classname="com.vaultify.vaultify_platform.Property_management" name="Property_Update_Approval_Propertynames" time="0.0">
    <ignored/>
  </testcase> <!-- Property_Update_Approval_Propertynames -->
  <testcase classname="com.vaultify.vaultify_platform.Bidding_management" name="bidstatus_checker" time="0.0">
    <ignored/>
  </testcase> <!-- bidstatus_checker -->
  <testcase classname="com.vaultify.vaultify_platform.Property_management" name="Home_visit_pending_property_Search" time="0.0">
    <ignored/>
  </testcase> <!-- Home_visit_pending_property_Search -->
  <testcase classname="com.vaultify.vaultify_platform.Property_management" name="propertydelete" time="0.0">
    <ignored/>
  </testcase> <!-- propertydelete -->
</testsuite> <!-- Default test -->
