<?xml version="1.0" encoding="UTF-8"?>
<!-- Generated by org.testng.reporters.JUnitXMLReporter -->
<testsuite ignored="9" hostname="user" failures="0" tests="1" name="Default test" time="31.032" errors="0" timestamp="2025-07-12T00:46:23 IST">
  <testcase classname="com.vaultify.vaultify_platform.Bidding_management" name="bid_filter_checker" time="27.447"/>
  <testcase classname="com.vaultify.vaultify_platform.Property_management" name="Home_visit_pending_property_Search" time="0.0">
    <ignored/>
  </testcase> <!-- Home_visit_pending_property_Search -->
  <testcase classname="com.vaultify.vaultify_platform.Property_management" name="Property_Search" time="0.0">
    <ignored/>
  </testcase> <!-- Property_Search -->
  <testcase classname="com.vaultify.vaultify_platform.Admin_Login" name="login" time="0.0">
    <ignored/>
  </testcase> <!-- login -->
  <testcase classname="com.vaultify.vaultify_platform.Bidding_management" name="bidstatus_checker" time="0.0">
    <ignored/>
  </testcase> <!-- bidstatus_checker -->
  <testcase classname="com.vaultify.vaultify_platform.Property_management" name="Property_Staff_assign" time="0.0">
    <ignored/>
  </testcase> <!-- Property_Staff_assign -->
  <testcase classname="com.vaultify.vaultify_platform.Property_management" name="property_details_Data_fetch" time="0.0">
    <ignored/>
  </testcase> <!-- property_details_Data_fetch -->
  <testcase classname="com.vaultify.vaultify_platform.Bidding_management" name="privateBid_console_search" time="0.0">
    <ignored/>
  </testcase> <!-- privateBid_console_search -->
  <testcase classname="com.vaultify.vaultify_platform.Property_management" name="Property_Update_Approval_Propertynames" time="0.0">
    <ignored/>
  </testcase> <!-- Property_Update_Approval_Propertynames -->
  <testcase classname="com.vaultify.vaultify_platform.Property_management" name="propertydelete" time="0.0">
    <ignored/>
  </testcase> <!-- propertydelete -->
</testsuite> <!-- Default test -->
