<?xml version="1.0" encoding="UTF-8"?>
<!-- Generated by org.testng.reporters.JUnitXMLReporter -->
<testsuite ignored="3" hostname="user" failures="0" tests="1" name="Default test" time="30.479" errors="0" timestamp="2025-08-01T23:20:29 IST">
  <testcase classname="com.vaultify.vaultify_platform.FeedBack_Module" name="feedback_Search" time="26.29"/>
  <testcase classname="com.vaultify.vaultify_platform.FeedBack_Module" name="FeedBack_View_details" time="0.0">
    <ignored/>
  </testcase> <!-- FeedBack_View_details -->
  <testcase classname="com.vaultify.vaultify_platform.Admin_Login" name="login" time="0.0">
    <ignored/>
  </testcase> <!-- login -->
  <testcase classname="com.vaultify.vaultify_platform.FeedBack_Module" name="all_collections_cleaner" time="0.0">
    <ignored/>
  </testcase> <!-- all_collections_cleaner -->
</testsuite> <!-- Default test -->
