<?xml version="1.0" encoding="UTF-8"?>
<!-- Generated by org.testng.reporters.JUnitXMLReporter -->
<testsuite ignored="2" hostname="DESKTOP-3CSQIQH" failures="0" tests="1" name="Default test" time="51.995" errors="0" timestamp="2025-07-28T20:02:41 IST">
  <testcase classname="com.vaultify.vaultify_platform.Talk_to_Expert_Module" name="expert_staff_assign" time="50.092"/>
  <testcase classname="com.vaultify.vaultify_platform.Admin_Login" name="login" time="0.0">
    <ignored/>
  </testcase> <!-- login -->
  <testcase classname="com.vaultify.vaultify_platform.Talk_to_Expert_Module" name="talk_to_expert_list_data_fetchers" time="0.0">
    <ignored/>
  </testcase> <!-- talk_to_expert_list_data_fetchers -->
</testsuite> <!-- Default test -->
