<?xml version="1.0" encoding="UTF-8"?>
<!-- Generated by org.testng.reporters.JUnitXMLReporter -->
<testsuite ignored="4" hostname="user" failures="0" tests="1" name="Default test" time="57.319" errors="0" timestamp="2025-07-24T16:00:41 IST">
  <testcase classname="com.vaultify.vaultify_platform.Roles" name="role_add" time="53.846"/>
  <testcase classname="com.vaultify.vaultify_platform.Staff_and_Team" name="employeesearch" time="0.0">
    <ignored/>
  </testcase> <!-- employeesearch -->
  <testcase classname="com.vaultify.vaultify_platform.Staff_and_Team" name="Employee_staff_Add" time="0.0">
    <ignored/>
  </testcase> <!-- Employee_staff_Add -->
  <testcase classname="com.vaultify.vaultify_platform.Admin_Login" name="login" time="0.0">
    <ignored/>
  </testcase> <!-- login -->
  <testcase classname="com.vaultify.vaultify_platform.Staff_and_Team" name="employee_delete" time="0.0">
    <ignored/>
  </testcase> <!-- employee_delete -->
</testsuite> <!-- Default test -->
