<?xml version="1.0" encoding="UTF-8"?>
<!-- Generated by org.testng.reporters.JUnitXMLReporter -->
<testsuite ignored="1" hostname="user" failures="0" tests="1" name="Default test" time="27.627" errors="0" timestamp="2025-07-20T22:32:24 IST">
  <testcase classname="com.vaultify.vaultify_platform.Talk_to_Expert_Module" name="talk_to_expert_list_data_fetchers" time="21.149"/>
  <testcase classname="com.vaultify.vaultify_platform.Admin_Login" name="login" time="0.0">
    <ignored/>
  </testcase> <!-- login -->
</testsuite> <!-- Default test -->
