<?xml version="1.0" encoding="UTF-8"?>
<!-- Generated by org.testng.reporters.JUnitXMLReporter -->
<testsuite ignored="6" hostname="DESKTOP-3CSQIQH" failures="0" tests="2" name="Default test" time="60.031" errors="0" timestamp="2025-07-25T14:08:30 IST">
  <testcase classname="com.vaultify.vaultify_platform.Roles" name="delete_role" time="28.657"/>
  <testcase classname="com.vaultify.vaultify_platform.Roles" name="delete_role" time="28.054"/>
  <testcase classname="com.vaultify.vaultify_platform.Staff_and_Team" name="Employee_staff_Add" time="0.0">
    <ignored/>
  </testcase> <!-- Employee_staff_Add -->
  <testcase classname="com.vaultify.vaultify_platform.Staff_and_Team" name="employeesearch" time="0.0">
    <ignored/>
  </testcase> <!-- employeesearch -->
  <testcase classname="com.vaultify.vaultify_platform.Roles" name="role_add" time="0.0">
    <ignored/>
  </testcase> <!-- role_add -->
  <testcase classname="com.vaultify.vaultify_platform.Staff_and_Team" name="employee_delete" time="0.0">
    <ignored/>
  </testcase> <!-- employee_delete -->
  <testcase classname="com.vaultify.vaultify_platform.Roles" name="clear_all_collections" time="0.0">
    <ignored/>
  </testcase> <!-- clear_all_collections -->
  <testcase classname="com.vaultify.vaultify_platform.Admin_Login" name="login" time="0.0">
    <ignored/>
  </testcase> <!-- login -->
</testsuite> <!-- Default test -->
