<?xml version="1.0" encoding="UTF-8"?>
<!-- Generated by org.testng.reporters.JUnitXMLReporter -->
<testsuite ignored="1" hostname="DESKTOP-3CSQIQH" failures="0" tests="1" name="Default test" time="24.199" errors="0" timestamp="2025-07-31T14:11:12 IST">
  <testcase classname="com.vaultify.vaultify_platform.FeedBack_Module" name="view_details" time="21.642"/>
  <testcase classname="com.vaultify.vaultify_platform.Admin_Login" name="login" time="0.0">
    <ignored/>
  </testcase> <!-- login -->
</testsuite> <!-- Default test -->
