<?xml version="1.0" encoding="UTF-8"?>
<!-- Generated by org.testng.reporters.JUnitXMLReporter -->
<testsuite ignored="3" hostname="DESKTOP-3CSQIQH" failures="0" tests="1" name="Default test" time="19.665" errors="0" timestamp="2025-07-18T20:21:55 IST">
  <testcase classname="com.vaultify.vaultify_platform.Staff_and_Team" name="employee_delete" time="15.335"/>
  <testcase classname="com.vaultify.vaultify_platform.Admin_Login" name="login" time="0.0">
    <ignored/>
  </testcase> <!-- login -->
  <testcase classname="com.vaultify.vaultify_platform.Staff_and_Team" name="employeesearch" time="0.0">
    <ignored/>
  </testcase> <!-- employeesearch -->
  <testcase classname="com.vaultify.vaultify_platform.Staff_and_Team" name="Employee_staff_Add" time="0.0">
    <ignored/>
  </testcase> <!-- Employee_staff_Add -->
</testsuite> <!-- Default test -->
