<?xml version="1.0" encoding="UTF-8"?>
<!-- Generated by org.testng.reporters.JUnitXMLReporter -->
<testsuite ignored="5" hostname="DESKTOP-3CSQIQH" failures="0" tests="1" name="Default test" time="36.878" errors="0" timestamp="2025-08-05T19:00:05 IST">
  <testcase classname="com.vaultify.vaultify_platform.Grievance_Module" name="Grievance_staff_assign_check" time="34.002"/>
  <testcase classname="com.vaultify.vaultify_platform.Grievance_Module" name="Grievance_List_data_fetcher" time="0.0">
    <ignored/>
  </testcase> <!-- Grievance_List_data_fetcher -->
  <testcase classname="com.vaultify.vaultify_platform.Grievance_Module" name="Grievance_List_data_Inserter" time="0.0">
    <ignored/>
  </testcase> <!-- Grievance_List_data_Inserter -->
  <testcase classname="com.vaultify.vaultify_platform.Admin_Modules_Access_and_check" name="Grivance_Management" time="0.0">
    <ignored/>
  </testcase> <!-- Grivance_Management -->
  <testcase classname="com.vaultify.vaultify_platform.Admin_Login" name="login" time="0.0">
    <ignored/>
  </testcase> <!-- login -->
  <testcase classname="com.vaultify.vaultify_platform.Grievance_Module" name="all_collections_cleaner" time="0.0">
    <ignored/>
  </testcase> <!-- all_collections_cleaner -->
</testsuite> <!-- Default test -->
