<?xml version="1.0" encoding="UTF-8"?>
<!-- Generated by org.testng.reporters.JUnitXMLReporter -->
<testsuite ignored="7" hostname="DESKTOP-3CSQIQH" failures="0" tests="3" name="Default test" time="45.867" errors="0" timestamp="2025-07-04T17:44:15 IST">
  <testcase classname="com.vaultify.vaultify_platform.Society_management" name="Society_add" time="14.215"/>
  <testcase classname="com.vaultify.vaultify_platform.Society_management" name="Society_add" time="13.633"/>
  <testcase classname="com.vaultify.vaultify_platform.Society_management" name="Society_add" time="13.882"/>
  <testcase classname="com.vaultify.vaultify_platform.Property_management" name="Property_Update_Approval_Propertynames" time="0.0">
    <ignored/>
  </testcase> <!-- Property_Update_Approval_Propertynames -->
  <testcase classname="com.vaultify.vaultify_platform.Property_management" name="Property_Search" time="0.0">
    <ignored/>
  </testcase> <!-- Property_Search -->
  <testcase classname="com.vaultify.vaultify_platform.Property_management" name="Property_Staff_assign" time="0.0">
    <ignored/>
  </testcase> <!-- Property_Staff_assign -->
  <testcase classname="com.vaultify.vaultify_platform.Property_management" name="Home_visit_pending_property_Search" time="0.0">
    <ignored/>
  </testcase> <!-- Home_visit_pending_property_Search -->
  <testcase classname="com.vaultify.vaultify_platform.Property_management" name="propertydelete" time="0.0">
    <ignored/>
  </testcase> <!-- propertydelete -->
  <testcase classname="com.vaultify.vaultify_platform.Admin_Login" name="login" time="0.0">
    <ignored/>
  </testcase> <!-- login -->
  <testcase classname="com.vaultify.vaultify_platform.Property_management" name="property_details_Data_fetch" time="0.0">
    <ignored/>
  </testcase> <!-- property_details_Data_fetch -->
</testsuite> <!-- Default test -->
