<?xml version="1.0" encoding="UTF-8"?>
<!-- Generated by org.testng.reporters.JUnitXMLReporter -->
<testsuite ignored="6" hostname="DESKTOP-3CSQIQH" failures="0" tests="10" name="Default test" time="528.797" errors="0" timestamp="2025-07-29T16:53:54 IST">
  <testcase classname="com.vaultify.vaultify_platform.Roles" name="role_add" time="53.624"/>
  <testcase classname="com.vaultify.vaultify_platform.Roles" name="role_add" time="52.715"/>
  <testcase classname="com.vaultify.vaultify_platform.Roles" name="role_add" time="51.554"/>
  <testcase classname="com.vaultify.vaultify_platform.Roles" name="role_add" time="50.757"/>
  <testcase classname="com.vaultify.vaultify_platform.Roles" name="role_add" time="50.915"/>
  <testcase classname="com.vaultify.vaultify_platform.Roles" name="role_add" time="51.307"/>
  <testcase classname="com.vaultify.vaultify_platform.Roles" name="role_add" time="51.619"/>
  <testcase classname="com.vaultify.vaultify_platform.Roles" name="role_add" time="50.662"/>
  <testcase classname="com.vaultify.vaultify_platform.Roles" name="role_add" time="51.416"/>
  <testcase classname="com.vaultify.vaultify_platform.Roles" name="role_add" time="52.108"/>
  <testcase classname="com.vaultify.vaultify_platform.Roles" name="clear_all_collections" time="0.0">
    <ignored/>
  </testcase> <!-- clear_all_collections -->
  <testcase classname="com.vaultify.vaultify_platform.Admin_Login" name="login" time="0.0">
    <ignored/>
  </testcase> <!-- login -->
  <testcase classname="com.vaultify.vaultify_platform.Staff_and_Team" name="employee_delete" time="0.0">
    <ignored/>
  </testcase> <!-- employee_delete -->
  <testcase classname="com.vaultify.vaultify_platform.Roles" name="delete_role" time="0.0">
    <ignored/>
  </testcase> <!-- delete_role -->
  <testcase classname="com.vaultify.vaultify_platform.Staff_and_Team" name="employeesearch" time="0.0">
    <ignored/>
  </testcase> <!-- employeesearch -->
  <testcase classname="com.vaultify.vaultify_platform.Staff_and_Team" name="Employee_staff_Add" time="0.0">
    <ignored/>
  </testcase> <!-- Employee_staff_Add -->
</testsuite> <!-- Default test -->
