<?xml version="1.0" encoding="UTF-8"?>
<!-- Generated by org.testng.reporters.JUnitXMLReporter -->
<testsuite ignored="4" hostname="DESKTOP-3CSQIQH" failures="0" tests="1" name="Default test" time="33.811" errors="0" timestamp="2025-08-11T19:28:20 IST">
  <testcase classname="com.vaultify.vaultify_platform.FeedBack_Module" name="feedback_Search" time="31.881"/>
  <testcase classname="com.vaultify.vaultify_platform.FeedBack_Module" name="all_collections_cleaner" time="0.0">
    <ignored/>
  </testcase> <!-- all_collections_cleaner -->
  <testcase classname="com.vaultify.vaultify_platform.Admin_Modules_Access_and_check" name="Grivance_Management" time="0.0">
    <ignored/>
  </testcase> <!-- Grivance_Management -->
  <testcase classname="com.vaultify.vaultify_platform.FeedBack_Module" name="FeedBack_View_details" time="0.0">
    <ignored/>
  </testcase> <!-- FeedBack_View_details -->
  <testcase classname="com.vaultify.vaultify_platform.Admin_Login" name="login" time="0.0">
    <ignored/>
  </testcase> <!-- login -->
</testsuite> <!-- Default test -->
