<?xml version="1.0" encoding="UTF-8"?>
<!-- Generated by org.testng.reporters.JUnitXMLReporter -->
<testsuite ignored="11" hostname="DESKTOP-3CSQIQH" failures="1" tests="1" name="Default test" time="43.22" errors="0" timestamp="2025-08-04T19:52:43 IST">
  <testcase classname="com.vaultify.vaultify_platform.Service_ReFund" name="due_payment_info" time="41.007">
    <failure type="org.openqa.selenium.ElementClickInterceptedException" message="element click intercepted: Element &amp;lt;input class=&amp;quot;rizzui-checkbox-input peer checked:bg-none focus:ring-offset-background transition duration-200 ease-in-out disabled:bg-muted/70 disabled:backdrop-blur disabled:border-muted h-6 w-6 rounded bg-transparent border border-muted ring-[0.6px] ring-muted focus:ring-muted checked:!bg-primary checked:!border-primary hover:enabled:border-primary&amp;quot; type=&amp;quot;checkbox&amp;quot;&amp;gt; is not clickable at point (349, 400). Other element would receive the click: &amp;lt;svg xmlns=&amp;quot;http://www.w3.org/2000/svg&amp;quot; fill=&amp;quot;none&amp;quot; viewBox=&amp;quot;0 0 24 24&amp;quot; stroke-width=&amp;quot;1.5&amp;quot; stroke=&amp;quot;currentColor&amp;quot; class=&amp;quot;rizzui-checkbox-icon peer-checked:opacity-100 absolute opacity-0 top-0 left-0 text-primary-foreground h-6 w-6&amp;quot;&amp;gt;...&amp;lt;/svg&amp;gt;
  (Session info: chrome=138.0.7204.169)
Build info: version: &amp;apos;4.24.0&amp;apos;, revision: &amp;apos;748ffc9bc3&amp;apos;
System info: os.name: &amp;apos;Windows 10&amp;apos;, os.arch: &amp;apos;amd64&amp;apos;, os.version: &amp;apos;10.0&amp;apos;, java.version: &amp;apos;23.0.2&amp;apos;
Driver info: org.openqa.selenium.chrome.ChromeDriver
Command: [877739cc5b25b41dfc1ddaaf565f6ca7, clickElement {id=f.7B8BDC244AA4B6B0476DE0DC21EB8B67.d.292A17944382BA3257F21B335F362BDA.e.270}]
Capabilities {acceptInsecureCerts: false, browserName: chrome, browserVersion: 138.0.7204.169, chrome: {chromedriverVersion: 138.0.7204.183 (e90faf484dd..., userDataDir: C:\Users\PC-129\AppData\Loc...}, fedcm:accounts: true, goog:chromeOptions: {debuggerAddress: localhost:62237}, networkConnectionEnabled: false, pageLoadStrategy: normal, platformName: windows, proxy: Proxy(), se:cdp: ws://localhost:62237/devtoo..., se:cdpVersion: 138.0.7204.169, setWindowRect: true, strictFileInteractability: false, timeouts: {implicit: 0, pageLoad: 300000, script: 30000}, unhandledPromptBehavior: dismiss and notify, webauthn:extension:credBlob: true, webauthn:extension:largeBlob: true, webauthn:extension:minPinLength: true, webauthn:extension:prf: true, webauthn:virtualAuthenticators: true}
Element: [[ChromeDriver: chrome on windows (877739cc5b25b41dfc1ddaaf565f6ca7)] -&amp;gt; xpath: //table//label//input]
Session ID: 877739cc5b25b41dfc1ddaaf565f6ca7">
      <![CDATA[org.openqa.selenium.ElementClickInterceptedException: element click intercepted: Element <input class="rizzui-checkbox-input peer checked:bg-none focus:ring-offset-background transition duration-200 ease-in-out disabled:bg-muted/70 disabled:backdrop-blur disabled:border-muted h-6 w-6 rounded bg-transparent border border-muted ring-[0.6px] ring-muted focus:ring-muted checked:!bg-primary checked:!border-primary hover:enabled:border-primary" type="checkbox"> is not clickable at point (349, 400). Other element would receive the click: <svg xmlns="http://www.w3.org/2000/svg" fill="none" viewBox="0 0 24 24" stroke-width="1.5" stroke="currentColor" class="rizzui-checkbox-icon peer-checked:opacity-100 absolute opacity-0 top-0 left-0 text-primary-foreground h-6 w-6">...</svg>
  (Session info: chrome=138.0.7204.169)
Build info: version: '4.24.0', revision: '748ffc9bc3'
System info: os.name: 'Windows 10', os.arch: 'amd64', os.version: '10.0', java.version: '23.0.2'
Driver info: org.openqa.selenium.chrome.ChromeDriver
Command: [877739cc5b25b41dfc1ddaaf565f6ca7, clickElement {id=f.7B8BDC244AA4B6B0476DE0DC21EB8B67.d.292A17944382BA3257F21B335F362BDA.e.270}]
Capabilities {acceptInsecureCerts: false, browserName: chrome, browserVersion: 138.0.7204.169, chrome: {chromedriverVersion: 138.0.7204.183 (e90faf484dd..., userDataDir: C:\Users\PC-129\AppData\Loc...}, fedcm:accounts: true, goog:chromeOptions: {debuggerAddress: localhost:62237}, networkConnectionEnabled: false, pageLoadStrategy: normal, platformName: windows, proxy: Proxy(), se:cdp: ws://localhost:62237/devtoo..., se:cdpVersion: 138.0.7204.169, setWindowRect: true, strictFileInteractability: false, timeouts: {implicit: 0, pageLoad: 300000, script: 30000}, unhandledPromptBehavior: dismiss and notify, webauthn:extension:credBlob: true, webauthn:extension:largeBlob: true, webauthn:extension:minPinLength: true, webauthn:extension:prf: true, webauthn:virtualAuthenticators: true}
Element: [[ChromeDriver: chrome on windows (877739cc5b25b41dfc1ddaaf565f6ca7)] -> xpath: //table//label//input]
Session ID: 877739cc5b25b41dfc1ddaaf565f6ca7
at java.base/jdk.internal.reflect.DirectConstructorHandleAccessor.newInstance(DirectConstructorHandleAccessor.java:62)
at java.base/java.lang.reflect.Constructor.newInstanceWithCaller(Constructor.java:501)
at java.base/java.lang.reflect.Constructor.newInstance(Constructor.java:485)
at org.openqa.selenium.remote.ErrorCodec.decode(ErrorCodec.java:167)
at org.openqa.selenium.remote.codec.w3c.W3CHttpResponseCodec.decode(W3CHttpResponseCodec.java:138)
at org.openqa.selenium.remote.codec.w3c.W3CHttpResponseCodec.decode(W3CHttpResponseCodec.java:50)
at org.openqa.selenium.remote.HttpCommandExecutor.execute(HttpCommandExecutor.java:190)
at org.openqa.selenium.remote.service.DriverCommandExecutor.invokeExecute(DriverCommandExecutor.java:216)
at org.openqa.selenium.remote.service.DriverCommandExecutor.execute(DriverCommandExecutor.java:174)
at org.openqa.selenium.remote.RemoteWebDriver.execute(RemoteWebDriver.java:545)
at org.openqa.selenium.remote.RemoteWebElement.execute(RemoteWebElement.java:223)
at org.openqa.selenium.remote.RemoteWebElement.click(RemoteWebElement.java:76)
at com.vaultify.vaultify_platform.Service_ReFund.due_payment_info(Refund_Management.java:230)
at java.base/jdk.internal.reflect.DirectMethodHandleAccessor.invoke(DirectMethodHandleAccessor.java:103)
at java.base/java.lang.reflect.Method.invoke(Method.java:580)
at org.testng.internal.invokers.MethodInvocationHelper.invokeMethod(MethodInvocationHelper.java:141)
at org.testng.internal.invokers.TestInvoker.invokeMethod(TestInvoker.java:687)
at org.testng.internal.invokers.TestInvoker.invokeTestMethod(TestInvoker.java:230)
at org.testng.internal.invokers.MethodRunner.runInSequence(MethodRunner.java:63)
at org.testng.internal.invokers.TestInvoker$MethodInvocationAgent.invoke(TestInvoker.java:995)
at org.testng.internal.invokers.TestInvoker.invokeTestMethods(TestInvoker.java:203)
at org.testng.internal.invokers.TestMethodWorker.invokeTestMethods(TestMethodWorker.java:154)
at org.testng.internal.invokers.TestMethodWorker.run(TestMethodWorker.java:134)
at java.base/java.util.ArrayList.forEach(ArrayList.java:1597)
at org.testng.TestRunner.privateRun(TestRunner.java:741)
at org.testng.TestRunner.run(TestRunner.java:616)
at org.testng.SuiteRunner.runTest(SuiteRunner.java:421)
at org.testng.SuiteRunner.runSequentially(SuiteRunner.java:413)
at org.testng.SuiteRunner.privateRun(SuiteRunner.java:373)
at org.testng.SuiteRunner.run(SuiteRunner.java:312)
at org.testng.SuiteRunnerWorker.runSuite(SuiteRunnerWorker.java:52)
at org.testng.SuiteRunnerWorker.run(SuiteRunnerWorker.java:95)
at org.testng.TestNG.runSuitesSequentially(TestNG.java:1274)
at org.testng.TestNG.runSuitesLocally(TestNG.java:1208)
at org.testng.TestNG.runSuites(TestNG.java:1112)
at org.testng.TestNG.run(TestNG.java:1079)
at org.testng.remote.AbstractRemoteTestNG.run(AbstractRemoteTestNG.java:115)
at org.testng.remote.RemoteTestNG.initAndRun(RemoteTestNG.java:293)
at org.testng.remote.RemoteTestNG.main(RemoteTestNG.java:91)
]]>
    </failure>
  </testcase> <!-- due_payment_info -->
  <testcase classname="com.vaultify.vaultify_platform.Admin_Login" name="login" time="0.0">
    <ignored/>
  </testcase> <!-- login -->
  <testcase classname="com.vaultify.vaultify_platform.Property_management" name="Property_Staff_assign" time="0.0">
    <ignored/>
  </testcase> <!-- Property_Staff_assign -->
  <testcase classname="com.vaultify.vaultify_platform.Refund_Management" name="Refund_list_search" time="0.0">
    <ignored/>
  </testcase> <!-- Refund_list_search -->
  <testcase classname="com.vaultify.vaultify_platform.Property_management" name="Home_visit_pending_property_Search" time="0.0">
    <ignored/>
  </testcase> <!-- Home_visit_pending_property_Search -->
  <testcase classname="com.vaultify.vaultify_platform.Property_management" name="propertydelete" time="0.0">
    <ignored/>
  </testcase> <!-- propertydelete -->
  <testcase classname="com.vaultify.vaultify_platform.Refund_Management" name="Refund_list_data_fetcher" time="0.0">
    <ignored/>
  </testcase> <!-- Refund_list_data_fetcher -->
  <testcase classname="com.vaultify.vaultify_platform.Refund_Management" name="Refund_details_page_accessor" time="0.0">
    <ignored/>
  </testcase> <!-- Refund_details_page_accessor -->
  <testcase classname="com.vaultify.vaultify_platform.Property_management" name="Property_Update_Approval_Propertynames" time="0.0">
    <ignored/>
  </testcase> <!-- Property_Update_Approval_Propertynames -->
  <testcase classname="com.vaultify.vaultify_platform.Property_management" name="Property_Search" time="0.0">
    <ignored/>
  </testcase> <!-- Property_Search -->
  <testcase classname="com.vaultify.vaultify_platform.Refund_Management" name="Refund_filter_check" time="0.0">
    <ignored/>
  </testcase> <!-- Refund_filter_check -->
  <testcase classname="com.vaultify.vaultify_platform.Property_management" name="propertyList_filtercheck" time="0.0">
    <ignored/>
  </testcase> <!-- propertyList_filtercheck -->
</testsuite> <!-- Default test -->
