<?xml version="1.0" encoding="UTF-8"?>
<testng-results ignored="3" total="4" passed="1" failed="0" skipped="0">
  <reporter-output>
  </reporter-output>
  <suite started-at="2025-08-01T23:19:58 IST" name="Default suite" finished-at="2025-08-01T23:20:28 IST" duration-ms="30479">
    <groups>
    </groups>
    <test started-at="2025-08-01T23:19:58 IST" name="Default test" finished-at="2025-08-01T23:20:28 IST" duration-ms="30479">
      <class name="com.vaultify.vaultify_platform.FeedBack_Module">
        <test-method is-config="true" signature="setUP()[pri:0, instance:com.vaultify.vaultify_platform.FeedBack_Module@b3ca52e]" started-at="2025-08-01T23:19:58 IST" name="setUP" finished-at="2025-08-01T23:20:01 IST" duration-ms="2836" status="PASS">
          <reporter-output>
          </reporter-output>
        </test-method> <!-- setUP -->
        <test-method signature="feedback_Search()[pri:0, instance:com.vaultify.vaultify_platform.FeedBack_Module@b3ca52e]" started-at="2025-08-01T23:20:01 IST" name="feedback_Search" finished-at="2025-08-01T23:20:27 IST" duration-ms="26290" status="PASS">
          <reporter-output>
          </reporter-output>
        </test-method> <!-- feedback_Search -->
        <test-method is-config="true" signature="driverkill()[pri:0, instance:com.vaultify.vaultify_platform.FeedBack_Module@b3ca52e]" started-at="2025-08-01T23:20:27 IST" name="driverkill" finished-at="2025-08-01T23:20:28 IST" duration-ms="1314" status="PASS">
          <reporter-output>
          </reporter-output>
        </test-method> <!-- driverkill -->
      </class> <!-- com.vaultify.vaultify_platform.FeedBack_Module -->
    </test> <!-- Default test -->
  </suite> <!-- Default suite -->
</testng-results>
