<?xml version="1.0" encoding="UTF-8"?>
<testng-results ignored="0" total="1" passed="1" failed="0" skipped="0">
  <reporter-output>
  </reporter-output>
  <suite started-at="2025-05-20T20:06:02 IST" name="Default suite" finished-at="2025-05-20T20:06:20 IST" duration-ms="17537">
    <groups>
    </groups>
    <test started-at="2025-05-20T20:06:02 IST" name="Default test" finished-at="2025-05-20T20:06:20 IST" duration-ms="17537">
      <class name="com.vaultify.vaultify_platform.Staff_and_Team">
        <test-method is-config="true" signature="setUP()[pri:0, instance:com.vaultify.vaultify_platform.Staff_and_Team@662ac478]" started-at="2025-05-20T20:06:02 IST" name="setUP" finished-at="2025-05-20T20:06:15 IST" duration-ms="12855" status="PASS">
          <reporter-output>
          </reporter-output>
        </test-method> <!-- setUP -->
        <test-method signature="Employee_staff_Add()[pri:0, instance:com.vaultify.vaultify_platform.Staff_and_Team@662ac478]" started-at="2025-05-20T20:06:15 IST" name="Employee_staff_Add" finished-at="2025-05-20T20:06:20 IST" duration-ms="4641" status="PASS">
          <reporter-output>
          </reporter-output>
        </test-method> <!-- Employee_staff_Add -->
        <test-method is-config="true" signature="driverkill()[pri:0, instance:com.vaultify.vaultify_platform.Staff_and_Team@662ac478]" started-at="2025-05-20T20:06:20 IST" name="driverkill" finished-at="2025-05-20T20:06:20 IST" duration-ms="1" status="PASS">
          <reporter-output>
          </reporter-output>
        </test-method> <!-- driverkill -->
      </class> <!-- com.vaultify.vaultify_platform.Staff_and_Team -->
    </test> <!-- Default test -->
  </suite> <!-- Default suite -->
</testng-results>
