<?xml version="1.0" encoding="UTF-8"?>
<testng-results ignored="3" total="4" passed="1" failed="0" skipped="0">
  <reporter-output>
  </reporter-output>
  <suite started-at="2025-07-18T20:21:35 IST" name="Default suite" finished-at="2025-07-18T20:21:55 IST" duration-ms="19665">
    <groups>
    </groups>
    <test started-at="2025-07-18T20:21:35 IST" name="Default test" finished-at="2025-07-18T20:21:55 IST" duration-ms="19665">
      <class name="com.vaultify.vaultify_platform.Staff_and_Team">
        <test-method is-config="true" signature="setUP()[pri:0, instance:com.vaultify.vaultify_platform.Staff_and_Team@52102734]" started-at="2025-07-18T20:21:35 IST" name="setUP" finished-at="2025-07-18T20:21:39 IST" duration-ms="4079" status="PASS">
          <reporter-output>
          </reporter-output>
        </test-method> <!-- setUP -->
        <test-method signature="employee_delete()[pri:0, instance:com.vaultify.vaultify_platform.Staff_and_Team@52102734]" started-at="2025-07-18T20:21:39 IST" name="employee_delete" finished-at="2025-07-18T20:21:54 IST" duration-ms="15335" status="PASS">
          <reporter-output>
          </reporter-output>
        </test-method> <!-- employee_delete -->
        <test-method is-config="true" signature="driverkill()[pri:0, instance:com.vaultify.vaultify_platform.Staff_and_Team@52102734]" started-at="2025-07-18T20:21:54 IST" name="driverkill" finished-at="2025-07-18T20:21:55 IST" duration-ms="194" status="PASS">
          <reporter-output>
          </reporter-output>
        </test-method> <!-- driverkill -->
      </class> <!-- com.vaultify.vaultify_platform.Staff_and_Team -->
    </test> <!-- Default test -->
  </suite> <!-- Default suite -->
</testng-results>
