<?xml version="1.0" encoding="UTF-8"?>
<testng-results ignored="2" total="3" passed="1" failed="0" skipped="0">
  <reporter-output>
  </reporter-output>
  <suite started-at="2025-07-28T20:01:49 IST" name="Default suite" finished-at="2025-07-28T20:02:41 IST" duration-ms="51995">
    <groups>
    </groups>
    <test started-at="2025-07-28T20:01:49 IST" name="Default test" finished-at="2025-07-28T20:02:41 IST" duration-ms="51995">
      <class name="com.vaultify.vaultify_platform.Talk_to_Expert_Module">
        <test-method is-config="true" signature="setUP()[pri:0, instance:com.vaultify.vaultify_platform.Talk_to_Expert_Module@1329eff]" started-at="2025-07-28T20:01:49 IST" name="setUP" finished-at="2025-07-28T20:01:51 IST" duration-ms="1683" status="PASS">
          <reporter-output>
          </reporter-output>
        </test-method> <!-- setUP -->
        <test-method signature="expert_staff_assign()[pri:0, instance:com.vaultify.vaultify_platform.Talk_to_Expert_Module@1329eff]" started-at="2025-07-28T20:01:51 IST" name="expert_staff_assign" finished-at="2025-07-28T20:02:41 IST" duration-ms="50092" status="PASS">
          <reporter-output>
          </reporter-output>
        </test-method> <!-- expert_staff_assign -->
        <test-method is-config="true" signature="driverkill()[pri:0, instance:com.vaultify.vaultify_platform.Talk_to_Expert_Module@1329eff]" started-at="2025-07-28T20:02:41 IST" name="driverkill" finished-at="2025-07-28T20:02:41 IST" duration-ms="178" status="PASS">
          <reporter-output>
          </reporter-output>
        </test-method> <!-- driverkill -->
      </class> <!-- com.vaultify.vaultify_platform.Talk_to_Expert_Module -->
    </test> <!-- Default test -->
  </suite> <!-- Default suite -->
</testng-results>
