<?xml version="1.0" encoding="UTF-8"?>
<testng-results ignored="8" total="9" passed="1" failed="0" skipped="0">
  <reporter-output>
  </reporter-output>
  <suite started-at="2025-07-22T18:37:58 IST" name="Default suite" finished-at="2025-07-22T18:38:37 IST" duration-ms="39752">
    <groups>
    </groups>
    <test started-at="2025-07-22T18:37:58 IST" name="Default test" finished-at="2025-07-22T18:38:37 IST" duration-ms="39752">
      <class name="com.vaultify.vaultify_platform.user_module">
        <test-method is-config="true" signature="setUP()[pri:0, instance:com.vaultify.vaultify_platform.user_module@6c779568]" started-at="2025-07-22T18:37:58 IST" name="setUP" finished-at="2025-07-22T18:38:00 IST" duration-ms="1859" status="PASS">
          <reporter-output>
          </reporter-output>
        </test-method> <!-- setUP -->
        <test-method signature="user_details_listed_propertyname_matcher()[pri:0, instance:com.vaultify.vaultify_platform.user_module@6c779568]" started-at="2025-07-22T18:38:00 IST" name="user_details_listed_propertyname_matcher" finished-at="2025-07-22T18:38:37 IST" duration-ms="37587" status="PASS">
          <reporter-output>
          </reporter-output>
        </test-method> <!-- user_details_listed_propertyname_matcher -->
        <test-method is-config="true" signature="driverkill()[pri:0, instance:com.vaultify.vaultify_platform.user_module@6c779568]" started-at="2025-07-22T18:38:37 IST" name="driverkill" finished-at="2025-07-22T18:38:37 IST" duration-ms="249" status="PASS">
          <reporter-output>
          </reporter-output>
        </test-method> <!-- driverkill -->
      </class> <!-- com.vaultify.vaultify_platform.user_module -->
    </test> <!-- Default test -->
  </suite> <!-- Default suite -->
</testng-results>
