<?xml version="1.0" encoding="UTF-8"?>
<testng-results ignored="10" total="11" passed="1" failed="0" skipped="0">
  <reporter-output>
  </reporter-output>
  <suite started-at="2025-08-13T15:25:10 IST" name="Default suite" finished-at="2025-08-13T15:25:49 IST" duration-ms="38501">
    <groups>
    </groups>
    <test started-at="2025-08-13T15:25:10 IST" name="Default test" finished-at="2025-08-13T15:25:49 IST" duration-ms="38501">
      <class name="com.vaultify.vaultify_platform.Bidding_management">
        <test-method is-config="true" signature="setUP()[pri:0, instance:com.vaultify.vaultify_platform.Bidding_management@2525ff7e]" started-at="2025-08-13T15:25:10 IST" name="setUP" finished-at="2025-08-13T15:25:14 IST" duration-ms="3923" status="PASS">
          <reporter-output>
          </reporter-output>
        </test-method> <!-- setUP -->
        <test-method signature="Active_bid_Details_Accessor()[pri:0, instance:com.vaultify.vaultify_platform.Bidding_management@2525ff7e]" started-at="2025-08-13T15:25:14 IST" name="Active_bid_Details_Accessor" finished-at="2025-08-13T15:25:49 IST" duration-ms="34259" status="PASS">
          <reporter-output>
          </reporter-output>
        </test-method> <!-- Active_bid_Details_Accessor -->
        <test-method is-config="true" signature="driverkill()[pri:0, instance:com.vaultify.vaultify_platform.Bidding_management@2525ff7e]" started-at="2025-08-13T15:25:49 IST" name="driverkill" finished-at="2025-08-13T15:25:49 IST" duration-ms="267" status="PASS">
          <reporter-output>
          </reporter-output>
        </test-method> <!-- driverkill -->
      </class> <!-- com.vaultify.vaultify_platform.Bidding_management -->
    </test> <!-- Default test -->
  </suite> <!-- Default suite -->
</testng-results>
