<?xml version="1.0" encoding="UTF-8"?>
<testng-results ignored="5" total="6" passed="1" failed="0" skipped="0">
  <reporter-output>
  </reporter-output>
  <suite started-at="2025-06-27T20:30:14 IST" name="Default suite" finished-at="2025-06-27T20:30:40 IST" duration-ms="26196">
    <groups>
    </groups>
    <test started-at="2025-06-27T20:30:14 IST" name="Default test" finished-at="2025-06-27T20:30:40 IST" duration-ms="26196">
      <class name="com.vaultify.vaultify_platform.Property_management">
        <test-method is-config="true" signature="setUP()[pri:0, instance:com.vaultify.vaultify_platform.Property_management@609db43b]" started-at="2025-06-27T20:30:14 IST" name="setUP" finished-at="2025-06-27T20:30:16 IST" duration-ms="2120" status="PASS">
          <reporter-output>
          </reporter-output>
        </test-method> <!-- setUP -->
        <test-method signature="Property_Staff_assign()[pri:0, instance:com.vaultify.vaultify_platform.Property_management@609db43b]" started-at="2025-06-27T20:30:16 IST" name="Property_Staff_assign" finished-at="2025-06-27T20:30:40 IST" duration-ms="23821" status="PASS">
          <reporter-output>
          </reporter-output>
        </test-method> <!-- Property_Staff_assign -->
        <test-method is-config="true" signature="driverkill()[pri:0, instance:com.vaultify.vaultify_platform.Property_management@609db43b]" started-at="2025-06-27T20:30:40 IST" name="driverkill" finished-at="2025-06-27T20:30:40 IST" duration-ms="209" status="PASS">
          <reporter-output>
          </reporter-output>
        </test-method> <!-- driverkill -->
      </class> <!-- com.vaultify.vaultify_platform.Property_management -->
    </test> <!-- Default test -->
  </suite> <!-- Default suite -->
</testng-results>
