<?xml version="1.0" encoding="UTF-8"?>
<testng-results ignored="12" total="13" passed="1" failed="0" skipped="0">
  <reporter-output>
  </reporter-output>
  <suite started-at="2025-08-07T15:30:45 IST" name="Default suite" finished-at="2025-08-07T15:31:41 IST" duration-ms="56599">
    <groups>
    </groups>
    <test started-at="2025-08-07T15:30:45 IST" name="Default test" finished-at="2025-08-07T15:31:41 IST" duration-ms="56599">
      <class name="com.vaultify.vaultify_platform.Service_ReFund">
        <test-method is-config="true" signature="setUP()[pri:0, instance:com.vaultify.vaultify_platform.Service_ReFund@776b83cc]" started-at="2025-08-07T15:30:45 IST" name="setUP" finished-at="2025-08-07T15:30:47 IST" duration-ms="2629" status="PASS">
          <reporter-output>
          </reporter-output>
        </test-method> <!-- setUP -->
        <test-method signature="Initiate_refund()[pri:0, instance:com.vaultify.vaultify_platform.Service_ReFund@776b83cc]" started-at="2025-08-07T15:30:47 IST" name="Initiate_refund" finished-at="2025-08-07T15:31:41 IST" duration-ms="53690" status="PASS">
          <reporter-output>
          </reporter-output>
        </test-method> <!-- Initiate_refund -->
        <test-method is-config="true" signature="driverkill()[pri:0, instance:com.vaultify.vaultify_platform.Service_ReFund@776b83cc]" started-at="2025-08-07T15:31:41 IST" name="driverkill" finished-at="2025-08-07T15:31:41 IST" duration-ms="215" status="PASS">
          <reporter-output>
          </reporter-output>
        </test-method> <!-- driverkill -->
      </class> <!-- com.vaultify.vaultify_platform.Service_ReFund -->
    </test> <!-- Default test -->
  </suite> <!-- Default suite -->
</testng-results>
