<?xml version="1.0" encoding="UTF-8"?>
<testng-results ignored="0" total="8" passed="6" failed="2" skipped="0">
  <reporter-output>
  </reporter-output>
  <suite started-at="2025-06-21T20:37:55 IST" name="Suite" finished-at="2025-06-21T20:39:09 IST" duration-ms="74347">
    <groups>
    </groups>
    <test started-at="2025-06-21T20:37:55 IST" name="Test" finished-at="2025-06-21T20:39:09 IST" duration-ms="74347">
      <class name="Validations_check.Login_validations">
        <test-method signature="invalid_login(java.lang.String,java.lang.String,java.lang.String,java.lang.String)[pri:0, instance:Validations_check.Login_validations@3c9754d8]" started-at="2025-06-21T20:37:55 IST" name="invalid_login" data-provider="datas" finished-at="2025-06-21T20:39:09 IST" duration-ms="74328" status="FAIL">
          <exception class="org.testng.internal.reflect.MethodMatcherException">
            <message>
              <![CDATA[
[public void Validations_check.Login_validations.invalid_login(java.lang.String,java.lang.String,java.lang.String,java.lang.String) throws java.io.IOException,java.lang.InterruptedException,java.awt.AWTException] has no parameters defined but was found to be using a data provider (either explicitly specified or inherited from class level annotation).
Data provider mismatch
Method: invalid_login([Parameter{index=0, type=java.lang.String, declaredAnnotations=[]}, Parameter{index=1, type=java.lang.String, declaredAnnotations=[]}, Parameter{index=2, type=java.lang.String, declaredAnnotations=[]}, Parameter{index=3, type=java.lang.String, declaredAnnotations=[]}])
Arguments: [(java.lang.String) atanu@matrixnmedia.com,(java.lang.String) 9090909090,(java.lang.String) wrongpass]]]>
            </message>
            <full-stacktrace>
              <![CDATA[org.testng.internal.reflect.MethodMatcherException: 
[public void Validations_check.Login_validations.invalid_login(java.lang.String,java.lang.String,java.lang.String,java.lang.String) throws java.io.IOException,java.lang.InterruptedException,java.awt.AWTException] has no parameters defined but was found to be using a data provider (either explicitly specified or inherited from class level annotation).
Data provider mismatch
Method: invalid_login([Parameter{index=0, type=java.lang.String, declaredAnnotations=[]}, Parameter{index=1, type=java.lang.String, declaredAnnotations=[]}, Parameter{index=2, type=java.lang.String, declaredAnnotations=[]}, Parameter{index=3, type=java.lang.String, declaredAnnotations=[]}])
Arguments: [(java.lang.String) atanu@matrixnmedia.com,(java.lang.String) 9090909090,(java.lang.String) wrongpass]
at org.testng.internal.reflect.DataProviderMethodMatcher.getConformingArguments(DataProviderMethodMatcher.java:43)
at org.testng.internal.Parameters.injectParameters(Parameters.java:914)
at org.testng.internal.MethodRunner.runInSequence(MethodRunner.java:34)
at org.testng.internal.TestInvoker$MethodInvocationAgent.invoke(TestInvoker.java:824)
at org.testng.internal.TestInvoker.invokeTestMethods(TestInvoker.java:146)
at org.testng.internal.TestMethodWorker.invokeTestMethods(TestMethodWorker.java:146)
at org.testng.internal.TestMethodWorker.run(TestMethodWorker.java:128)
at java.base/java.util.ArrayList.forEach(ArrayList.java:1597)
at org.testng.TestRunner.privateRun(TestRunner.java:794)
at org.testng.TestRunner.run(TestRunner.java:596)
at org.testng.SuiteRunner.runTest(SuiteRunner.java:377)
at org.testng.SuiteRunner.runSequentially(SuiteRunner.java:371)
at org.testng.SuiteRunner.privateRun(SuiteRunner.java:332)
at org.testng.SuiteRunner.run(SuiteRunner.java:276)
at org.testng.SuiteRunnerWorker.runSuite(SuiteRunnerWorker.java:53)
at org.testng.SuiteRunnerWorker.run(SuiteRunnerWorker.java:96)
at org.testng.TestNG.runSuitesSequentially(TestNG.java:1212)
at org.testng.TestNG.runSuitesLocally(TestNG.java:1134)
at org.testng.TestNG.runSuites(TestNG.java:1063)
at org.testng.TestNG.run(TestNG.java:1031)
at org.testng.remote.AbstractRemoteTestNG.run(AbstractRemoteTestNG.java:115)
at org.testng.remote.RemoteTestNG.initAndRun(RemoteTestNG.java:293)
at org.testng.remote.RemoteTestNG.main(RemoteTestNG.java:91)
]]>
            </full-stacktrace>
          </exception> <!-- org.testng.internal.reflect.MethodMatcherException -->
          <reporter-output>
          </reporter-output>
        </test-method> <!-- invalid_login -->
        <test-method is-config="true" signature="setUP()[pri:0, instance:Validations_check.Login_validations@3c9754d8]" started-at="2025-06-21T20:37:55 IST" name="setUP" finished-at="2025-06-21T20:38:00 IST" duration-ms="4933" status="PASS">
          <reporter-output>
          </reporter-output>
        </test-method> <!-- setUP -->
        <test-method signature="invalid_login(java.lang.String,java.lang.String,java.lang.String,java.lang.String)[pri:0, instance:Validations_check.Login_validations@3c9754d8]" started-at="2025-06-21T20:38:00 IST" name="invalid_login" data-provider="datas" finished-at="2025-06-21T20:38:10 IST" duration-ms="10145" status="PASS">
          <params>
            <param index="0">
              <value>
                <![CDATA[atanumatrixmedia.com]]>
              </value>
            </param>
            <param index="1">
              <value>
                <![CDATA[9090909090]]>
              </value>
            </param>
            <param index="2">
              <value>
                <![CDATA[peter@123]]>
              </value>
            </param>
            <param index="3">
              <value>
                <![CDATA[Invalid Email formats]]>
              </value>
            </param>
          </params>
          <reporter-output>
          </reporter-output>
        </test-method> <!-- invalid_login -->
        <test-method is-config="true" signature="driverkill()[pri:0, instance:Validations_check.Login_validations@3c9754d8]" started-at="2025-06-21T20:38:10 IST" name="driverkill" finished-at="2025-06-21T20:38:11 IST" duration-ms="819" status="PASS">
          <reporter-output>
          </reporter-output>
        </test-method> <!-- driverkill -->
        <test-method is-config="true" signature="setUP()[pri:0, instance:Validations_check.Login_validations@3c9754d8]" started-at="2025-06-21T20:38:11 IST" name="setUP" finished-at="2025-06-21T20:38:12 IST" duration-ms="1541" status="PASS">
          <reporter-output>
          </reporter-output>
        </test-method> <!-- setUP -->
        <test-method signature="invalid_login(java.lang.String,java.lang.String,java.lang.String,java.lang.String)[pri:0, instance:Validations_check.Login_validations@3c9754d8]" started-at="2025-06-21T20:38:12 IST" name="invalid_login" data-provider="datas" finished-at="2025-06-21T20:38:17 IST" duration-ms="4932" status="PASS">
          <params>
            <param index="0">
              <value>
                <![CDATA[atanu@]]>
              </value>
            </param>
            <param index="1">
              <value>
                <![CDATA[9090909090]]>
              </value>
            </param>
            <param index="2">
              <value>
                <![CDATA[peter@123]]>
              </value>
            </param>
            <param index="3">
              <value>
                <![CDATA[Invalid Email formats]]>
              </value>
            </param>
          </params>
          <reporter-output>
          </reporter-output>
        </test-method> <!-- invalid_login -->
        <test-method is-config="true" signature="driverkill()[pri:0, instance:Validations_check.Login_validations@3c9754d8]" started-at="2025-06-21T20:38:17 IST" name="driverkill" finished-at="2025-06-21T20:38:18 IST" duration-ms="773" status="PASS">
          <reporter-output>
          </reporter-output>
        </test-method> <!-- driverkill -->
        <test-method is-config="true" signature="setUP()[pri:0, instance:Validations_check.Login_validations@3c9754d8]" started-at="2025-06-21T20:38:18 IST" name="setUP" finished-at="2025-06-21T20:38:20 IST" duration-ms="1746" status="PASS">
          <reporter-output>
          </reporter-output>
        </test-method> <!-- setUP -->
        <test-method signature="invalid_login(java.lang.String,java.lang.String,java.lang.String,java.lang.String)[pri:0, instance:Validations_check.Login_validations@3c9754d8]" started-at="2025-06-21T20:38:20 IST" name="invalid_login" data-provider="datas" finished-at="2025-06-21T20:38:24 IST" duration-ms="4602" status="PASS">
          <params>
            <param index="0">
              <value>
                <![CDATA[@matrixmedia.com]]>
              </value>
            </param>
            <param index="1">
              <value>
                <![CDATA[9090909090]]>
              </value>
            </param>
            <param index="2">
              <value>
                <![CDATA[peter@123]]>
              </value>
            </param>
            <param index="3">
              <value>
                <![CDATA[Invalid Email formats]]>
              </value>
            </param>
          </params>
          <reporter-output>
          </reporter-output>
        </test-method> <!-- invalid_login -->
        <test-method is-config="true" signature="driverkill()[pri:0, instance:Validations_check.Login_validations@3c9754d8]" started-at="2025-06-21T20:38:24 IST" name="driverkill" finished-at="2025-06-21T20:38:25 IST" duration-ms="618" status="PASS">
          <reporter-output>
          </reporter-output>
        </test-method> <!-- driverkill -->
        <test-method is-config="true" signature="setUP()[pri:0, instance:Validations_check.Login_validations@3c9754d8]" started-at="2025-06-21T20:38:25 IST" name="setUP" finished-at="2025-06-21T20:38:26 IST" duration-ms="1437" status="PASS">
          <reporter-output>
          </reporter-output>
        </test-method> <!-- setUP -->
        <test-method signature="invalid_login(java.lang.String,java.lang.String,java.lang.String,java.lang.String)[pri:0, instance:Validations_check.Login_validations@3c9754d8]" started-at="2025-06-21T20:38:26 IST" name="invalid_login" data-provider="datas" finished-at="2025-06-21T20:38:32 IST" duration-ms="5617" status="PASS">
          <params>
            <param index="0">
              <value>
                <![CDATA[]]>
              </value>
            </param>
            <param index="1">
              <value>
                <![CDATA[9090909090]]>
              </value>
            </param>
            <param index="2">
              <value>
                <![CDATA[peter@123]]>
              </value>
            </param>
            <param index="3">
              <value>
                <![CDATA[Invalid Email formats]]>
              </value>
            </param>
          </params>
          <reporter-output>
          </reporter-output>
        </test-method> <!-- invalid_login -->
        <test-method is-config="true" signature="driverkill()[pri:0, instance:Validations_check.Login_validations@3c9754d8]" started-at="2025-06-21T20:38:32 IST" name="driverkill" finished-at="2025-06-21T20:38:33 IST" duration-ms="661" status="PASS">
          <reporter-output>
          </reporter-output>
        </test-method> <!-- driverkill -->
        <test-method is-config="true" signature="setUP()[pri:0, instance:Validations_check.Login_validations@3c9754d8]" started-at="2025-06-21T20:38:33 IST" name="setUP" finished-at="2025-06-21T20:38:34 IST" duration-ms="1440" status="PASS">
          <reporter-output>
          </reporter-output>
        </test-method> <!-- setUP -->
        <test-method signature="invalid_login(java.lang.String,java.lang.String,java.lang.String,java.lang.String)[pri:0, instance:Validations_check.Login_validations@3c9754d8]" started-at="2025-06-21T20:38:34 IST" name="invalid_login" data-provider="datas" finished-at="2025-06-21T20:38:40 IST" duration-ms="6212" status="PASS">
          <params>
            <param index="0">
              <value>
                <![CDATA[atanu@matrixnmedia.com]]>
              </value>
            </param>
            <param index="1">
              <value>
                <![CDATA[+91 9090]]>
              </value>
            </param>
            <param index="2">
              <value>
                <![CDATA[peter@123]]>
              </value>
            </param>
            <param index="3">
              <value>
                <![CDATA[Invalid Phone Numbers]]>
              </value>
            </param>
          </params>
          <reporter-output>
          </reporter-output>
        </test-method> <!-- invalid_login -->
        <test-method is-config="true" signature="driverkill()[pri:0, instance:Validations_check.Login_validations@3c9754d8]" started-at="2025-06-21T20:38:40 IST" name="driverkill" finished-at="2025-06-21T20:38:41 IST" duration-ms="802" status="PASS">
          <reporter-output>
          </reporter-output>
        </test-method> <!-- driverkill -->
        <test-method is-config="true" signature="setUP()[pri:0, instance:Validations_check.Login_validations@3c9754d8]" started-at="2025-06-21T20:38:41 IST" name="setUP" finished-at="2025-06-21T20:38:42 IST" duration-ms="1420" status="PASS">
          <reporter-output>
          </reporter-output>
        </test-method> <!-- setUP -->
        <test-method signature="invalid_login(java.lang.String,java.lang.String,java.lang.String,java.lang.String)[pri:0, instance:Validations_check.Login_validations@3c9754d8]" started-at="2025-06-21T20:38:42 IST" name="invalid_login" data-provider="datas" finished-at="2025-06-21T20:38:59 IST" duration-ms="16337" status="FAIL">
          <params>
            <param index="0">
              <value>
                <![CDATA[atanu@matrixnmedia.com]]>
              </value>
            </param>
            <param index="1">
              <value>
                <![CDATA[90909090ab]]>
              </value>
            </param>
            <param index="2">
              <value>
                <![CDATA[peter@123]]>
              </value>
            </param>
            <param index="3">
              <value>
                <![CDATA[Invalid Phone Numbers]]>
              </value>
            </param>
          </params>
          <exception class="org.openqa.selenium.TimeoutException">
            <message>
              <![CDATA[Expected condition failed: waiting for visibility of Proxy element for: DefaultElementLocator 'By.xpath: //*[@class='text-red-500 text-sm']' (tried for 10 second(s) with 500 milliseconds interval)]]>
            </message>
            <full-stacktrace>
              <![CDATA[org.openqa.selenium.TimeoutException: Expected condition failed: waiting for visibility of Proxy element for: DefaultElementLocator 'By.xpath: //*[@class='text-red-500 text-sm']' (tried for 10 second(s) with 500 milliseconds interval)
at org.openqa.selenium.support.ui.WebDriverWait.timeoutException(WebDriverWait.java:84)
at org.openqa.selenium.support.ui.FluentWait.until(FluentWait.java:228)
at com.vaultify.Repeat_codes.Repeatative_Codes.WebElement_wait(Repeatative_Codes.java:29)
at Locators.pom.Login_locaters.error_message(Login_locaters.java:96)
at Validations_check.Login_validations.invalid_login(Login_validations.java:49)
at java.base/jdk.internal.reflect.DirectMethodHandleAccessor.invoke(DirectMethodHandleAccessor.java:103)
at java.base/java.lang.reflect.Method.invoke(Method.java:580)
at org.testng.internal.MethodInvocationHelper.invokeMethod(MethodInvocationHelper.java:133)
at org.testng.internal.TestInvoker.invokeMethod(TestInvoker.java:598)
at org.testng.internal.TestInvoker.invokeTestMethod(TestInvoker.java:173)
at org.testng.internal.MethodRunner.runInSequence(MethodRunner.java:46)
at org.testng.internal.TestInvoker$MethodInvocationAgent.invoke(TestInvoker.java:824)
at org.testng.internal.TestInvoker.invokeTestMethods(TestInvoker.java:146)
at org.testng.internal.TestMethodWorker.invokeTestMethods(TestMethodWorker.java:146)
at org.testng.internal.TestMethodWorker.run(TestMethodWorker.java:128)
at java.base/java.util.ArrayList.forEach(ArrayList.java:1597)
at org.testng.TestRunner.privateRun(TestRunner.java:794)
at org.testng.TestRunner.run(TestRunner.java:596)
at org.testng.SuiteRunner.runTest(SuiteRunner.java:377)
at org.testng.SuiteRunner.runSequentially(SuiteRunner.java:371)
at org.testng.SuiteRunner.privateRun(SuiteRunner.java:332)
at org.testng.SuiteRunner.run(SuiteRunner.java:276)
at org.testng.SuiteRunnerWorker.runSuite(SuiteRunnerWorker.java:53)
at org.testng.SuiteRunnerWorker.run(SuiteRunnerWorker.java:96)
at org.testng.TestNG.runSuitesSequentially(TestNG.java:1212)
at org.testng.TestNG.runSuitesLocally(TestNG.java:1134)
at org.testng.TestNG.runSuites(TestNG.java:1063)
at org.testng.TestNG.run(TestNG.java:1031)
at org.testng.remote.AbstractRemoteTestNG.run(AbstractRemoteTestNG.java:115)
at org.testng.remote.RemoteTestNG.initAndRun(RemoteTestNG.java:293)
at org.testng.remote.RemoteTestNG.main(RemoteTestNG.java:91)
Caused by: org.openqa.selenium.NoSuchElementException: no such element: Unable to locate element: {"method":"xpath","selector":"//*[@class='text-red-500 text-sm']"}
  (Session info: chrome=109.0.5414.168)
For documentation on this error, please visit: https://www.selenium.dev/documentation/webdriver/troubleshooting/errors#no-such-element-exception
Build info: version: '4.24.0', revision: '748ffc9bc3'
System info: os.name: 'Windows 8.1', os.arch: 'amd64', os.version: '6.3', java.version: '23.0.1'
Driver info: org.openqa.selenium.chrome.ChromeDriver
Command: [d074300ea2121ecec9f247fa399918e4, findElement {value=//*[@class='text-red-500 text-sm'], using=xpath}]
Capabilities {acceptInsecureCerts: false, browserName: chrome, browserVersion: 109.0.5414.168, chrome: {chromedriverVersion: 109.0.5414.74 (e7c5703604da..., userDataDir: C:\Users\user1\AppData\Loca...}, goog:chromeOptions: {debuggerAddress: localhost:59641}, networkConnectionEnabled: false, pageLoadStrategy: normal, platformName: windows, proxy: Proxy(), se:cdp: ws://localhost:59641/devtoo..., se:cdpVersion: 109.0.5414.168, setWindowRect: true, strictFileInteractability: false, timeouts: {implicit: 0, pageLoad: 300000, script: 30000}, unhandledPromptBehavior: dismiss and notify, webauthn:extension:credBlob: true, webauthn:extension:largeBlob: true, webauthn:virtualAuthenticators: true}
Session ID: d074300ea2121ecec9f247fa399918e4
at java.base/jdk.internal.reflect.DirectConstructorHandleAccessor.newInstance(DirectConstructorHandleAccessor.java:62)
at java.base/java.lang.reflect.Constructor.newInstanceWithCaller(Constructor.java:501)
at java.base/java.lang.reflect.Constructor.newInstance(Constructor.java:485)
at org.openqa.selenium.remote.ErrorCodec.decode(ErrorCodec.java:167)
at org.openqa.selenium.remote.codec.w3c.W3CHttpResponseCodec.decode(W3CHttpResponseCodec.java:138)
at org.openqa.selenium.remote.codec.w3c.W3CHttpResponseCodec.decode(W3CHttpResponseCodec.java:50)
at org.openqa.selenium.remote.HttpCommandExecutor.execute(HttpCommandExecutor.java:190)
at org.openqa.selenium.remote.service.DriverCommandExecutor.invokeExecute(DriverCommandExecutor.java:216)
at org.openqa.selenium.remote.service.DriverCommandExecutor.execute(DriverCommandExecutor.java:174)
at org.openqa.selenium.remote.RemoteWebDriver.execute(RemoteWebDriver.java:545)
at org.openqa.selenium.remote.ElementLocation$ElementFinder$2.findElement(ElementLocation.java:165)
at org.openqa.selenium.remote.ElementLocation.findElement(ElementLocation.java:59)
at org.openqa.selenium.remote.RemoteWebDriver.findElement(RemoteWebDriver.java:368)
at org.openqa.selenium.remote.RemoteWebDriver.findElement(RemoteWebDriver.java:362)
at org.openqa.selenium.support.pagefactory.DefaultElementLocator.findElement(DefaultElementLocator.java:68)
at org.openqa.selenium.support.pagefactory.internal.LocatingElementHandler.invoke(LocatingElementHandler.java:38)
at jdk.proxy2/jdk.proxy2.$Proxy14.isDisplayed(Unknown Source)
at org.openqa.selenium.support.ui.ExpectedConditions.elementIfVisible(ExpectedConditions.java:304)
at org.openqa.selenium.support.ui.ExpectedConditions$10.apply(ExpectedConditions.java:290)
at org.openqa.selenium.support.ui.ExpectedConditions$10.apply(ExpectedConditions.java:287)
at org.openqa.selenium.support.ui.FluentWait.until(FluentWait.java:203)
... 29 more
]]>
            </full-stacktrace>
          </exception> <!-- org.openqa.selenium.TimeoutException -->
          <reporter-output>
          </reporter-output>
        </test-method> <!-- invalid_login -->
        <test-method is-config="true" signature="driverkill()[pri:0, instance:Validations_check.Login_validations@3c9754d8]" started-at="2025-06-21T20:38:59 IST" name="driverkill" finished-at="2025-06-21T20:38:59 IST" duration-ms="712" status="PASS">
          <reporter-output>
          </reporter-output>
        </test-method> <!-- driverkill -->
        <test-method is-config="true" signature="setUP()[pri:0, instance:Validations_check.Login_validations@3c9754d8]" started-at="2025-06-21T20:38:59 IST" name="setUP" finished-at="2025-06-21T20:39:01 IST" duration-ms="1629" status="PASS">
          <reporter-output>
          </reporter-output>
        </test-method> <!-- setUP -->
        <test-method signature="invalid_login(java.lang.String,java.lang.String,java.lang.String,java.lang.String)[pri:0, instance:Validations_check.Login_validations@3c9754d8]" started-at="2025-06-21T20:39:01 IST" name="invalid_login" data-provider="datas" finished-at="2025-06-21T20:39:08 IST" duration-ms="7177" status="PASS">
          <params>
            <param index="0">
              <value>
                <![CDATA[atanu@matrixnmedia.com]]>
              </value>
            </param>
            <param index="1">
              <value>
                <![CDATA[]]>
              </value>
            </param>
            <param index="2">
              <value>
                <![CDATA[peter@123]]>
              </value>
            </param>
            <param index="3">
              <value>
                <![CDATA[Invalid Phone Numbers]]>
              </value>
            </param>
          </params>
          <reporter-output>
          </reporter-output>
        </test-method> <!-- invalid_login -->
        <test-method is-config="true" signature="driverkill()[pri:0, instance:Validations_check.Login_validations@3c9754d8]" started-at="2025-06-21T20:39:08 IST" name="driverkill" finished-at="2025-06-21T20:39:09 IST" duration-ms="739" status="PASS">
          <reporter-output>
          </reporter-output>
        </test-method> <!-- driverkill -->
      </class> <!-- Validations_check.Login_validations -->
    </test> <!-- Test -->
  </suite> <!-- Suite -->
</testng-results>
