<?xml version="1.0" encoding="UTF-8"?>
<testng-results ignored="5" total="6" passed="1" failed="0" skipped="0">
  <reporter-output>
  </reporter-output>
  <suite started-at="2025-08-05T18:59:28 IST" name="Default suite" finished-at="2025-08-05T19:00:05 IST" duration-ms="36878">
    <groups>
    </groups>
    <test started-at="2025-08-05T18:59:28 IST" name="Default test" finished-at="2025-08-05T19:00:05 IST" duration-ms="36878">
      <class name="com.vaultify.vaultify_platform.Grievance_Module">
        <test-method is-config="true" signature="setUP()[pri:0, instance:com.vaultify.vaultify_platform.Grievance_Module@53aad5d5]" started-at="2025-08-05T18:59:28 IST" name="setUP" finished-at="2025-08-05T18:59:31 IST" duration-ms="2601" status="PASS">
          <reporter-output>
          </reporter-output>
        </test-method> <!-- setUP -->
        <test-method signature="Grievance_staff_assign_check()[pri:0, instance:com.vaultify.vaultify_platform.Grievance_Module@53aad5d5]" started-at="2025-08-05T18:59:31 IST" name="Grievance_staff_assign_check" finished-at="2025-08-05T19:00:05 IST" duration-ms="34002" status="PASS">
          <reporter-output>
          </reporter-output>
        </test-method> <!-- Grievance_staff_assign_check -->
        <test-method is-config="true" signature="driverkill()[pri:0, instance:com.vaultify.vaultify_platform.Grievance_Module@53aad5d5]" started-at="2025-08-05T19:00:05 IST" name="driverkill" finished-at="2025-08-05T19:00:05 IST" duration-ms="204" status="PASS">
          <reporter-output>
          </reporter-output>
        </test-method> <!-- driverkill -->
      </class> <!-- com.vaultify.vaultify_platform.Grievance_Module -->
    </test> <!-- Default test -->
  </suite> <!-- Default suite -->
</testng-results>
