<?xml version="1.0" encoding="UTF-8"?>
<testng-results ignored="2" total="3" passed="1" failed="0" skipped="0">
  <reporter-output>
  </reporter-output>
  <suite started-at="2025-07-31T19:10:10 IST" name="Default suite" finished-at="2025-07-31T19:10:37 IST" duration-ms="27560">
    <groups>
    </groups>
    <test started-at="2025-07-31T19:10:10 IST" name="Default test" finished-at="2025-07-31T19:10:37 IST" duration-ms="27560">
      <class name="com.vaultify.vaultify_platform.FeedBack_Module">
        <test-method is-config="true" signature="setUP()[pri:0, instance:com.vaultify.vaultify_platform.FeedBack_Module@41c2284a]" started-at="2025-07-31T19:10:10 IST" name="setUP" finished-at="2025-07-31T19:10:12 IST" duration-ms="2293" status="PASS">
          <reporter-output>
          </reporter-output>
        </test-method> <!-- setUP -->
        <test-method signature="view_details()[pri:0, instance:com.vaultify.vaultify_platform.FeedBack_Module@41c2284a]" started-at="2025-07-31T19:10:12 IST" name="view_details" finished-at="2025-07-31T19:10:37 IST" duration-ms="25045" status="PASS">
          <reporter-output>
          </reporter-output>
        </test-method> <!-- view_details -->
        <test-method is-config="true" signature="driverkill()[pri:0, instance:com.vaultify.vaultify_platform.FeedBack_Module@41c2284a]" started-at="2025-07-31T19:10:37 IST" name="driverkill" finished-at="2025-07-31T19:10:37 IST" duration-ms="166" status="PASS">
          <reporter-output>
          </reporter-output>
        </test-method> <!-- driverkill -->
      </class> <!-- com.vaultify.vaultify_platform.FeedBack_Module -->
    </test> <!-- Default test -->
  </suite> <!-- Default suite -->
</testng-results>
