<?xml version="1.0" encoding="UTF-8"?>
<testng-results ignored="4" total="25" passed="17" failed="4" skipped="0">
  <reporter-output>
  </reporter-output>
  <suite started-at="2025-07-25T15:08:08 IST" name="Suite" finished-at="2025-07-25T15:20:47 IST" duration-ms="759323">
    <groups>
    </groups>
    <test started-at="2025-07-25T15:08:08 IST" name="Test" finished-at="2025-07-25T15:20:47 IST" duration-ms="759323">
      <class name="com.vaultify.vaultify_platform.Roles">
        <test-method is-config="true" signature="setUP()[pri:0, instance:com.vaultify.vaultify_platform.Roles@2b9ed6da]" started-at="2025-07-25T15:08:08 IST" name="setUP" finished-at="2025-07-25T15:08:11 IST" duration-ms="2511" status="PASS">
          <reporter-output>
          </reporter-output>
        </test-method> <!-- setUP -->
        <test-method signature="role_add(java.util.TreeMap)[pri:0, instance:com.vaultify.vaultify_platform.Roles@2b9ed6da]" started-at="2025-07-25T15:08:11 IST" name="role_add" data-provider="role_data" finished-at="2025-07-25T15:09:04 IST" duration-ms="53558" status="PASS">
          <params>
            <param index="0">
              <value>
                <![CDATA[{description=Monitors, categorizes, and resolves user support tickets efficiently., rolename=Support Ticket Analyst}]]>
              </value>
            </param>
          </params>
          <reporter-output>
          </reporter-output>
        </test-method> <!-- role_add -->
        <test-method is-config="true" signature="driverkill()[pri:0, instance:com.vaultify.vaultify_platform.Roles@2b9ed6da]" started-at="2025-07-25T15:09:04 IST" name="driverkill" finished-at="2025-07-25T15:09:04 IST" duration-ms="194" status="PASS">
          <reporter-output>
          </reporter-output>
        </test-method> <!-- driverkill -->
        <test-method is-config="true" signature="setUP()[pri:0, instance:com.vaultify.vaultify_platform.Roles@2b9ed6da]" started-at="2025-07-25T15:09:04 IST" name="setUP" finished-at="2025-07-25T15:09:05 IST" duration-ms="935" status="PASS">
          <reporter-output>
          </reporter-output>
        </test-method> <!-- setUP -->
        <test-method signature="role_add(java.util.TreeMap)[pri:0, instance:com.vaultify.vaultify_platform.Roles@2b9ed6da]" started-at="2025-07-25T15:09:05 IST" name="role_add" data-provider="role_data" finished-at="2025-07-25T15:09:58 IST" duration-ms="52775" status="PASS">
          <params>
            <param index="0">
              <value>
                <![CDATA[{description=Responsible for sourcing, filtering, and tagging potential leads across campaigns., rolename=Lead Generation Coordinator}]]>
              </value>
            </param>
          </params>
          <reporter-output>
          </reporter-output>
        </test-method> <!-- role_add -->
        <test-method is-config="true" signature="driverkill()[pri:0, instance:com.vaultify.vaultify_platform.Roles@2b9ed6da]" started-at="2025-07-25T15:09:58 IST" name="driverkill" finished-at="2025-07-25T15:09:58 IST" duration-ms="207" status="PASS">
          <reporter-output>
          </reporter-output>
        </test-method> <!-- driverkill -->
        <test-method is-config="true" signature="setUP()[pri:0, instance:com.vaultify.vaultify_platform.Roles@2b9ed6da]" started-at="2025-07-25T15:09:58 IST" name="setUP" finished-at="2025-07-25T15:09:59 IST" duration-ms="879" status="PASS">
          <reporter-output>
          </reporter-output>
        </test-method> <!-- setUP -->
        <test-method signature="role_add(java.util.TreeMap)[pri:0, instance:com.vaultify.vaultify_platform.Roles@2b9ed6da]" started-at="2025-07-25T15:09:59 IST" name="role_add" data-provider="role_data" finished-at="2025-07-25T15:10:51 IST" duration-ms="51523" status="PASS">
          <params>
            <param index="0">
              <value>
                <![CDATA[{description=Oversees referral logic, linking, and tracking reward validations., rolename=Referral Program Analyst}]]>
              </value>
            </param>
          </params>
          <reporter-output>
          </reporter-output>
        </test-method> <!-- role_add -->
        <test-method is-config="true" signature="driverkill()[pri:0, instance:com.vaultify.vaultify_platform.Roles@2b9ed6da]" started-at="2025-07-25T15:10:51 IST" name="driverkill" finished-at="2025-07-25T15:10:51 IST" duration-ms="221" status="PASS">
          <reporter-output>
          </reporter-output>
        </test-method> <!-- driverkill -->
        <test-method is-config="true" signature="setUP()[pri:0, instance:com.vaultify.vaultify_platform.Roles@2b9ed6da]" started-at="2025-07-25T15:10:51 IST" name="setUP" finished-at="2025-07-25T15:10:52 IST" duration-ms="829" status="PASS">
          <reporter-output>
          </reporter-output>
        </test-method> <!-- setUP -->
        <test-method signature="role_add(java.util.TreeMap)[pri:0, instance:com.vaultify.vaultify_platform.Roles@2b9ed6da]" started-at="2025-07-25T15:10:52 IST" name="role_add" data-provider="role_data" finished-at="2025-07-25T15:11:44 IST" duration-ms="51899" status="PASS">
          <params>
            <param index="0">
              <value>
                <![CDATA[{description=Validates uploaded KYC/property/legal documents for system approval., rolename=Document Verification Officer}]]>
              </value>
            </param>
          </params>
          <reporter-output>
          </reporter-output>
        </test-method> <!-- role_add -->
        <test-method is-config="true" signature="driverkill()[pri:0, instance:com.vaultify.vaultify_platform.Roles@2b9ed6da]" started-at="2025-07-25T15:11:44 IST" name="driverkill" finished-at="2025-07-25T15:11:44 IST" duration-ms="203" status="PASS">
          <reporter-output>
          </reporter-output>
        </test-method> <!-- driverkill -->
        <test-method is-config="true" signature="setUP()[pri:0, instance:com.vaultify.vaultify_platform.Roles@2b9ed6da]" started-at="2025-07-25T15:11:44 IST" name="setUP" finished-at="2025-07-25T15:11:45 IST" duration-ms="929" status="PASS">
          <reporter-output>
          </reporter-output>
        </test-method> <!-- setUP -->
        <test-method signature="role_add(java.util.TreeMap)[pri:0, instance:com.vaultify.vaultify_platform.Roles@2b9ed6da]" started-at="2025-07-25T15:11:45 IST" name="role_add" data-provider="role_data" finished-at="2025-07-25T15:12:37 IST" duration-ms="51785" status="PASS">
          <params>
            <param index="0">
              <value>
                <![CDATA[{description=Manages onboarding and training module uploads for facilitators and staff., rolename=Training Content Admin}]]>
              </value>
            </param>
          </params>
          <reporter-output>
          </reporter-output>
        </test-method> <!-- role_add -->
        <test-method is-config="true" signature="driverkill()[pri:0, instance:com.vaultify.vaultify_platform.Roles@2b9ed6da]" started-at="2025-07-25T15:12:37 IST" name="driverkill" finished-at="2025-07-25T15:12:37 IST" duration-ms="173" status="PASS">
          <reporter-output>
          </reporter-output>
        </test-method> <!-- driverkill -->
        <test-method is-config="true" signature="setUP()[pri:0, instance:com.vaultify.vaultify_platform.Roles@2b9ed6da]" started-at="2025-07-25T15:12:37 IST" name="setUP" finished-at="2025-07-25T15:12:38 IST" duration-ms="941" status="PASS">
          <reporter-output>
          </reporter-output>
        </test-method> <!-- setUP -->
        <test-method signature="role_add(java.util.TreeMap)[pri:0, instance:com.vaultify.vaultify_platform.Roles@2b9ed6da]" started-at="2025-07-25T15:12:38 IST" name="role_add" data-provider="role_data" finished-at="2025-07-25T15:13:29 IST" duration-ms="51689" status="PASS">
          <params>
            <param index="0">
              <value>
                <![CDATA[{description=Ensures property uploads and staff actions align with ATS approval guidelines., rolename=ATS Compliance Checker}]]>
              </value>
            </param>
          </params>
          <reporter-output>
          </reporter-output>
        </test-method> <!-- role_add -->
        <test-method is-config="true" signature="driverkill()[pri:0, instance:com.vaultify.vaultify_platform.Roles@2b9ed6da]" started-at="2025-07-25T15:13:29 IST" name="driverkill" finished-at="2025-07-25T15:13:30 IST" duration-ms="186" status="PASS">
          <reporter-output>
          </reporter-output>
        </test-method> <!-- driverkill -->
        <test-method is-config="true" signature="setUP()[pri:0, instance:com.vaultify.vaultify_platform.Roles@2b9ed6da]" started-at="2025-07-25T15:13:30 IST" name="setUP" finished-at="2025-07-25T15:13:31 IST" duration-ms="908" status="PASS">
          <reporter-output>
          </reporter-output>
        </test-method> <!-- setUP -->
        <test-method signature="role_add(java.util.TreeMap)[pri:0, instance:com.vaultify.vaultify_platform.Roles@2b9ed6da]" started-at="2025-07-25T15:13:31 IST" name="role_add" data-provider="role_data" finished-at="2025-07-25T15:14:21 IST" duration-ms="50898" status="PASS">
          <params>
            <param index="0">
              <value>
                <![CDATA[{description=Coordinates property geolocation inputs with satellite/map integration., rolename=Geo Mapping Assistant}]]>
              </value>
            </param>
          </params>
          <reporter-output>
          </reporter-output>
        </test-method> <!-- role_add -->
        <test-method is-config="true" signature="driverkill()[pri:0, instance:com.vaultify.vaultify_platform.Roles@2b9ed6da]" started-at="2025-07-25T15:14:21 IST" name="driverkill" finished-at="2025-07-25T15:14:22 IST" duration-ms="184" status="PASS">
          <reporter-output>
          </reporter-output>
        </test-method> <!-- driverkill -->
        <test-method is-config="true" signature="setUP()[pri:0, instance:com.vaultify.vaultify_platform.Roles@2b9ed6da]" started-at="2025-07-25T15:14:22 IST" name="setUP" finished-at="2025-07-25T15:14:22 IST" duration-ms="822" status="PASS">
          <reporter-output>
          </reporter-output>
        </test-method> <!-- setUP -->
        <test-method signature="role_add(java.util.TreeMap)[pri:0, instance:com.vaultify.vaultify_platform.Roles@2b9ed6da]" started-at="2025-07-25T15:14:22 IST" name="role_add" data-provider="role_data" finished-at="2025-07-25T15:15:15 IST" duration-ms="52240" status="PASS">
          <params>
            <param index="0">
              <value>
                <![CDATA[{description=Assigns and maintains staff-level digital document signing rights., rolename=Digital Signature Manager}]]>
              </value>
            </param>
          </params>
          <reporter-output>
          </reporter-output>
        </test-method> <!-- role_add -->
        <test-method is-config="true" signature="driverkill()[pri:0, instance:com.vaultify.vaultify_platform.Roles@2b9ed6da]" started-at="2025-07-25T15:15:15 IST" name="driverkill" finished-at="2025-07-25T15:15:15 IST" duration-ms="173" status="PASS">
          <reporter-output>
          </reporter-output>
        </test-method> <!-- driverkill -->
        <test-method is-config="true" signature="setUP()[pri:0, instance:com.vaultify.vaultify_platform.Roles@2b9ed6da]" started-at="2025-07-25T15:15:15 IST" name="setUP" finished-at="2025-07-25T15:15:16 IST" duration-ms="893" status="PASS">
          <reporter-output>
          </reporter-output>
        </test-method> <!-- setUP -->
        <test-method signature="role_add(java.util.TreeMap)[pri:0, instance:com.vaultify.vaultify_platform.Roles@2b9ed6da]" started-at="2025-07-25T15:15:16 IST" name="role_add" data-provider="role_data" finished-at="2025-07-25T15:15:39 IST" duration-ms="23646" status="FAIL">
          <params>
            <param index="0">
              <value>
                <![CDATA[{description=Communicates with sellers, ensuring required uploads and payments are complete., rolename=Seller Relations Associate}]]>
              </value>
            </param>
          </params>
          <exception class="org.openqa.selenium.TimeoutException">
            <message>
              <![CDATA[Expected condition failed: waiting for visibility of Proxy element for: DefaultElementLocator 'By.xpath: (//*[text()='OTP.'])' (tried for 10 second(s) with 500 milliseconds interval)]]>
            </message>
            <full-stacktrace>
              <![CDATA[org.openqa.selenium.TimeoutException: Expected condition failed: waiting for visibility of Proxy element for: DefaultElementLocator 'By.xpath: (//*[text()='OTP.'])' (tried for 10 second(s) with 500 milliseconds interval)
at org.openqa.selenium.support.ui.WebDriverWait.timeoutException(WebDriverWait.java:84)
at org.openqa.selenium.support.ui.FluentWait.until(FluentWait.java:228)
at com.vaultify.Repeat_codes.Repeatative_Codes.WebElement_wait(Repeatative_Codes.java:29)
at Locators.pom.Login_locaters.OTP_page_Title(Login_locaters.java:75)
at com.vaultify.vaultify_platform.Admin_Login.otp_filler(Admin_Login.java:74)
at com.vaultify.vaultify_platform.Admin_Login.login(Admin_Login.java:49)
at com.vaultify.vaultify_platform.Admin_Modules_Access_and_check.TeamManagement(Admin_Modules_Access_and_check.java:88)
at com.vaultify.vaultify_platform.Roles.role_add(Staff_and_Team.java:311)
at java.base/jdk.internal.reflect.DirectMethodHandleAccessor.invoke(DirectMethodHandleAccessor.java:103)
at java.base/java.lang.reflect.Method.invoke(Method.java:580)
at org.testng.internal.invokers.MethodInvocationHelper.invokeMethod(MethodInvocationHelper.java:141)
at org.testng.internal.invokers.TestInvoker.invokeMethod(TestInvoker.java:687)
at org.testng.internal.invokers.TestInvoker.invokeTestMethod(TestInvoker.java:230)
at org.testng.internal.invokers.MethodRunner.runInSequence(MethodRunner.java:63)
at org.testng.internal.invokers.TestInvoker$MethodInvocationAgent.invoke(TestInvoker.java:995)
at org.testng.internal.invokers.TestInvoker.invokeTestMethods(TestInvoker.java:203)
at org.testng.internal.invokers.TestMethodWorker.invokeTestMethods(TestMethodWorker.java:154)
at org.testng.internal.invokers.TestMethodWorker.run(TestMethodWorker.java:134)
at java.base/java.util.ArrayList.forEach(ArrayList.java:1597)
at org.testng.TestRunner.privateRun(TestRunner.java:741)
at org.testng.TestRunner.run(TestRunner.java:616)
at org.testng.SuiteRunner.runTest(SuiteRunner.java:421)
at org.testng.SuiteRunner.runSequentially(SuiteRunner.java:413)
at org.testng.SuiteRunner.privateRun(SuiteRunner.java:373)
at org.testng.SuiteRunner.run(SuiteRunner.java:312)
at org.testng.SuiteRunnerWorker.runSuite(SuiteRunnerWorker.java:52)
at org.testng.SuiteRunnerWorker.run(SuiteRunnerWorker.java:95)
at org.testng.TestNG.runSuitesSequentially(TestNG.java:1274)
at org.testng.TestNG.runSuitesLocally(TestNG.java:1208)
at org.testng.TestNG.runSuites(TestNG.java:1112)
at org.testng.TestNG.run(TestNG.java:1079)
at org.testng.remote.AbstractRemoteTestNG.run(AbstractRemoteTestNG.java:115)
at org.testng.remote.RemoteTestNG.initAndRun(RemoteTestNG.java:293)
at org.testng.remote.RemoteTestNG.main(RemoteTestNG.java:91)
Caused by: org.openqa.selenium.NoSuchElementException: no such element: Unable to locate element: {"method":"xpath","selector":"(//*[text()='OTP.'])"}
  (Session info: chrome=138.0.7204.101)
For documentation on this error, please visit: https://www.selenium.dev/documentation/webdriver/troubleshooting/errors#no-such-element-exception
Build info: version: '4.24.0', revision: '748ffc9bc3'
System info: os.name: 'Windows 10', os.arch: 'amd64', os.version: '10.0', java.version: '23.0.2'
Driver info: org.openqa.selenium.chrome.ChromeDriver
Command: [b9530ed3f3e8936cbbf88c00e45c738e, findElement {value=(//*[text()='OTP.']), using=xpath}]
Capabilities {acceptInsecureCerts: false, browserName: chrome, browserVersion: 138.0.7204.101, chrome: {chromedriverVersion: 138.0.7204.168 (3e8d82e86e9..., userDataDir: C:\Users\PC-129\AppData\Loc...}, fedcm:accounts: true, goog:chromeOptions: {debuggerAddress: localhost:51443}, networkConnectionEnabled: false, pageLoadStrategy: normal, platformName: windows, proxy: Proxy(), se:cdp: ws://localhost:51443/devtoo..., se:cdpVersion: 138.0.7204.101, setWindowRect: true, strictFileInteractability: false, timeouts: {implicit: 0, pageLoad: 300000, script: 30000}, unhandledPromptBehavior: dismiss and notify, webauthn:extension:credBlob: true, webauthn:extension:largeBlob: true, webauthn:extension:minPinLength: true, webauthn:extension:prf: true, webauthn:virtualAuthenticators: true}
Session ID: b9530ed3f3e8936cbbf88c00e45c738e
at java.base/jdk.internal.reflect.DirectConstructorHandleAccessor.newInstance(DirectConstructorHandleAccessor.java:62)
at java.base/java.lang.reflect.Constructor.newInstanceWithCaller(Constructor.java:501)
at java.base/java.lang.reflect.Constructor.newInstance(Constructor.java:485)
at org.openqa.selenium.remote.ErrorCodec.decode(ErrorCodec.java:167)
at org.openqa.selenium.remote.codec.w3c.W3CHttpResponseCodec.decode(W3CHttpResponseCodec.java:138)
at org.openqa.selenium.remote.codec.w3c.W3CHttpResponseCodec.decode(W3CHttpResponseCodec.java:50)
at org.openqa.selenium.remote.HttpCommandExecutor.execute(HttpCommandExecutor.java:190)
at org.openqa.selenium.remote.service.DriverCommandExecutor.invokeExecute(DriverCommandExecutor.java:216)
at org.openqa.selenium.remote.service.DriverCommandExecutor.execute(DriverCommandExecutor.java:174)
at org.openqa.selenium.remote.RemoteWebDriver.execute(RemoteWebDriver.java:545)
at org.openqa.selenium.remote.ElementLocation$ElementFinder$2.findElement(ElementLocation.java:165)
at org.openqa.selenium.remote.ElementLocation.findElement(ElementLocation.java:59)
at org.openqa.selenium.remote.RemoteWebDriver.findElement(RemoteWebDriver.java:368)
at org.openqa.selenium.remote.RemoteWebDriver.findElement(RemoteWebDriver.java:362)
at org.openqa.selenium.support.pagefactory.DefaultElementLocator.findElement(DefaultElementLocator.java:68)
at org.openqa.selenium.support.pagefactory.internal.LocatingElementHandler.invoke(LocatingElementHandler.java:38)
at jdk.proxy2/jdk.proxy2.$Proxy17.isDisplayed(Unknown Source)
at org.openqa.selenium.support.ui.ExpectedConditions.elementIfVisible(ExpectedConditions.java:304)
at org.openqa.selenium.support.ui.ExpectedConditions$10.apply(ExpectedConditions.java:290)
at org.openqa.selenium.support.ui.ExpectedConditions$10.apply(ExpectedConditions.java:287)
at org.openqa.selenium.support.ui.FluentWait.until(FluentWait.java:203)
... 32 more
]]>
            </full-stacktrace>
          </exception> <!-- org.openqa.selenium.TimeoutException -->
          <reporter-output>
          </reporter-output>
        </test-method> <!-- role_add -->
        <test-method is-config="true" signature="driverkill()[pri:0, instance:com.vaultify.vaultify_platform.Roles@2b9ed6da]" started-at="2025-07-25T15:15:40 IST" name="driverkill" finished-at="2025-07-25T15:15:40 IST" duration-ms="136" status="PASS">
          <reporter-output>
          </reporter-output>
        </test-method> <!-- driverkill -->
        <test-method is-config="true" signature="setUP()[pri:0, instance:com.vaultify.vaultify_platform.Roles@2b9ed6da]" started-at="2025-07-25T15:15:40 IST" name="setUP" finished-at="2025-07-25T15:15:41 IST" duration-ms="937" status="PASS">
          <reporter-output>
          </reporter-output>
        </test-method> <!-- setUP -->
        <test-method signature="role_add(java.util.TreeMap)[pri:0, instance:com.vaultify.vaultify_platform.Roles@2b9ed6da]" started-at="2025-07-25T15:15:41 IST" name="role_add" data-provider="role_data" finished-at="2025-07-25T15:16:05 IST" duration-ms="24133" status="FAIL">
          <params>
            <param index="0">
              <value>
                <![CDATA[{description=Checks uploaded property photos/videos for compliance before approval., rolename=Property Audit Reviewer}]]>
              </value>
            </param>
          </params>
          <exception class="org.openqa.selenium.TimeoutException">
            <message>
              <![CDATA[Expected condition failed: waiting for visibility of Proxy element for: DefaultElementLocator 'By.xpath: (//*[text()='OTP.'])' (tried for 10 second(s) with 500 milliseconds interval)]]>
            </message>
            <full-stacktrace>
              <![CDATA[org.openqa.selenium.TimeoutException: Expected condition failed: waiting for visibility of Proxy element for: DefaultElementLocator 'By.xpath: (//*[text()='OTP.'])' (tried for 10 second(s) with 500 milliseconds interval)
at org.openqa.selenium.support.ui.WebDriverWait.timeoutException(WebDriverWait.java:84)
at org.openqa.selenium.support.ui.FluentWait.until(FluentWait.java:228)
at com.vaultify.Repeat_codes.Repeatative_Codes.WebElement_wait(Repeatative_Codes.java:29)
at Locators.pom.Login_locaters.OTP_page_Title(Login_locaters.java:75)
at com.vaultify.vaultify_platform.Admin_Login.otp_filler(Admin_Login.java:74)
at com.vaultify.vaultify_platform.Admin_Login.login(Admin_Login.java:49)
at com.vaultify.vaultify_platform.Admin_Modules_Access_and_check.TeamManagement(Admin_Modules_Access_and_check.java:88)
at com.vaultify.vaultify_platform.Roles.role_add(Staff_and_Team.java:311)
at java.base/jdk.internal.reflect.DirectMethodHandleAccessor.invoke(DirectMethodHandleAccessor.java:103)
at java.base/java.lang.reflect.Method.invoke(Method.java:580)
at org.testng.internal.invokers.MethodInvocationHelper.invokeMethod(MethodInvocationHelper.java:141)
at org.testng.internal.invokers.TestInvoker.invokeMethod(TestInvoker.java:687)
at org.testng.internal.invokers.TestInvoker.invokeTestMethod(TestInvoker.java:230)
at org.testng.internal.invokers.MethodRunner.runInSequence(MethodRunner.java:63)
at org.testng.internal.invokers.TestInvoker$MethodInvocationAgent.invoke(TestInvoker.java:995)
at org.testng.internal.invokers.TestInvoker.invokeTestMethods(TestInvoker.java:203)
at org.testng.internal.invokers.TestMethodWorker.invokeTestMethods(TestMethodWorker.java:154)
at org.testng.internal.invokers.TestMethodWorker.run(TestMethodWorker.java:134)
at java.base/java.util.ArrayList.forEach(ArrayList.java:1597)
at org.testng.TestRunner.privateRun(TestRunner.java:741)
at org.testng.TestRunner.run(TestRunner.java:616)
at org.testng.SuiteRunner.runTest(SuiteRunner.java:421)
at org.testng.SuiteRunner.runSequentially(SuiteRunner.java:413)
at org.testng.SuiteRunner.privateRun(SuiteRunner.java:373)
at org.testng.SuiteRunner.run(SuiteRunner.java:312)
at org.testng.SuiteRunnerWorker.runSuite(SuiteRunnerWorker.java:52)
at org.testng.SuiteRunnerWorker.run(SuiteRunnerWorker.java:95)
at org.testng.TestNG.runSuitesSequentially(TestNG.java:1274)
at org.testng.TestNG.runSuitesLocally(TestNG.java:1208)
at org.testng.TestNG.runSuites(TestNG.java:1112)
at org.testng.TestNG.run(TestNG.java:1079)
at org.testng.remote.AbstractRemoteTestNG.run(AbstractRemoteTestNG.java:115)
at org.testng.remote.RemoteTestNG.initAndRun(RemoteTestNG.java:293)
at org.testng.remote.RemoteTestNG.main(RemoteTestNG.java:91)
Caused by: org.openqa.selenium.NoSuchElementException: no such element: Unable to locate element: {"method":"xpath","selector":"(//*[text()='OTP.'])"}
  (Session info: chrome=138.0.7204.101)
For documentation on this error, please visit: https://www.selenium.dev/documentation/webdriver/troubleshooting/errors#no-such-element-exception
Build info: version: '4.24.0', revision: '748ffc9bc3'
System info: os.name: 'Windows 10', os.arch: 'amd64', os.version: '10.0', java.version: '23.0.2'
Driver info: org.openqa.selenium.chrome.ChromeDriver
Command: [8bb8447d5704862b70acac02a4d1df6e, findElement {value=(//*[text()='OTP.']), using=xpath}]
Capabilities {acceptInsecureCerts: false, browserName: chrome, browserVersion: 138.0.7204.101, chrome: {chromedriverVersion: 138.0.7204.168 (3e8d82e86e9..., userDataDir: C:\Users\PC-129\AppData\Loc...}, fedcm:accounts: true, goog:chromeOptions: {debuggerAddress: localhost:51473}, networkConnectionEnabled: false, pageLoadStrategy: normal, platformName: windows, proxy: Proxy(), se:cdp: ws://localhost:51473/devtoo..., se:cdpVersion: 138.0.7204.101, setWindowRect: true, strictFileInteractability: false, timeouts: {implicit: 0, pageLoad: 300000, script: 30000}, unhandledPromptBehavior: dismiss and notify, webauthn:extension:credBlob: true, webauthn:extension:largeBlob: true, webauthn:extension:minPinLength: true, webauthn:extension:prf: true, webauthn:virtualAuthenticators: true}
Session ID: 8bb8447d5704862b70acac02a4d1df6e
at java.base/jdk.internal.reflect.DirectConstructorHandleAccessor.newInstance(DirectConstructorHandleAccessor.java:62)
at java.base/java.lang.reflect.Constructor.newInstanceWithCaller(Constructor.java:501)
at java.base/java.lang.reflect.Constructor.newInstance(Constructor.java:485)
at org.openqa.selenium.remote.ErrorCodec.decode(ErrorCodec.java:167)
at org.openqa.selenium.remote.codec.w3c.W3CHttpResponseCodec.decode(W3CHttpResponseCodec.java:138)
at org.openqa.selenium.remote.codec.w3c.W3CHttpResponseCodec.decode(W3CHttpResponseCodec.java:50)
at org.openqa.selenium.remote.HttpCommandExecutor.execute(HttpCommandExecutor.java:190)
at org.openqa.selenium.remote.service.DriverCommandExecutor.invokeExecute(DriverCommandExecutor.java:216)
at org.openqa.selenium.remote.service.DriverCommandExecutor.execute(DriverCommandExecutor.java:174)
at org.openqa.selenium.remote.RemoteWebDriver.execute(RemoteWebDriver.java:545)
at org.openqa.selenium.remote.ElementLocation$ElementFinder$2.findElement(ElementLocation.java:165)
at org.openqa.selenium.remote.ElementLocation.findElement(ElementLocation.java:59)
at org.openqa.selenium.remote.RemoteWebDriver.findElement(RemoteWebDriver.java:368)
at org.openqa.selenium.remote.RemoteWebDriver.findElement(RemoteWebDriver.java:362)
at org.openqa.selenium.support.pagefactory.DefaultElementLocator.findElement(DefaultElementLocator.java:68)
at org.openqa.selenium.support.pagefactory.internal.LocatingElementHandler.invoke(LocatingElementHandler.java:38)
at jdk.proxy2/jdk.proxy2.$Proxy17.isDisplayed(Unknown Source)
at org.openqa.selenium.support.ui.ExpectedConditions.elementIfVisible(ExpectedConditions.java:304)
at org.openqa.selenium.support.ui.ExpectedConditions$10.apply(ExpectedConditions.java:290)
at org.openqa.selenium.support.ui.ExpectedConditions$10.apply(ExpectedConditions.java:287)
at org.openqa.selenium.support.ui.FluentWait.until(FluentWait.java:203)
... 32 more
]]>
            </full-stacktrace>
          </exception> <!-- org.openqa.selenium.TimeoutException -->
          <reporter-output>
          </reporter-output>
        </test-method> <!-- role_add -->
        <test-method is-config="true" signature="driverkill()[pri:0, instance:com.vaultify.vaultify_platform.Roles@2b9ed6da]" started-at="2025-07-25T15:16:05 IST" name="driverkill" finished-at="2025-07-25T15:16:05 IST" duration-ms="176" status="PASS">
          <reporter-output>
          </reporter-output>
        </test-method> <!-- driverkill -->
        <test-method is-config="true" signature="setUP()[pri:0, instance:com.vaultify.vaultify_platform.Roles@2b9ed6da]" started-at="2025-07-25T15:16:05 IST" name="setUP" finished-at="2025-07-25T15:16:06 IST" duration-ms="906" status="PASS">
          <reporter-output>
          </reporter-output>
        </test-method> <!-- setUP -->
        <test-method signature="delete_role(java.util.TreeMap)[pri:0, instance:com.vaultify.vaultify_platform.Roles@2b9ed6da]" started-at="2025-07-25T15:16:06 IST" name="delete_role" data-provider="role_data" finished-at="2025-07-25T15:16:36 IST" duration-ms="29774" status="PASS">
          <params>
            <param index="0">
              <value>
                <![CDATA[{description=Monitors, categorizes, and resolves user support tickets efficiently., rolename=Support Ticket Analyst}]]>
              </value>
            </param>
          </params>
          <reporter-output>
          </reporter-output>
        </test-method> <!-- delete_role -->
        <test-method is-config="true" signature="driverkill()[pri:0, instance:com.vaultify.vaultify_platform.Roles@2b9ed6da]" started-at="2025-07-25T15:16:36 IST" name="driverkill" finished-at="2025-07-25T15:16:36 IST" duration-ms="249" status="PASS">
          <reporter-output>
          </reporter-output>
        </test-method> <!-- driverkill -->
        <test-method is-config="true" signature="setUP()[pri:0, instance:com.vaultify.vaultify_platform.Roles@2b9ed6da]" started-at="2025-07-25T15:16:36 IST" name="setUP" finished-at="2025-07-25T15:16:37 IST" duration-ms="880" status="PASS">
          <reporter-output>
          </reporter-output>
        </test-method> <!-- setUP -->
        <test-method signature="delete_role(java.util.TreeMap)[pri:0, instance:com.vaultify.vaultify_platform.Roles@2b9ed6da]" started-at="2025-07-25T15:16:37 IST" name="delete_role" data-provider="role_data" finished-at="2025-07-25T15:17:04 IST" duration-ms="27385" status="PASS">
          <params>
            <param index="0">
              <value>
                <![CDATA[{description=Responsible for sourcing, filtering, and tagging potential leads across campaigns., rolename=Lead Generation Coordinator}]]>
              </value>
            </param>
          </params>
          <reporter-output>
          </reporter-output>
        </test-method> <!-- delete_role -->
        <test-method is-config="true" signature="driverkill()[pri:0, instance:com.vaultify.vaultify_platform.Roles@2b9ed6da]" started-at="2025-07-25T15:17:04 IST" name="driverkill" finished-at="2025-07-25T15:17:04 IST" duration-ms="232" status="PASS">
          <reporter-output>
          </reporter-output>
        </test-method> <!-- driverkill -->
        <test-method is-config="true" signature="setUP()[pri:0, instance:com.vaultify.vaultify_platform.Roles@2b9ed6da]" started-at="2025-07-25T15:17:04 IST" name="setUP" finished-at="2025-07-25T15:17:05 IST" duration-ms="859" status="PASS">
          <reporter-output>
          </reporter-output>
        </test-method> <!-- setUP -->
        <test-method signature="delete_role(java.util.TreeMap)[pri:0, instance:com.vaultify.vaultify_platform.Roles@2b9ed6da]" started-at="2025-07-25T15:17:05 IST" name="delete_role" data-provider="role_data" finished-at="2025-07-25T15:17:33 IST" duration-ms="27620" status="PASS">
          <params>
            <param index="0">
              <value>
                <![CDATA[{description=Oversees referral logic, linking, and tracking reward validations., rolename=Referral Program Analyst}]]>
              </value>
            </param>
          </params>
          <reporter-output>
          </reporter-output>
        </test-method> <!-- delete_role -->
        <test-method is-config="true" signature="driverkill()[pri:0, instance:com.vaultify.vaultify_platform.Roles@2b9ed6da]" started-at="2025-07-25T15:17:33 IST" name="driverkill" finished-at="2025-07-25T15:17:33 IST" duration-ms="232" status="PASS">
          <reporter-output>
          </reporter-output>
        </test-method> <!-- driverkill -->
        <test-method is-config="true" signature="setUP()[pri:0, instance:com.vaultify.vaultify_platform.Roles@2b9ed6da]" started-at="2025-07-25T15:17:33 IST" name="setUP" finished-at="2025-07-25T15:17:34 IST" duration-ms="892" status="PASS">
          <reporter-output>
          </reporter-output>
        </test-method> <!-- setUP -->
        <test-method signature="delete_role(java.util.TreeMap)[pri:0, instance:com.vaultify.vaultify_platform.Roles@2b9ed6da]" started-at="2025-07-25T15:17:34 IST" name="delete_role" data-provider="role_data" finished-at="2025-07-25T15:18:02 IST" duration-ms="28331" status="PASS">
          <params>
            <param index="0">
              <value>
                <![CDATA[{description=Validates uploaded KYC/property/legal documents for system approval., rolename=Document Verification Officer}]]>
              </value>
            </param>
          </params>
          <reporter-output>
          </reporter-output>
        </test-method> <!-- delete_role -->
        <test-method is-config="true" signature="driverkill()[pri:0, instance:com.vaultify.vaultify_platform.Roles@2b9ed6da]" started-at="2025-07-25T15:18:02 IST" name="driverkill" finished-at="2025-07-25T15:18:03 IST" duration-ms="204" status="PASS">
          <reporter-output>
          </reporter-output>
        </test-method> <!-- driverkill -->
        <test-method is-config="true" signature="setUP()[pri:0, instance:com.vaultify.vaultify_platform.Roles@2b9ed6da]" started-at="2025-07-25T15:18:03 IST" name="setUP" finished-at="2025-07-25T15:18:04 IST" duration-ms="906" status="PASS">
          <reporter-output>
          </reporter-output>
        </test-method> <!-- setUP -->
        <test-method signature="delete_role(java.util.TreeMap)[pri:0, instance:com.vaultify.vaultify_platform.Roles@2b9ed6da]" started-at="2025-07-25T15:18:04 IST" name="delete_role" data-provider="role_data" finished-at="2025-07-25T15:18:31 IST" duration-ms="27421" status="PASS">
          <params>
            <param index="0">
              <value>
                <![CDATA[{description=Manages onboarding and training module uploads for facilitators and staff., rolename=Training Content Admin}]]>
              </value>
            </param>
          </params>
          <reporter-output>
          </reporter-output>
        </test-method> <!-- delete_role -->
        <test-method is-config="true" signature="driverkill()[pri:0, instance:com.vaultify.vaultify_platform.Roles@2b9ed6da]" started-at="2025-07-25T15:18:31 IST" name="driverkill" finished-at="2025-07-25T15:18:31 IST" duration-ms="232" status="PASS">
          <reporter-output>
          </reporter-output>
        </test-method> <!-- driverkill -->
        <test-method is-config="true" signature="setUP()[pri:0, instance:com.vaultify.vaultify_platform.Roles@2b9ed6da]" started-at="2025-07-25T15:18:31 IST" name="setUP" finished-at="2025-07-25T15:18:32 IST" duration-ms="888" status="PASS">
          <reporter-output>
          </reporter-output>
        </test-method> <!-- setUP -->
        <test-method signature="delete_role(java.util.TreeMap)[pri:0, instance:com.vaultify.vaultify_platform.Roles@2b9ed6da]" started-at="2025-07-25T15:18:32 IST" name="delete_role" data-provider="role_data" finished-at="2025-07-25T15:19:00 IST" duration-ms="27820" status="PASS">
          <params>
            <param index="0">
              <value>
                <![CDATA[{description=Ensures property uploads and staff actions align with ATS approval guidelines., rolename=ATS Compliance Checker}]]>
              </value>
            </param>
          </params>
          <reporter-output>
          </reporter-output>
        </test-method> <!-- delete_role -->
        <test-method is-config="true" signature="driverkill()[pri:0, instance:com.vaultify.vaultify_platform.Roles@2b9ed6da]" started-at="2025-07-25T15:19:00 IST" name="driverkill" finished-at="2025-07-25T15:19:00 IST" duration-ms="247" status="PASS">
          <reporter-output>
          </reporter-output>
        </test-method> <!-- driverkill -->
        <test-method is-config="true" signature="setUP()[pri:0, instance:com.vaultify.vaultify_platform.Roles@2b9ed6da]" started-at="2025-07-25T15:19:00 IST" name="setUP" finished-at="2025-07-25T15:19:01 IST" duration-ms="910" status="PASS">
          <reporter-output>
          </reporter-output>
        </test-method> <!-- setUP -->
        <test-method signature="delete_role(java.util.TreeMap)[pri:0, instance:com.vaultify.vaultify_platform.Roles@2b9ed6da]" started-at="2025-07-25T15:19:01 IST" name="delete_role" data-provider="role_data" finished-at="2025-07-25T15:19:29 IST" duration-ms="27549" status="PASS">
          <params>
            <param index="0">
              <value>
                <![CDATA[{description=Coordinates property geolocation inputs with satellite/map integration., rolename=Geo Mapping Assistant}]]>
              </value>
            </param>
          </params>
          <reporter-output>
          </reporter-output>
        </test-method> <!-- delete_role -->
        <test-method is-config="true" signature="driverkill()[pri:0, instance:com.vaultify.vaultify_platform.Roles@2b9ed6da]" started-at="2025-07-25T15:19:29 IST" name="driverkill" finished-at="2025-07-25T15:19:29 IST" duration-ms="248" status="PASS">
          <reporter-output>
          </reporter-output>
        </test-method> <!-- driverkill -->
        <test-method is-config="true" signature="setUP()[pri:0, instance:com.vaultify.vaultify_platform.Roles@2b9ed6da]" started-at="2025-07-25T15:19:29 IST" name="setUP" finished-at="2025-07-25T15:19:30 IST" duration-ms="866" status="PASS">
          <reporter-output>
          </reporter-output>
        </test-method> <!-- setUP -->
        <test-method signature="delete_role(java.util.TreeMap)[pri:0, instance:com.vaultify.vaultify_platform.Roles@2b9ed6da]" started-at="2025-07-25T15:19:30 IST" name="delete_role" data-provider="role_data" finished-at="2025-07-25T15:19:57 IST" duration-ms="27669" status="PASS">
          <params>
            <param index="0">
              <value>
                <![CDATA[{description=Assigns and maintains staff-level digital document signing rights., rolename=Digital Signature Manager}]]>
              </value>
            </param>
          </params>
          <reporter-output>
          </reporter-output>
        </test-method> <!-- delete_role -->
        <test-method is-config="true" signature="driverkill()[pri:0, instance:com.vaultify.vaultify_platform.Roles@2b9ed6da]" started-at="2025-07-25T15:19:57 IST" name="driverkill" finished-at="2025-07-25T15:19:58 IST" duration-ms="224" status="PASS">
          <reporter-output>
          </reporter-output>
        </test-method> <!-- driverkill -->
        <test-method is-config="true" signature="setUP()[pri:0, instance:com.vaultify.vaultify_platform.Roles@2b9ed6da]" started-at="2025-07-25T15:19:58 IST" name="setUP" finished-at="2025-07-25T15:19:58 IST" duration-ms="754" status="PASS">
          <reporter-output>
          </reporter-output>
        </test-method> <!-- setUP -->
        <test-method signature="delete_role(java.util.TreeMap)[pri:0, instance:com.vaultify.vaultify_platform.Roles@2b9ed6da]" started-at="2025-07-25T15:19:58 IST" name="delete_role" data-provider="role_data" finished-at="2025-07-25T15:20:20 IST" duration-ms="21987" status="FAIL">
          <params>
            <param index="0">
              <value>
                <![CDATA[{description=Communicates with sellers, ensuring required uploads and payments are complete., rolename=Seller Relations Associate}]]>
              </value>
            </param>
          </params>
          <exception class="org.openqa.selenium.NoSuchElementException">
            <message>
              <![CDATA[no such element: Unable to locate element: {"method":"xpath","selector":".//h4[text()='Seller Relations Associate']"}
  (Session info: chrome=138.0.7204.101)
For documentation on this error, please visit: https://www.selenium.dev/documentation/webdriver/troubleshooting/errors#no-such-element-exception
Build info: version: '4.24.0', revision: '748ffc9bc3'
System info: os.name: 'Windows 10', os.arch: 'amd64', os.version: '10.0', java.version: '23.0.2'
Driver info: org.openqa.selenium.chrome.ChromeDriver
Command: [92bc419a9356bc9c33ae79cf044d2150, findChildElement {value=.//h4[text()='Seller Relations Associate'], using=xpath, id=f.B9E9339B7939E2D6CB3E9E6941294A97.d.9819EA630308DF071442F5165CC19AAE.e.122}]
Capabilities {acceptInsecureCerts: false, browserName: chrome, browserVersion: 138.0.7204.101, chrome: {chromedriverVersion: 138.0.7204.168 (3e8d82e86e9..., userDataDir: C:\Users\PC-129\AppData\Loc...}, fedcm:accounts: true, goog:chromeOptions: {debuggerAddress: localhost:51838}, networkConnectionEnabled: false, pageLoadStrategy: normal, platformName: windows, proxy: Proxy(), se:cdp: ws://localhost:51838/devtoo..., se:cdpVersion: 138.0.7204.101, setWindowRect: true, strictFileInteractability: false, timeouts: {implicit: 0, pageLoad: 300000, script: 30000}, unhandledPromptBehavior: dismiss and notify, webauthn:extension:credBlob: true, webauthn:extension:largeBlob: true, webauthn:extension:minPinLength: true, webauthn:extension:prf: true, webauthn:virtualAuthenticators: true}
Session ID: 92bc419a9356bc9c33ae79cf044d2150]]>
            </message>
            <full-stacktrace>
              <![CDATA[org.openqa.selenium.NoSuchElementException: no such element: Unable to locate element: {"method":"xpath","selector":".//h4[text()='Seller Relations Associate']"}
  (Session info: chrome=138.0.7204.101)
For documentation on this error, please visit: https://www.selenium.dev/documentation/webdriver/troubleshooting/errors#no-such-element-exception
Build info: version: '4.24.0', revision: '748ffc9bc3'
System info: os.name: 'Windows 10', os.arch: 'amd64', os.version: '10.0', java.version: '23.0.2'
Driver info: org.openqa.selenium.chrome.ChromeDriver
Command: [92bc419a9356bc9c33ae79cf044d2150, findChildElement {value=.//h4[text()='Seller Relations Associate'], using=xpath, id=f.B9E9339B7939E2D6CB3E9E6941294A97.d.9819EA630308DF071442F5165CC19AAE.e.122}]
Capabilities {acceptInsecureCerts: false, browserName: chrome, browserVersion: 138.0.7204.101, chrome: {chromedriverVersion: 138.0.7204.168 (3e8d82e86e9..., userDataDir: C:\Users\PC-129\AppData\Loc...}, fedcm:accounts: true, goog:chromeOptions: {debuggerAddress: localhost:51838}, networkConnectionEnabled: false, pageLoadStrategy: normal, platformName: windows, proxy: Proxy(), se:cdp: ws://localhost:51838/devtoo..., se:cdpVersion: 138.0.7204.101, setWindowRect: true, strictFileInteractability: false, timeouts: {implicit: 0, pageLoad: 300000, script: 30000}, unhandledPromptBehavior: dismiss and notify, webauthn:extension:credBlob: true, webauthn:extension:largeBlob: true, webauthn:extension:minPinLength: true, webauthn:extension:prf: true, webauthn:virtualAuthenticators: true}
Session ID: 92bc419a9356bc9c33ae79cf044d2150
at java.base/jdk.internal.reflect.DirectConstructorHandleAccessor.newInstance(DirectConstructorHandleAccessor.java:62)
at java.base/java.lang.reflect.Constructor.newInstanceWithCaller(Constructor.java:501)
at java.base/java.lang.reflect.Constructor.newInstance(Constructor.java:485)
at org.openqa.selenium.remote.ErrorCodec.decode(ErrorCodec.java:167)
at org.openqa.selenium.remote.codec.w3c.W3CHttpResponseCodec.decode(W3CHttpResponseCodec.java:138)
at org.openqa.selenium.remote.codec.w3c.W3CHttpResponseCodec.decode(W3CHttpResponseCodec.java:50)
at org.openqa.selenium.remote.HttpCommandExecutor.execute(HttpCommandExecutor.java:190)
at org.openqa.selenium.remote.service.DriverCommandExecutor.invokeExecute(DriverCommandExecutor.java:216)
at org.openqa.selenium.remote.service.DriverCommandExecutor.execute(DriverCommandExecutor.java:174)
at org.openqa.selenium.remote.RemoteWebDriver.execute(RemoteWebDriver.java:545)
at org.openqa.selenium.remote.ElementLocation$ElementFinder$2.findElement(ElementLocation.java:165)
at org.openqa.selenium.remote.ElementLocation.findElement(ElementLocation.java:59)
at org.openqa.selenium.remote.RemoteWebDriver.findElement(RemoteWebDriver.java:368)
at org.openqa.selenium.remote.RemoteWebElement.findElement(RemoteWebElement.java:211)
at java.base/jdk.internal.reflect.DirectMethodHandleAccessor.invoke(DirectMethodHandleAccessor.java:103)
at java.base/java.lang.reflect.Method.invoke(Method.java:580)
at org.openqa.selenium.support.pagefactory.internal.LocatingElementHandler.invoke(LocatingElementHandler.java:51)
at jdk.proxy2/jdk.proxy2.$Proxy17.findElement(Unknown Source)
at Locators.pom.Staff_employee_locators.roles(Staff_employee_locators.java:90)
at com.vaultify.vaultify_platform.Roles.delete_role(Staff_and_Team.java:461)
at java.base/jdk.internal.reflect.DirectMethodHandleAccessor.invoke(DirectMethodHandleAccessor.java:103)
at java.base/java.lang.reflect.Method.invoke(Method.java:580)
at org.testng.internal.invokers.MethodInvocationHelper.invokeMethod(MethodInvocationHelper.java:141)
at org.testng.internal.invokers.TestInvoker.invokeMethod(TestInvoker.java:687)
at org.testng.internal.invokers.TestInvoker.invokeTestMethod(TestInvoker.java:230)
at org.testng.internal.invokers.MethodRunner.runInSequence(MethodRunner.java:63)
at org.testng.internal.invokers.TestInvoker$MethodInvocationAgent.invoke(TestInvoker.java:995)
at org.testng.internal.invokers.TestInvoker.invokeTestMethods(TestInvoker.java:203)
at org.testng.internal.invokers.TestMethodWorker.invokeTestMethods(TestMethodWorker.java:154)
at org.testng.internal.invokers.TestMethodWorker.run(TestMethodWorker.java:134)
at java.base/java.util.ArrayList.forEach(ArrayList.java:1597)
at org.testng.TestRunner.privateRun(TestRunner.java:741)
at org.testng.TestRunner.run(TestRunner.java:616)
at org.testng.SuiteRunner.runTest(SuiteRunner.java:421)
at org.testng.SuiteRunner.runSequentially(SuiteRunner.java:413)
at org.testng.SuiteRunner.privateRun(SuiteRunner.java:373)
at org.testng.SuiteRunner.run(SuiteRunner.java:312)
at org.testng.SuiteRunnerWorker.runSuite(SuiteRunnerWorker.java:52)
at org.testng.SuiteRunnerWorker.run(SuiteRunnerWorker.java:95)
at org.testng.TestNG.runSuitesSequentially(TestNG.java:1274)
at org.testng.TestNG.runSuitesLocally(TestNG.java:1208)
at org.testng.TestNG.runSuites(TestNG.java:1112)
at org.testng.TestNG.run(TestNG.java:1079)
at org.testng.remote.AbstractRemoteTestNG.run(AbstractRemoteTestNG.java:115)
at org.testng.remote.RemoteTestNG.initAndRun(RemoteTestNG.java:293)
at org.testng.remote.RemoteTestNG.main(RemoteTestNG.java:91)
]]>
            </full-stacktrace>
          </exception> <!-- org.openqa.selenium.NoSuchElementException -->
          <reporter-output>
          </reporter-output>
        </test-method> <!-- delete_role -->
        <test-method is-config="true" signature="driverkill()[pri:0, instance:com.vaultify.vaultify_platform.Roles@2b9ed6da]" started-at="2025-07-25T15:20:21 IST" name="driverkill" finished-at="2025-07-25T15:20:21 IST" duration-ms="394" status="PASS">
          <reporter-output>
          </reporter-output>
        </test-method> <!-- driverkill -->
        <test-method is-config="true" signature="setUP()[pri:0, instance:com.vaultify.vaultify_platform.Roles@2b9ed6da]" started-at="2025-07-25T15:20:21 IST" name="setUP" finished-at="2025-07-25T15:20:22 IST" duration-ms="902" status="PASS">
          <reporter-output>
          </reporter-output>
        </test-method> <!-- setUP -->
        <test-method signature="delete_role(java.util.TreeMap)[pri:0, instance:com.vaultify.vaultify_platform.Roles@2b9ed6da]" started-at="2025-07-25T15:20:22 IST" name="delete_role" data-provider="role_data" finished-at="2025-07-25T15:20:46 IST" duration-ms="23941" status="FAIL">
          <params>
            <param index="0">
              <value>
                <![CDATA[{description=Checks uploaded property photos/videos for compliance before approval., rolename=Property Audit Reviewer}]]>
              </value>
            </param>
          </params>
          <exception class="org.openqa.selenium.TimeoutException">
            <message>
              <![CDATA[Expected condition failed: waiting for visibility of Proxy element for: DefaultElementLocator 'By.xpath: (//*[text()='OTP.'])' (tried for 10 second(s) with 500 milliseconds interval)]]>
            </message>
            <full-stacktrace>
              <![CDATA[org.openqa.selenium.TimeoutException: Expected condition failed: waiting for visibility of Proxy element for: DefaultElementLocator 'By.xpath: (//*[text()='OTP.'])' (tried for 10 second(s) with 500 milliseconds interval)
at org.openqa.selenium.support.ui.WebDriverWait.timeoutException(WebDriverWait.java:84)
at org.openqa.selenium.support.ui.FluentWait.until(FluentWait.java:228)
at com.vaultify.Repeat_codes.Repeatative_Codes.WebElement_wait(Repeatative_Codes.java:29)
at Locators.pom.Login_locaters.OTP_page_Title(Login_locaters.java:75)
at com.vaultify.vaultify_platform.Admin_Login.otp_filler(Admin_Login.java:74)
at com.vaultify.vaultify_platform.Admin_Login.login(Admin_Login.java:49)
at com.vaultify.vaultify_platform.Admin_Modules_Access_and_check.TeamManagement(Admin_Modules_Access_and_check.java:88)
at com.vaultify.vaultify_platform.Roles.delete_role(Staff_and_Team.java:459)
at java.base/jdk.internal.reflect.DirectMethodHandleAccessor.invoke(DirectMethodHandleAccessor.java:103)
at java.base/java.lang.reflect.Method.invoke(Method.java:580)
at org.testng.internal.invokers.MethodInvocationHelper.invokeMethod(MethodInvocationHelper.java:141)
at org.testng.internal.invokers.TestInvoker.invokeMethod(TestInvoker.java:687)
at org.testng.internal.invokers.TestInvoker.invokeTestMethod(TestInvoker.java:230)
at org.testng.internal.invokers.MethodRunner.runInSequence(MethodRunner.java:63)
at org.testng.internal.invokers.TestInvoker$MethodInvocationAgent.invoke(TestInvoker.java:995)
at org.testng.internal.invokers.TestInvoker.invokeTestMethods(TestInvoker.java:203)
at org.testng.internal.invokers.TestMethodWorker.invokeTestMethods(TestMethodWorker.java:154)
at org.testng.internal.invokers.TestMethodWorker.run(TestMethodWorker.java:134)
at java.base/java.util.ArrayList.forEach(ArrayList.java:1597)
at org.testng.TestRunner.privateRun(TestRunner.java:741)
at org.testng.TestRunner.run(TestRunner.java:616)
at org.testng.SuiteRunner.runTest(SuiteRunner.java:421)
at org.testng.SuiteRunner.runSequentially(SuiteRunner.java:413)
at org.testng.SuiteRunner.privateRun(SuiteRunner.java:373)
at org.testng.SuiteRunner.run(SuiteRunner.java:312)
at org.testng.SuiteRunnerWorker.runSuite(SuiteRunnerWorker.java:52)
at org.testng.SuiteRunnerWorker.run(SuiteRunnerWorker.java:95)
at org.testng.TestNG.runSuitesSequentially(TestNG.java:1274)
at org.testng.TestNG.runSuitesLocally(TestNG.java:1208)
at org.testng.TestNG.runSuites(TestNG.java:1112)
at org.testng.TestNG.run(TestNG.java:1079)
at org.testng.remote.AbstractRemoteTestNG.run(AbstractRemoteTestNG.java:115)
at org.testng.remote.RemoteTestNG.initAndRun(RemoteTestNG.java:293)
at org.testng.remote.RemoteTestNG.main(RemoteTestNG.java:91)
Caused by: org.openqa.selenium.NoSuchElementException: no such element: Unable to locate element: {"method":"xpath","selector":"(//*[text()='OTP.'])"}
  (Session info: chrome=138.0.7204.101)
For documentation on this error, please visit: https://www.selenium.dev/documentation/webdriver/troubleshooting/errors#no-such-element-exception
Build info: version: '4.24.0', revision: '748ffc9bc3'
System info: os.name: 'Windows 10', os.arch: 'amd64', os.version: '10.0', java.version: '23.0.2'
Driver info: org.openqa.selenium.chrome.ChromeDriver
Command: [70af73129bd949834eb69c5960c4c31f, findElement {value=(//*[text()='OTP.']), using=xpath}]
Capabilities {acceptInsecureCerts: false, browserName: chrome, browserVersion: 138.0.7204.101, chrome: {chromedriverVersion: 138.0.7204.168 (3e8d82e86e9..., userDataDir: C:\Users\PC-129\AppData\Loc...}, fedcm:accounts: true, goog:chromeOptions: {debuggerAddress: localhost:51879}, networkConnectionEnabled: false, pageLoadStrategy: normal, platformName: windows, proxy: Proxy(), se:cdp: ws://localhost:51879/devtoo..., se:cdpVersion: 138.0.7204.101, setWindowRect: true, strictFileInteractability: false, timeouts: {implicit: 0, pageLoad: 300000, script: 30000}, unhandledPromptBehavior: dismiss and notify, webauthn:extension:credBlob: true, webauthn:extension:largeBlob: true, webauthn:extension:minPinLength: true, webauthn:extension:prf: true, webauthn:virtualAuthenticators: true}
Session ID: 70af73129bd949834eb69c5960c4c31f
at java.base/jdk.internal.reflect.DirectConstructorHandleAccessor.newInstance(DirectConstructorHandleAccessor.java:62)
at java.base/java.lang.reflect.Constructor.newInstanceWithCaller(Constructor.java:501)
at java.base/java.lang.reflect.Constructor.newInstance(Constructor.java:485)
at org.openqa.selenium.remote.ErrorCodec.decode(ErrorCodec.java:167)
at org.openqa.selenium.remote.codec.w3c.W3CHttpResponseCodec.decode(W3CHttpResponseCodec.java:138)
at org.openqa.selenium.remote.codec.w3c.W3CHttpResponseCodec.decode(W3CHttpResponseCodec.java:50)
at org.openqa.selenium.remote.HttpCommandExecutor.execute(HttpCommandExecutor.java:190)
at org.openqa.selenium.remote.service.DriverCommandExecutor.invokeExecute(DriverCommandExecutor.java:216)
at org.openqa.selenium.remote.service.DriverCommandExecutor.execute(DriverCommandExecutor.java:174)
at org.openqa.selenium.remote.RemoteWebDriver.execute(RemoteWebDriver.java:545)
at org.openqa.selenium.remote.ElementLocation$ElementFinder$2.findElement(ElementLocation.java:165)
at org.openqa.selenium.remote.ElementLocation.findElement(ElementLocation.java:59)
at org.openqa.selenium.remote.RemoteWebDriver.findElement(RemoteWebDriver.java:368)
at org.openqa.selenium.remote.RemoteWebDriver.findElement(RemoteWebDriver.java:362)
at org.openqa.selenium.support.pagefactory.DefaultElementLocator.findElement(DefaultElementLocator.java:68)
at org.openqa.selenium.support.pagefactory.internal.LocatingElementHandler.invoke(LocatingElementHandler.java:38)
at jdk.proxy2/jdk.proxy2.$Proxy17.isDisplayed(Unknown Source)
at org.openqa.selenium.support.ui.ExpectedConditions.elementIfVisible(ExpectedConditions.java:304)
at org.openqa.selenium.support.ui.ExpectedConditions$10.apply(ExpectedConditions.java:290)
at org.openqa.selenium.support.ui.ExpectedConditions$10.apply(ExpectedConditions.java:287)
at org.openqa.selenium.support.ui.FluentWait.until(FluentWait.java:203)
... 32 more
]]>
            </full-stacktrace>
          </exception> <!-- org.openqa.selenium.TimeoutException -->
          <reporter-output>
          </reporter-output>
        </test-method> <!-- delete_role -->
        <test-method is-config="true" signature="driverkill()[pri:0, instance:com.vaultify.vaultify_platform.Roles@2b9ed6da]" started-at="2025-07-25T15:20:46 IST" name="driverkill" finished-at="2025-07-25T15:20:46 IST" duration-ms="154" status="PASS">
          <reporter-output>
          </reporter-output>
        </test-method> <!-- driverkill -->
        <test-method is-config="true" signature="setUP()[pri:0, instance:com.vaultify.vaultify_platform.Roles@2b9ed6da]" started-at="2025-07-25T15:20:46 IST" name="setUP" finished-at="2025-07-25T15:20:47 IST" duration-ms="1164" status="PASS">
          <reporter-output>
          </reporter-output>
        </test-method> <!-- setUP -->
        <test-method signature="clear_all_collections()[pri:0, instance:com.vaultify.vaultify_platform.Roles@2b9ed6da]" started-at="2025-07-25T15:20:47 IST" name="clear_all_collections" finished-at="2025-07-25T15:20:47 IST" duration-ms="1" status="PASS">
          <reporter-output>
          </reporter-output>
        </test-method> <!-- clear_all_collections -->
        <test-method is-config="true" signature="driverkill()[pri:0, instance:com.vaultify.vaultify_platform.Roles@2b9ed6da]" started-at="2025-07-25T15:20:47 IST" name="driverkill" finished-at="2025-07-25T15:20:47 IST" duration-ms="225" status="PASS">
          <reporter-output>
          </reporter-output>
        </test-method> <!-- driverkill -->
      </class> <!-- com.vaultify.vaultify_platform.Roles -->
    </test> <!-- Test -->
  </suite> <!-- Suite -->
</testng-results>
