<?xml version="1.0" encoding="UTF-8"?>
<testng-results ignored="1" total="2" passed="1" failed="0" skipped="0">
  <reporter-output>
  </reporter-output>
  <suite started-at="2025-07-31T16:59:28 IST" name="Default suite" finished-at="2025-07-31T17:00:12 IST" duration-ms="44763">
    <groups>
    </groups>
    <test started-at="2025-07-31T16:59:28 IST" name="Default test" finished-at="2025-07-31T17:00:12 IST" duration-ms="44763">
      <class name="com.vaultify.vaultify_platform.FeedBack_Module">
        <test-method is-config="true" signature="setUP()[pri:0, instance:com.vaultify.vaultify_platform.FeedBack_Module@6497b078]" started-at="2025-07-31T16:59:28 IST" name="setUP" finished-at="2025-07-31T16:59:32 IST" duration-ms="4566" status="PASS">
          <reporter-output>
          </reporter-output>
        </test-method> <!-- setUP -->
        <test-method signature="view_details()[pri:0, instance:com.vaultify.vaultify_platform.FeedBack_Module@6497b078]" started-at="2025-07-31T16:59:32 IST" name="view_details" finished-at="2025-07-31T17:00:12 IST" duration-ms="39821" status="PASS">
          <reporter-output>
          </reporter-output>
        </test-method> <!-- view_details -->
        <test-method is-config="true" signature="driverkill()[pri:0, instance:com.vaultify.vaultify_platform.FeedBack_Module@6497b078]" started-at="2025-07-31T17:00:12 IST" name="driverkill" finished-at="2025-07-31T17:00:12 IST" duration-ms="313" status="PASS">
          <reporter-output>
          </reporter-output>
        </test-method> <!-- driverkill -->
      </class> <!-- com.vaultify.vaultify_platform.FeedBack_Module -->
    </test> <!-- Default test -->
  </suite> <!-- Default suite -->
</testng-results>
