<?xml version="1.0" encoding="UTF-8"?>
<testng-results ignored="0" total="1" passed="1" failed="0" skipped="0">
  <reporter-output>
  </reporter-output>
  <suite started-at="2025-06-19T18:51:09 IST" name="Default suite" finished-at="2025-06-19T18:51:22 IST" duration-ms="13443">
    <groups>
    </groups>
    <test started-at="2025-06-19T18:51:09 IST" name="Default test" finished-at="2025-06-19T18:51:22 IST" duration-ms="13443">
      <class name="com.vaultify.vaultify_platform.Property_management">
        <test-method is-config="true" signature="setUP()[pri:0, instance:com.vaultify.vaultify_platform.Property_management@2b4bac49]" started-at="2025-06-19T18:51:09 IST" name="setUP" finished-at="2025-06-19T18:51:20 IST" duration-ms="11326" status="PASS">
          <reporter-output>
          </reporter-output>
        </test-method> <!-- setUP -->
        <test-method signature="Property_Search()[pri:0, instance:com.vaultify.vaultify_platform.Property_management@2b4bac49]" started-at="2025-06-19T18:51:20 IST" name="Property_Search" finished-at="2025-06-19T18:51:22 IST" duration-ms="2060" status="PASS">
          <reporter-output>
          </reporter-output>
        </test-method> <!-- Property_Search -->
        <test-method is-config="true" signature="driverkill()[pri:0, instance:com.vaultify.vaultify_platform.Property_management@2b4bac49]" started-at="2025-06-19T18:51:22 IST" name="driverkill" finished-at="2025-06-19T18:51:22 IST" duration-ms="0" status="PASS">
          <reporter-output>
          </reporter-output>
        </test-method> <!-- driverkill -->
      </class> <!-- com.vaultify.vaultify_platform.Property_management -->
    </test> <!-- Default test -->
  </suite> <!-- Default suite -->
</testng-results>
