<?xml version="1.0" encoding="UTF-8"?>
<testng-results ignored="2" total="3" passed="1" failed="0" skipped="0">
  <reporter-output>
  </reporter-output>
  <suite started-at="2025-06-24T19:39:42 IST" name="Default suite" finished-at="2025-06-24T19:40:01 IST" duration-ms="18997">
    <groups>
    </groups>
    <test started-at="2025-06-24T19:39:42 IST" name="Default test" finished-at="2025-06-24T19:40:01 IST" duration-ms="18997">
      <class name="com.vaultify.vaultify_platform.Property_management">
        <test-method is-config="true" signature="setUP()[pri:0, instance:com.vaultify.vaultify_platform.Property_management@36d585c]" started-at="2025-06-24T19:39:42 IST" name="setUP" finished-at="2025-06-24T19:39:44 IST" duration-ms="2323" status="PASS">
          <reporter-output>
          </reporter-output>
        </test-method> <!-- setUP -->
        <test-method signature="propertydelete()[pri:0, instance:com.vaultify.vaultify_platform.Property_management@36d585c]" started-at="2025-06-24T19:39:44 IST" name="propertydelete" finished-at="2025-06-24T19:40:01 IST" duration-ms="16333" status="PASS">
          <reporter-output>
          </reporter-output>
        </test-method> <!-- propertydelete -->
        <test-method is-config="true" signature="driverkill()[pri:0, instance:com.vaultify.vaultify_platform.Property_management@36d585c]" started-at="2025-06-24T19:40:01 IST" name="driverkill" finished-at="2025-06-24T19:40:01 IST" duration-ms="289" status="PASS">
          <reporter-output>
          </reporter-output>
        </test-method> <!-- driverkill -->
      </class> <!-- com.vaultify.vaultify_platform.Property_management -->
    </test> <!-- Default test -->
  </suite> <!-- Default suite -->
</testng-results>
