<?xml version="1.0" encoding="UTF-8"?>
<testng-results ignored="0" total="1" passed="1" failed="0" skipped="0">
  <reporter-output>
  </reporter-output>
  <suite started-at="2025-05-09T17:02:10 IST" name="Default suite" finished-at="2025-05-09T17:02:22 IST" duration-ms="11920">
    <groups>
    </groups>
    <test started-at="2025-05-09T17:02:10 IST" name="Default test" finished-at="2025-05-09T17:02:22 IST" duration-ms="11920">
      <class name="com.vaultify.vaultify_platform.Admin_Login">
        <test-method is-config="true" signature="setUP()[pri:0, instance:com.vaultify.vaultify_platform.Admin_Login@44c03695]" started-at="2025-05-09T17:02:10 IST" name="setUP" finished-at="2025-05-09T17:02:12 IST" duration-ms="1831" status="PASS">
          <reporter-output>
          </reporter-output>
        </test-method> <!-- setUP -->
        <test-method signature="login()[pri:0, instance:com.vaultify.vaultify_platform.Admin_Login@44c03695]" started-at="2025-05-09T17:02:12 IST" name="login" finished-at="2025-05-09T17:02:21 IST" duration-ms="9828" status="PASS">
          <reporter-output>
          </reporter-output>
        </test-method> <!-- login -->
        <test-method is-config="true" signature="driverkill()[pri:0, instance:com.vaultify.vaultify_platform.Admin_Login@44c03695]" started-at="2025-05-09T17:02:21 IST" name="driverkill" finished-at="2025-05-09T17:02:22 IST" duration-ms="223" status="PASS">
          <reporter-output>
          </reporter-output>
        </test-method> <!-- driverkill -->
      </class> <!-- com.vaultify.vaultify_platform.Admin_Login -->
    </test> <!-- Default test -->
  </suite> <!-- Default suite -->
</testng-results>
