<?xml version="1.0" encoding="UTF-8"?>
<testng-results ignored="4" total="5" passed="1" failed="0" skipped="0">
  <reporter-output>
  </reporter-output>
  <suite started-at="2025-08-11T19:27:46 IST" name="Default suite" finished-at="2025-08-11T19:28:20 IST" duration-ms="33811">
    <groups>
    </groups>
    <test started-at="2025-08-11T19:27:46 IST" name="Default test" finished-at="2025-08-11T19:28:20 IST" duration-ms="33811">
      <class name="com.vaultify.vaultify_platform.FeedBack_Module">
        <test-method is-config="true" signature="setUP()[pri:0, instance:com.vaultify.vaultify_platform.FeedBack_Module@46fa7c39]" started-at="2025-08-11T19:27:46 IST" name="setUP" finished-at="2025-08-11T19:27:48 IST" duration-ms="1647" status="PASS">
          <reporter-output>
          </reporter-output>
        </test-method> <!-- setUP -->
        <test-method signature="feedback_Search()[pri:0, instance:com.vaultify.vaultify_platform.FeedBack_Module@46fa7c39]" started-at="2025-08-11T19:27:48 IST" name="feedback_Search" finished-at="2025-08-11T19:28:20 IST" duration-ms="31881" status="PASS">
          <reporter-output>
          </reporter-output>
        </test-method> <!-- feedback_Search -->
        <test-method is-config="true" signature="driverkill()[pri:0, instance:com.vaultify.vaultify_platform.FeedBack_Module@46fa7c39]" started-at="2025-08-11T19:28:20 IST" name="driverkill" finished-at="2025-08-11T19:28:20 IST" duration-ms="220" status="PASS">
          <reporter-output>
          </reporter-output>
        </test-method> <!-- driverkill -->
      </class> <!-- com.vaultify.vaultify_platform.FeedBack_Module -->
    </test> <!-- Default test -->
  </suite> <!-- Default suite -->
</testng-results>
