<?xml version="1.0" encoding="UTF-8"?>
<testng-results ignored="10" total="11" passed="1" failed="0" skipped="0">
  <reporter-output>
  </reporter-output>
  <suite started-at="2025-08-13T13:59:34 IST" name="Default suite" finished-at="2025-08-13T14:00:16 IST" duration-ms="42378">
    <groups>
    </groups>
    <test started-at="2025-08-13T13:59:34 IST" name="Default test" finished-at="2025-08-13T14:00:16 IST" duration-ms="42378">
      <class name="com.vaultify.vaultify_platform.Bidding_management">
        <test-method is-config="true" signature="setUP()[pri:0, instance:com.vaultify.vaultify_platform.Bidding_management@61d6015a]" started-at="2025-08-13T13:59:34 IST" name="setUP" finished-at="2025-08-13T13:59:42 IST" duration-ms="8233" status="PASS">
          <reporter-output>
          </reporter-output>
        </test-method> <!-- setUP -->
        <test-method signature="bidstatus_checker()[pri:0, instance:com.vaultify.vaultify_platform.Bidding_management@61d6015a]" started-at="2025-08-13T13:59:42 IST" name="bidstatus_checker" finished-at="2025-08-13T14:00:16 IST" duration-ms="33863" status="PASS">
          <reporter-output>
          </reporter-output>
        </test-method> <!-- bidstatus_checker -->
        <test-method is-config="true" signature="driverkill()[pri:0, instance:com.vaultify.vaultify_platform.Bidding_management@61d6015a]" started-at="2025-08-13T14:00:16 IST" name="driverkill" finished-at="2025-08-13T14:00:16 IST" duration-ms="207" status="PASS">
          <reporter-output>
          </reporter-output>
        </test-method> <!-- driverkill -->
      </class> <!-- com.vaultify.vaultify_platform.Bidding_management -->
    </test> <!-- Default test -->
  </suite> <!-- Default suite -->
</testng-results>
