<?xml version="1.0" encoding="UTF-8"?>
<testng-results ignored="13" total="14" passed="1" failed="0" skipped="0">
  <reporter-output>
  </reporter-output>
  <suite started-at="2025-05-12T20:35:28 IST" name="Default suite" finished-at="2025-05-12T20:35:41 IST" duration-ms="13259">
    <groups>
    </groups>
    <test started-at="2025-05-12T20:35:28 IST" name="Default test" finished-at="2025-05-12T20:35:41 IST" duration-ms="13259">
      <class name="com.vaultify.vaultify_platform.Admin_Modules_Access_and_check">
        <test-method is-config="true" signature="setUP()[pri:0, instance:com.vaultify.vaultify_platform.Admin_Modules_Access_and_check@477b4cdf]" started-at="2025-05-12T20:35:28 IST" name="setUP" finished-at="2025-05-12T20:35:40 IST" duration-ms="11933" status="PASS">
          <reporter-output>
          </reporter-output>
        </test-method> <!-- setUP -->
        <test-method signature="UserManagement()[pri:0, instance:com.vaultify.vaultify_platform.Admin_Modules_Access_and_check@477b4cdf]" started-at="2025-05-12T20:35:40 IST" name="UserManagement" finished-at="2025-05-12T20:35:41 IST" duration-ms="1069" status="PASS">
          <reporter-output>
          </reporter-output>
        </test-method> <!-- UserManagement -->
        <test-method is-config="true" signature="driverkill()[pri:0, instance:com.vaultify.vaultify_platform.Admin_Modules_Access_and_check@477b4cdf]" started-at="2025-05-12T20:35:41 IST" name="driverkill" finished-at="2025-05-12T20:35:41 IST" duration-ms="209" status="PASS">
          <reporter-output>
          </reporter-output>
        </test-method> <!-- driverkill -->
      </class> <!-- com.vaultify.vaultify_platform.Admin_Modules_Access_and_check -->
    </test> <!-- Default test -->
  </suite> <!-- Default suite -->
</testng-results>
