<?xml version="1.0" encoding="UTF-8"?>
<testng-results ignored="8" total="9" passed="1" failed="0" skipped="0">
  <reporter-output>
  </reporter-output>
  <suite started-at="2025-07-14T17:51:27 IST" name="Default suite" finished-at="2025-07-14T17:51:45 IST" duration-ms="17777">
    <groups>
    </groups>
    <test started-at="2025-07-14T17:51:27 IST" name="Default test" finished-at="2025-07-14T17:51:45 IST" duration-ms="17777">
      <class name="com.vaultify.vaultify_platform.Refund_Management">
        <test-method is-config="true" signature="setUP()[pri:0, instance:com.vaultify.vaultify_platform.Refund_Management@2525ff7e]" started-at="2025-07-14T17:51:28 IST" name="setUP" finished-at="2025-07-14T17:51:31 IST" duration-ms="3465" status="PASS">
          <reporter-output>
          </reporter-output>
        </test-method> <!-- setUP -->
        <test-method signature="Refund_list_search()[pri:0, instance:com.vaultify.vaultify_platform.Refund_Management@2525ff7e]" started-at="2025-07-14T17:51:31 IST" name="Refund_list_search" finished-at="2025-07-14T17:51:45 IST" duration-ms="14048" status="PASS">
          <reporter-output>
          </reporter-output>
        </test-method> <!-- Refund_list_search -->
        <test-method is-config="true" signature="driverkill()[pri:0, instance:com.vaultify.vaultify_platform.Refund_Management@2525ff7e]" started-at="2025-07-14T17:51:45 IST" name="driverkill" finished-at="2025-07-14T17:51:45 IST" duration-ms="202" status="PASS">
          <reporter-output>
          </reporter-output>
        </test-method> <!-- driverkill -->
      </class> <!-- com.vaultify.vaultify_platform.Refund_Management -->
    </test> <!-- Default test -->
  </suite> <!-- Default suite -->
</testng-results>
