<?xml version="1.0" encoding="UTF-8"?>
<testng-results ignored="2" total="3" passed="1" failed="0" skipped="0">
  <reporter-output>
  </reporter-output>
  <suite started-at="2025-07-02T21:34:13 IST" name="Default suite" finished-at="2025-07-02T21:34:34 IST" duration-ms="20241">
    <groups>
    </groups>
    <test started-at="2025-07-02T21:34:13 IST" name="Default test" finished-at="2025-07-02T21:34:34 IST" duration-ms="20241">
      <class name="com.vaultify.vaultify_platform.Staff_and_Team">
        <test-method is-config="true" signature="setUP()[pri:0, instance:com.vaultify.vaultify_platform.Staff_and_Team@61322f9d]" started-at="2025-07-02T21:34:13 IST" name="setUP" finished-at="2025-07-02T21:34:16 IST" duration-ms="2621" status="PASS">
          <reporter-output>
          </reporter-output>
        </test-method> <!-- setUP -->
        <test-method signature="employeesearch()[pri:0, instance:com.vaultify.vaultify_platform.Staff_and_Team@61322f9d]" started-at="2025-07-02T21:34:16 IST" name="employeesearch" finished-at="2025-07-02T21:34:33 IST" duration-ms="16844" status="PASS">
          <reporter-output>
          </reporter-output>
        </test-method> <!-- employeesearch -->
        <test-method is-config="true" signature="driverkill()[pri:0, instance:com.vaultify.vaultify_platform.Staff_and_Team@61322f9d]" started-at="2025-07-02T21:34:33 IST" name="driverkill" finished-at="2025-07-02T21:34:34 IST" duration-ms="729" status="PASS">
          <reporter-output>
          </reporter-output>
        </test-method> <!-- driverkill -->
      </class> <!-- com.vaultify.vaultify_platform.Staff_and_Team -->
    </test> <!-- Default test -->
  </suite> <!-- Default suite -->
</testng-results>
