<?xml version="1.0" encoding="UTF-8"?>
<testng-results ignored="4" total="5" passed="1" failed="0" skipped="0">
  <reporter-output>
  </reporter-output>
  <suite started-at="2025-07-24T15:59:43 IST" name="Default suite" finished-at="2025-07-24T16:00:41 IST" duration-ms="57319">
    <groups>
    </groups>
    <test started-at="2025-07-24T15:59:43 IST" name="Default test" finished-at="2025-07-24T16:00:41 IST" duration-ms="57319">
      <class name="com.vaultify.vaultify_platform.Roles">
        <test-method is-config="true" signature="setUP()[pri:0, instance:com.vaultify.vaultify_platform.Roles@544fa968]" started-at="2025-07-24T15:59:43 IST" name="setUP" finished-at="2025-07-24T15:59:46 IST" duration-ms="2579" status="PASS">
          <reporter-output>
          </reporter-output>
        </test-method> <!-- setUP -->
        <test-method signature="role_add()[pri:0, instance:com.vaultify.vaultify_platform.Roles@544fa968]" started-at="2025-07-24T15:59:46 IST" name="role_add" finished-at="2025-07-24T16:00:40 IST" duration-ms="53846" status="PASS">
          <reporter-output>
          </reporter-output>
        </test-method> <!-- role_add -->
        <test-method is-config="true" signature="driverkill()[pri:0, instance:com.vaultify.vaultify_platform.Roles@544fa968]" started-at="2025-07-24T16:00:40 IST" name="driverkill" finished-at="2025-07-24T16:00:41 IST" duration-ms="839" status="PASS">
          <reporter-output>
          </reporter-output>
        </test-method> <!-- driverkill -->
      </class> <!-- com.vaultify.vaultify_platform.Roles -->
    </test> <!-- Default test -->
  </suite> <!-- Default suite -->
</testng-results>
