<?xml version="1.0" encoding="UTF-8"?>
<testng-results ignored="10" total="11" passed="1" failed="0" skipped="0">
  <reporter-output>
  </reporter-output>
  <suite started-at="2025-07-17T13:05:47 IST" name="Default suite" finished-at="2025-07-17T13:06:16 IST" duration-ms="29194">
    <groups>
    </groups>
    <test started-at="2025-07-17T13:05:47 IST" name="Default test" finished-at="2025-07-17T13:06:16 IST" duration-ms="29194">
      <class name="com.vaultify.vaultify_platform.Bidding_management">
        <test-method is-config="true" signature="setUP()[pri:0, instance:com.vaultify.vaultify_platform.Bidding_management@7770f470]" started-at="2025-07-17T13:05:47 IST" name="setUP" finished-at="2025-07-17T13:05:50 IST" duration-ms="2287" status="PASS">
          <reporter-output>
          </reporter-output>
        </test-method> <!-- setUP -->
        <test-method signature="bid_filter_checker()[pri:0, instance:com.vaultify.vaultify_platform.Bidding_management@7770f470]" started-at="2025-07-17T13:05:50 IST" name="bid_filter_checker" finished-at="2025-07-17T13:06:16 IST" duration-ms="26089" status="PASS">
          <reporter-output>
          </reporter-output>
        </test-method> <!-- bid_filter_checker -->
        <test-method is-config="true" signature="driverkill()[pri:0, instance:com.vaultify.vaultify_platform.Bidding_management@7770f470]" started-at="2025-07-17T13:06:16 IST" name="driverkill" finished-at="2025-07-17T13:06:16 IST" duration-ms="780" status="PASS">
          <reporter-output>
          </reporter-output>
        </test-method> <!-- driverkill -->
      </class> <!-- com.vaultify.vaultify_platform.Bidding_management -->
    </test> <!-- Default test -->
  </suite> <!-- Default suite -->
</testng-results>
