<?xml version="1.0" encoding="UTF-8"?>
<testng-results ignored="6" total="7" passed="1" failed="0" skipped="0">
  <reporter-output>
  </reporter-output>
  <suite started-at="2025-07-24T20:04:43 IST" name="Default suite" finished-at="2025-07-24T20:04:46 IST" duration-ms="2856">
    <groups>
    </groups>
    <test started-at="2025-07-24T20:04:43 IST" name="Default test" finished-at="2025-07-24T20:04:46 IST" duration-ms="2856">
      <class name="com.vaultify.vaultify_platform.Roles">
        <test-method is-config="true" signature="setUP()[pri:0, instance:com.vaultify.vaultify_platform.Roles@7770f470]" started-at="2025-07-24T20:04:43 IST" name="setUP" finished-at="2025-07-24T20:04:45 IST" duration-ms="2166" status="PASS">
          <reporter-output>
          </reporter-output>
        </test-method> <!-- setUP -->
        <test-method signature="clear_all_collections()[pri:0, instance:com.vaultify.vaultify_platform.Roles@7770f470]" started-at="2025-07-24T20:04:45 IST" name="clear_all_collections" finished-at="2025-07-24T20:04:45 IST" duration-ms="12" status="PASS">
          <reporter-output>
          </reporter-output>
        </test-method> <!-- clear_all_collections -->
        <test-method is-config="true" signature="driverkill()[pri:0, instance:com.vaultify.vaultify_platform.Roles@7770f470]" started-at="2025-07-24T20:04:45 IST" name="driverkill" finished-at="2025-07-24T20:04:46 IST" duration-ms="646" status="PASS">
          <reporter-output>
          </reporter-output>
        </test-method> <!-- driverkill -->
      </class> <!-- com.vaultify.vaultify_platform.Roles -->
    </test> <!-- Default test -->
  </suite> <!-- Default suite -->
</testng-results>
