<?xml version="1.0" encoding="UTF-8"?>
<testng-results ignored="9" total="17" passed="8" failed="0" skipped="0">
  <reporter-output>
  </reporter-output>
  <suite started-at="2025-07-06T20:36:15 IST" name="Default suite" finished-at="2025-07-06T20:38:55 IST" duration-ms="159482">
    <groups>
    </groups>
    <test started-at="2025-07-06T20:36:15 IST" name="Default test" finished-at="2025-07-06T20:38:55 IST" duration-ms="159482">
      <class name="com.vaultify.vaultify_platform.Society_management">
        <test-method is-config="true" signature="setUP()[pri:0, instance:com.vaultify.vaultify_platform.Society_management@7bedc48a]" started-at="2025-07-06T20:36:15 IST" name="setUP" finished-at="2025-07-06T20:36:31 IST" duration-ms="15664" status="PASS">
          <reporter-output>
          </reporter-output>
        </test-method> <!-- setUP -->
        <test-method signature="Society_add(java.util.TreeMap)[pri:0, instance:com.vaultify.vaultify_platform.Society_management@7bedc48a]" started-at="2025-07-06T20:36:31 IST" name="Society_add" data-provider="getSocietyData" finished-at="2025-07-06T20:36:49 IST" duration-ms="17967" status="PASS">
          <params>
            <param index="0">
              <value>
                <![CDATA[{AddressAddress=22, Garia Main Road, Naktala, Kolkata - 700047, Area=Naktala, Landmark=Near Usha Bus Stop, Short Description=Quiet family-centric flats near schools and parks., Societyname=Silver Sand Residency}]]>
              </value>
            </param>
          </params>
          <reporter-output>
          </reporter-output>
        </test-method> <!-- Society_add -->
        <test-method is-config="true" signature="driverkill()[pri:0, instance:com.vaultify.vaultify_platform.Society_management@7bedc48a]" started-at="2025-07-06T20:36:49 IST" name="driverkill" finished-at="2025-07-06T20:36:50 IST" duration-ms="898" status="PASS">
          <reporter-output>
          </reporter-output>
        </test-method> <!-- driverkill -->
        <test-method is-config="true" signature="setUP()[pri:0, instance:com.vaultify.vaultify_platform.Society_management@7bedc48a]" started-at="2025-07-06T20:36:50 IST" name="setUP" finished-at="2025-07-06T20:36:52 IST" duration-ms="2310" status="PASS">
          <reporter-output>
          </reporter-output>
        </test-method> <!-- setUP -->
        <test-method signature="Society_add(java.util.TreeMap)[pri:0, instance:com.vaultify.vaultify_platform.Society_management@7bedc48a]" started-at="2025-07-06T20:36:52 IST" name="Society_add" data-provider="getSocietyData" finished-at="2025-07-06T20:37:10 IST" duration-ms="17183" status="PASS">
          <params>
            <param index="0">
              <value>
                <![CDATA[{AddressAddress=99, V.I.P Road, Teghoria, Kolkata - 700059, Area=Teghoria, Landmark=Opposite Haldiram Flyover, Short Description=Urban-styled tower with 360° rooftop lounge., Societyname=Amber Heights}]]>
              </value>
            </param>
          </params>
          <reporter-output>
          </reporter-output>
        </test-method> <!-- Society_add -->
        <test-method is-config="true" signature="driverkill()[pri:0, instance:com.vaultify.vaultify_platform.Society_management@7bedc48a]" started-at="2025-07-06T20:37:10 IST" name="driverkill" finished-at="2025-07-06T20:37:11 IST" duration-ms="1058" status="PASS">
          <reporter-output>
          </reporter-output>
        </test-method> <!-- driverkill -->
        <test-method is-config="true" signature="setUP()[pri:0, instance:com.vaultify.vaultify_platform.Society_management@7bedc48a]" started-at="2025-07-06T20:37:11 IST" name="setUP" finished-at="2025-07-06T20:37:13 IST" duration-ms="1946" status="PASS">
          <reporter-output>
          </reporter-output>
        </test-method> <!-- setUP -->
        <test-method signature="Society_add(java.util.TreeMap)[pri:0, instance:com.vaultify.vaultify_platform.Society_management@7bedc48a]" started-at="2025-07-06T20:37:13 IST" name="Society_add" data-provider="getSocietyData" finished-at="2025-07-06T20:37:28 IST" duration-ms="15222" status="PASS">
          <params>
            <param index="0">
              <value>
                <![CDATA[{AddressAddress=Ghoshpara Road, Sodepur, Kolkata - 700110, Area=Sodepur, Landmark=Next to Panihati Municipality, Short Description=Spiritual vibe with temple complex and aarti mandap., Societyname=Shree Durga Residency}]]>
              </value>
            </param>
          </params>
          <reporter-output>
          </reporter-output>
        </test-method> <!-- Society_add -->
        <test-method is-config="true" signature="driverkill()[pri:0, instance:com.vaultify.vaultify_platform.Society_management@7bedc48a]" started-at="2025-07-06T20:37:28 IST" name="driverkill" finished-at="2025-07-06T20:37:29 IST" duration-ms="820" status="PASS">
          <reporter-output>
          </reporter-output>
        </test-method> <!-- driverkill -->
        <test-method is-config="true" signature="setUP()[pri:0, instance:com.vaultify.vaultify_platform.Society_management@7bedc48a]" started-at="2025-07-06T20:37:29 IST" name="setUP" finished-at="2025-07-06T20:37:30 IST" duration-ms="1780" status="PASS">
          <reporter-output>
          </reporter-output>
        </test-method> <!-- setUP -->
        <test-method signature="Society_add(java.util.TreeMap)[pri:0, instance:com.vaultify.vaultify_platform.Society_management@7bedc48a]" started-at="2025-07-06T20:37:30 IST" name="Society_add" data-provider="getSocietyData" finished-at="2025-07-06T20:37:45 IST" duration-ms="14508" status="PASS">
          <params>
            <param index="0">
              <value>
                <![CDATA[{AddressAddress=Kalikapur Bypass, Kolkata - 700099, Area=Kalikapur, Landmark=Beside Metro Cash & Carry, Short Description=Corporate-friendly flats near IT hubs with concierge., Societyname=Eastern Harmony}]]>
              </value>
            </param>
          </params>
          <reporter-output>
          </reporter-output>
        </test-method> <!-- Society_add -->
        <test-method is-config="true" signature="driverkill()[pri:0, instance:com.vaultify.vaultify_platform.Society_management@7bedc48a]" started-at="2025-07-06T20:37:45 IST" name="driverkill" finished-at="2025-07-06T20:37:46 IST" duration-ms="702" status="PASS">
          <reporter-output>
          </reporter-output>
        </test-method> <!-- driverkill -->
        <test-method is-config="true" signature="setUP()[pri:0, instance:com.vaultify.vaultify_platform.Society_management@7bedc48a]" started-at="2025-07-06T20:37:46 IST" name="setUP" finished-at="2025-07-06T20:37:47 IST" duration-ms="1593" status="PASS">
          <reporter-output>
          </reporter-output>
        </test-method> <!-- setUP -->
        <test-method signature="Society_add(java.util.TreeMap)[pri:0, instance:com.vaultify.vaultify_platform.Society_management@7bedc48a]" started-at="2025-07-06T20:37:47 IST" name="Society_add" data-provider="getSocietyData" finished-at="2025-07-06T20:38:03 IST" duration-ms="15494" status="PASS">
          <params>
            <param index="0">
              <value>
                <![CDATA[{AddressAddress=Gariahat Road (South), Jadavpur, Kolkata - 700032, Area=Jadavpur, Landmark=Near 8B Bus Stand, Short Description=Gated society with indoor games and library corner., Societyname=Navya Niketan}]]>
              </value>
            </param>
          </params>
          <reporter-output>
          </reporter-output>
        </test-method> <!-- Society_add -->
        <test-method is-config="true" signature="driverkill()[pri:0, instance:com.vaultify.vaultify_platform.Society_management@7bedc48a]" started-at="2025-07-06T20:38:03 IST" name="driverkill" finished-at="2025-07-06T20:38:03 IST" duration-ms="825" status="PASS">
          <reporter-output>
          </reporter-output>
        </test-method> <!-- driverkill -->
        <test-method is-config="true" signature="setUP()[pri:0, instance:com.vaultify.vaultify_platform.Society_management@7bedc48a]" started-at="2025-07-06T20:38:03 IST" name="setUP" finished-at="2025-07-06T20:38:05 IST" duration-ms="1616" status="PASS">
          <reporter-output>
          </reporter-output>
        </test-method> <!-- setUP -->
        <test-method signature="Society_add(java.util.TreeMap)[pri:0, instance:com.vaultify.vaultify_platform.Society_management@7bedc48a]" started-at="2025-07-06T20:38:05 IST" name="Society_add" data-provider="getSocietyData" finished-at="2025-07-06T20:38:20 IST" duration-ms="14660" status="PASS">
          <params>
            <param index="0">
              <value>
                <![CDATA[{AddressAddress=Diamond Harbour Road, Joka, Kolkata - 700104, Area=Joka, Landmark=Near IIM Calcutta, Short Description=Modern apartments built for students and families alike., Societyname=Sunset Heights}]]>
              </value>
            </param>
          </params>
          <reporter-output>
          </reporter-output>
        </test-method> <!-- Society_add -->
        <test-method is-config="true" signature="driverkill()[pri:0, instance:com.vaultify.vaultify_platform.Society_management@7bedc48a]" started-at="2025-07-06T20:38:20 IST" name="driverkill" finished-at="2025-07-06T20:38:21 IST" duration-ms="741" status="PASS">
          <reporter-output>
          </reporter-output>
        </test-method> <!-- driverkill -->
        <test-method is-config="true" signature="setUP()[pri:0, instance:com.vaultify.vaultify_platform.Society_management@7bedc48a]" started-at="2025-07-06T20:38:21 IST" name="setUP" finished-at="2025-07-06T20:38:22 IST" duration-ms="1749" status="PASS">
          <reporter-output>
          </reporter-output>
        </test-method> <!-- setUP -->
        <test-method signature="Society_add(java.util.TreeMap)[pri:0, instance:com.vaultify.vaultify_platform.Society_management@7bedc48a]" started-at="2025-07-06T20:38:22 IST" name="Society_add" data-provider="getSocietyData" finished-at="2025-07-06T20:38:37 IST" duration-ms="14641" status="PASS">
          <params>
            <param index="0">
              <value>
                <![CDATA[{AddressAddress=2A, Vivekananda Road, Manicktala, Kolkata - 700054, Area=Manicktala, Landmark=Adjacent to Manicktala Market, Short Description=Boutique apartments with terrace café and library., Societyname=Rose Garden Estates}]]>
              </value>
            </param>
          </params>
          <reporter-output>
          </reporter-output>
        </test-method> <!-- Society_add -->
        <test-method is-config="true" signature="driverkill()[pri:0, instance:com.vaultify.vaultify_platform.Society_management@7bedc48a]" started-at="2025-07-06T20:38:37 IST" name="driverkill" finished-at="2025-07-06T20:38:38 IST" duration-ms="715" status="PASS">
          <reporter-output>
          </reporter-output>
        </test-method> <!-- driverkill -->
        <test-method is-config="true" signature="setUP()[pri:0, instance:com.vaultify.vaultify_platform.Society_management@7bedc48a]" started-at="2025-07-06T20:38:38 IST" name="setUP" finished-at="2025-07-06T20:38:39 IST" duration-ms="1739" status="PASS">
          <reporter-output>
          </reporter-output>
        </test-method> <!-- setUP -->
        <test-method signature="Society_add(java.util.TreeMap)[pri:0, instance:com.vaultify.vaultify_platform.Society_management@7bedc48a]" started-at="2025-07-06T20:38:39 IST" name="Society_add" data-provider="getSocietyData" finished-at="2025-07-06T20:38:54 IST" duration-ms="14849" status="PASS">
          <params>
            <param index="0">
              <value>
                <![CDATA[{AddressAddress=47, Baghajatin Station Road, Kolkata - 700086, Area=Baghajatin, Landmark=Next to Peerless Hospital, Short Description=Compact flats perfect for small families and seniors., Societyname=Starview Apartments}]]>
              </value>
            </param>
          </params>
          <reporter-output>
          </reporter-output>
        </test-method> <!-- Society_add -->
        <test-method is-config="true" signature="driverkill()[pri:0, instance:com.vaultify.vaultify_platform.Society_management@7bedc48a]" started-at="2025-07-06T20:38:54 IST" name="driverkill" finished-at="2025-07-06T20:38:55 IST" duration-ms="668" status="PASS">
          <reporter-output>
          </reporter-output>
        </test-method> <!-- driverkill -->
      </class> <!-- com.vaultify.vaultify_platform.Society_management -->
    </test> <!-- Default test -->
  </suite> <!-- Default suite -->
</testng-results>
