<?xml version="1.0" encoding="UTF-8"?>
<testng-results ignored="7" total="10" passed="3" failed="0" skipped="0">
  <reporter-output>
  </reporter-output>
  <suite started-at="2025-07-04T17:43:29 IST" name="Default suite" finished-at="2025-07-04T17:44:15 IST" duration-ms="45867">
    <groups>
    </groups>
    <test started-at="2025-07-04T17:43:29 IST" name="Default test" finished-at="2025-07-04T17:44:15 IST" duration-ms="45867">
      <class name="com.vaultify.vaultify_platform.Society_management">
        <test-method is-config="true" signature="setUP()[pri:0, instance:com.vaultify.vaultify_platform.Society_management@2177849e]" started-at="2025-07-04T17:43:29 IST" name="setUP" finished-at="2025-07-04T17:43:31 IST" duration-ms="1775" status="PASS">
          <reporter-output>
          </reporter-output>
        </test-method> <!-- setUP -->
        <test-method signature="Society_add(java.lang.String,java.lang.String,java.lang.String,java.lang.String,java.lang.String)[pri:0, instance:com.vaultify.vaultify_platform.Society_management@2177849e]" started-at="2025-07-04T17:43:31 IST" name="Society_add" data-provider="getSocietyData" finished-at="2025-07-04T17:43:45 IST" duration-ms="14215" status="PASS">
          <params>
            <param index="0">
              <value>
                <![CDATA[Green Acres]]>
              </value>
            </param>
            <param index="1">
              <value>
                <![CDATA[Ballygunge]]>
              </value>
            </param>
            <param index="2">
              <value>
                <![CDATA[Near City Center Mall]]>
              </value>
            </param>
            <param index="3">
              <value>
                <![CDATA[25B, Gariahat Road, Kolkata - 700019]]>
              </value>
            </param>
            <param index="4">
              <value>
                <![CDATA[A peaceful society with all modern amenities.]]>
              </value>
            </param>
          </params>
          <reporter-output>
          </reporter-output>
        </test-method> <!-- Society_add -->
        <test-method is-config="true" signature="driverkill()[pri:0, instance:com.vaultify.vaultify_platform.Society_management@2177849e]" started-at="2025-07-04T17:43:45 IST" name="driverkill" finished-at="2025-07-04T17:43:45 IST" duration-ms="174" status="PASS">
          <reporter-output>
          </reporter-output>
        </test-method> <!-- driverkill -->
        <test-method is-config="true" signature="setUP()[pri:0, instance:com.vaultify.vaultify_platform.Society_management@2177849e]" started-at="2025-07-04T17:43:45 IST" name="setUP" finished-at="2025-07-04T17:43:46 IST" duration-ms="942" status="PASS">
          <reporter-output>
          </reporter-output>
        </test-method> <!-- setUP -->
        <test-method signature="Society_add(java.lang.String,java.lang.String,java.lang.String,java.lang.String,java.lang.String)[pri:0, instance:com.vaultify.vaultify_platform.Society_management@2177849e]" started-at="2025-07-04T17:43:46 IST" name="Society_add" data-provider="getSocietyData" finished-at="2025-07-04T17:44:00 IST" duration-ms="13633" status="PASS">
          <params>
            <param index="0">
              <value>
                <![CDATA[Lakeview Residency]]>
              </value>
            </param>
            <param index="1">
              <value>
                <![CDATA[Salt Lake Sector V]]>
              </value>
            </param>
            <param index="2">
              <value>
                <![CDATA[Opposite Infosys Building]]>
              </value>
            </param>
            <param index="3">
              <value>
                <![CDATA[Plot 145, Sector V, Kolkata - 700091]]>
              </value>
            </param>
            <param index="4">
              <value>
                <![CDATA[Spacious apartments facing the lake.]]>
              </value>
            </param>
          </params>
          <reporter-output>
          </reporter-output>
        </test-method> <!-- Society_add -->
        <test-method is-config="true" signature="driverkill()[pri:0, instance:com.vaultify.vaultify_platform.Society_management@2177849e]" started-at="2025-07-04T17:44:00 IST" name="driverkill" finished-at="2025-07-04T17:44:00 IST" duration-ms="167" status="PASS">
          <reporter-output>
          </reporter-output>
        </test-method> <!-- driverkill -->
        <test-method is-config="true" signature="setUP()[pri:0, instance:com.vaultify.vaultify_platform.Society_management@2177849e]" started-at="2025-07-04T17:44:00 IST" name="setUP" finished-at="2025-07-04T17:44:01 IST" duration-ms="880" status="PASS">
          <reporter-output>
          </reporter-output>
        </test-method> <!-- setUP -->
        <test-method signature="Society_add(java.lang.String,java.lang.String,java.lang.String,java.lang.String,java.lang.String)[pri:0, instance:com.vaultify.vaultify_platform.Society_management@2177849e]" started-at="2025-07-04T17:44:01 IST" name="Society_add" data-provider="getSocietyData" finished-at="2025-07-04T17:44:15 IST" duration-ms="13882" status="PASS">
          <params>
            <param index="0">
              <value>
                <![CDATA[Sundarban Enclave]]>
              </value>
            </param>
            <param index="1">
              <value>
                <![CDATA[New Town]]>
              </value>
            </param>
            <param index="2">
              <value>
                <![CDATA[Near Eco Park]]>
              </value>
            </param>
            <param index="3">
              <value>
                <![CDATA[DA 203, Action Area I, Kolkata - 700156]]>
              </value>
            </param>
            <param index="4">
              <value>
                <![CDATA[Luxury living with lush green surroundings.]]>
              </value>
            </param>
          </params>
          <reporter-output>
          </reporter-output>
        </test-method> <!-- Society_add -->
        <test-method is-config="true" signature="driverkill()[pri:0, instance:com.vaultify.vaultify_platform.Society_management@2177849e]" started-at="2025-07-04T17:44:15 IST" name="driverkill" finished-at="2025-07-04T17:44:15 IST" duration-ms="150" status="PASS">
          <reporter-output>
          </reporter-output>
        </test-method> <!-- driverkill -->
      </class> <!-- com.vaultify.vaultify_platform.Society_management -->
    </test> <!-- Default test -->
  </suite> <!-- Default suite -->
</testng-results>
