<?xml version="1.0" encoding="UTF-8"?>
<testng-results ignored="13" total="14" passed="1" failed="0" skipped="0">
  <reporter-output>
  </reporter-output>
  <suite started-at="2025-05-13T18:31:05 IST" name="Default suite" finished-at="2025-05-13T18:31:25 IST" duration-ms="20075">
    <groups>
    </groups>
    <test started-at="2025-05-13T18:31:05 IST" name="Default test" finished-at="2025-05-13T18:31:25 IST" duration-ms="20075">
      <class name="com.vaultify.vaultify_platform.Admin_Modules_Access_and_check">
        <test-method is-config="true" signature="setUP()[pri:0, instance:com.vaultify.vaultify_platform.Admin_Modules_Access_and_check@477b4cdf]" started-at="2025-05-13T18:31:05 IST" name="setUP" finished-at="2025-05-13T18:31:24 IST" duration-ms="18483" status="PASS">
          <reporter-output>
          </reporter-output>
        </test-method> <!-- setUP -->
        <test-method signature="Feedback_Management()[pri:0, instance:com.vaultify.vaultify_platform.Admin_Modules_Access_and_check@477b4cdf]" started-at="2025-05-13T18:31:24 IST" name="Feedback_Management" finished-at="2025-05-13T18:31:25 IST" duration-ms="1143" status="PASS">
          <reporter-output>
          </reporter-output>
        </test-method> <!-- Feedback_Management -->
        <test-method is-config="true" signature="driverkill()[pri:0, instance:com.vaultify.vaultify_platform.Admin_Modules_Access_and_check@477b4cdf]" started-at="2025-05-13T18:31:25 IST" name="driverkill" finished-at="2025-05-13T18:31:25 IST" duration-ms="392" status="PASS">
          <reporter-output>
          </reporter-output>
        </test-method> <!-- driverkill -->
      </class> <!-- com.vaultify.vaultify_platform.Admin_Modules_Access_and_check -->
    </test> <!-- Default test -->
  </suite> <!-- Default suite -->
</testng-results>
