<?xml version="1.0" encoding="UTF-8"?>
<testng-results ignored="10" total="11" passed="1" failed="0" skipped="0">
  <reporter-output>
  </reporter-output>
  <suite started-at="2025-07-14T17:06:58 IST" name="Default suite" finished-at="2025-07-14T17:07:19 IST" duration-ms="21178">
    <groups>
    </groups>
    <test started-at="2025-07-14T17:06:58 IST" name="Default test" finished-at="2025-07-14T17:07:19 IST" duration-ms="21178">
      <class name="com.vaultify.vaultify_platform.Bidding_management">
        <test-method is-config="true" signature="setUP()[pri:0, instance:com.vaultify.vaultify_platform.Bidding_management@524d6d96]" started-at="2025-07-14T17:06:58 IST" name="setUP" finished-at="2025-07-14T17:07:00 IST" duration-ms="1844" status="PASS">
          <reporter-output>
          </reporter-output>
        </test-method> <!-- setUP -->
        <test-method signature="privateBid_console_search()[pri:0, instance:com.vaultify.vaultify_platform.Bidding_management@524d6d96]" started-at="2025-07-14T17:07:00 IST" name="privateBid_console_search" finished-at="2025-07-14T17:07:19 IST" duration-ms="19061" status="PASS">
          <reporter-output>
          </reporter-output>
        </test-method> <!-- privateBid_console_search -->
        <test-method is-config="true" signature="driverkill()[pri:0, instance:com.vaultify.vaultify_platform.Bidding_management@524d6d96]" started-at="2025-07-14T17:07:19 IST" name="driverkill" finished-at="2025-07-14T17:07:19 IST" duration-ms="217" status="PASS">
          <reporter-output>
          </reporter-output>
        </test-method> <!-- driverkill -->
      </class> <!-- com.vaultify.vaultify_platform.Bidding_management -->
    </test> <!-- Default test -->
  </suite> <!-- Default suite -->
</testng-results>
