<?xml version="1.0" encoding="UTF-8"?>
<testng-results ignored="12" total="13" passed="1" failed="0" skipped="0">
  <reporter-output>
  </reporter-output>
  <suite started-at="2025-08-05T19:50:03 IST" name="Default suite" finished-at="2025-08-05T19:50:49 IST" duration-ms="46025">
    <groups>
    </groups>
    <test started-at="2025-08-05T19:50:03 IST" name="Default test" finished-at="2025-08-05T19:50:49 IST" duration-ms="46025">
      <class name="com.vaultify.vaultify_platform.Service_ReFund">
        <test-method is-config="true" signature="setUP()[pri:0, instance:com.vaultify.vaultify_platform.Service_ReFund@776b83cc]" started-at="2025-08-05T19:50:03 IST" name="setUP" finished-at="2025-08-05T19:50:05 IST" duration-ms="1773" status="PASS">
          <reporter-output>
          </reporter-output>
        </test-method> <!-- setUP -->
        <test-method signature="due_payment_info()[pri:0, instance:com.vaultify.vaultify_platform.Service_ReFund@776b83cc]" started-at="2025-08-05T19:50:05 IST" name="due_payment_info" finished-at="2025-08-05T19:50:49 IST" duration-ms="43931" status="PASS">
          <reporter-output>
          </reporter-output>
        </test-method> <!-- due_payment_info -->
        <test-method is-config="true" signature="driverkill()[pri:0, instance:com.vaultify.vaultify_platform.Service_ReFund@776b83cc]" started-at="2025-08-05T19:50:49 IST" name="driverkill" finished-at="2025-08-05T19:50:49 IST" duration-ms="267" status="PASS">
          <reporter-output>
          </reporter-output>
        </test-method> <!-- driverkill -->
      </class> <!-- com.vaultify.vaultify_platform.Service_ReFund -->
    </test> <!-- Default test -->
  </suite> <!-- Default suite -->
</testng-results>
