<?xml version="1.0" encoding="UTF-8"?>
<testng-results ignored="9" total="10" passed="1" failed="0" skipped="0">
  <reporter-output>
  </reporter-output>
  <suite started-at="2025-07-12T00:45:52 IST" name="Default suite" finished-at="2025-07-12T00:46:23 IST" duration-ms="31032">
    <groups>
    </groups>
    <test started-at="2025-07-12T00:45:52 IST" name="Default test" finished-at="2025-07-12T00:46:23 IST" duration-ms="31032">
      <class name="com.vaultify.vaultify_platform.Bidding_management">
        <test-method is-config="true" signature="setUP()[pri:0, instance:com.vaultify.vaultify_platform.Bidding_management@4c178a76]" started-at="2025-07-12T00:45:52 IST" name="setUP" finished-at="2025-07-12T00:45:54 IST" duration-ms="2705" status="PASS">
          <reporter-output>
          </reporter-output>
        </test-method> <!-- setUP -->
        <test-method signature="bid_filter_checker()[pri:0, instance:com.vaultify.vaultify_platform.Bidding_management@4c178a76]" started-at="2025-07-12T00:45:54 IST" name="bid_filter_checker" finished-at="2025-07-12T00:46:22 IST" duration-ms="27447" status="PASS">
          <reporter-output>
          </reporter-output>
        </test-method> <!-- bid_filter_checker -->
        <test-method is-config="true" signature="driverkill()[pri:0, instance:com.vaultify.vaultify_platform.Bidding_management@4c178a76]" started-at="2025-07-12T00:46:22 IST" name="driverkill" finished-at="2025-07-12T00:46:23 IST" duration-ms="843" status="PASS">
          <reporter-output>
          </reporter-output>
        </test-method> <!-- driverkill -->
      </class> <!-- com.vaultify.vaultify_platform.Bidding_management -->
    </test> <!-- Default test -->
  </suite> <!-- Default suite -->
</testng-results>
