<?xml version="1.0" encoding="UTF-8"?>
<testng-results ignored="2" total="3" passed="1" failed="0" skipped="0">
  <reporter-output>
  </reporter-output>
  <suite started-at="2025-07-17T13:18:51 IST" name="Default suite" finished-at="2025-07-17T13:19:06 IST" duration-ms="14467">
    <groups>
    </groups>
    <test started-at="2025-07-17T13:18:51 IST" name="Default test" finished-at="2025-07-17T13:19:06 IST" duration-ms="14467">
      <class name="com.vaultify.vaultify_platform.cms_and_versity">
        <test-method is-config="true" signature="setUP()[pri:0, instance:com.vaultify.vaultify_platform.cms_and_versity@45c7e403]" started-at="2025-07-17T13:18:51 IST" name="setUP" finished-at="2025-07-17T13:18:54 IST" duration-ms="2410" status="PASS">
          <reporter-output>
          </reporter-output>
        </test-method> <!-- setUP -->
        <test-method signature="Cms_Page_list_checker()[pri:0, instance:com.vaultify.vaultify_platform.cms_and_versity@45c7e403]" started-at="2025-07-17T13:18:54 IST" name="Cms_Page_list_checker" finished-at="2025-07-17T13:19:05 IST" duration-ms="11308" status="PASS">
          <reporter-output>
          </reporter-output>
        </test-method> <!-- Cms_Page_list_checker -->
        <test-method is-config="true" signature="driverkill()[pri:0, instance:com.vaultify.vaultify_platform.cms_and_versity@45c7e403]" started-at="2025-07-17T13:19:05 IST" name="driverkill" finished-at="2025-07-17T13:19:06 IST" duration-ms="720" status="PASS">
          <reporter-output>
          </reporter-output>
        </test-method> <!-- driverkill -->
      </class> <!-- com.vaultify.vaultify_platform.cms_and_versity -->
    </test> <!-- Default test -->
  </suite> <!-- Default suite -->
</testng-results>
