<?xml version="1.0" encoding="UTF-8"?>
<testng-results ignored="9" total="10" passed="1" failed="0" skipped="0">
  <reporter-output>
  </reporter-output>
  <suite started-at="2025-07-16T18:00:06 IST" name="Default suite" finished-at="2025-07-16T18:00:30 IST" duration-ms="23708">
    <groups>
    </groups>
    <test started-at="2025-07-16T18:00:06 IST" name="Default test" finished-at="2025-07-16T18:00:30 IST" duration-ms="23708">
      <class name="com.vaultify.vaultify_platform.Refund_Management">
        <test-method is-config="true" signature="setUP()[pri:0, instance:com.vaultify.vaultify_platform.Refund_Management@524d6d96]" started-at="2025-07-16T18:00:06 IST" name="setUP" finished-at="2025-07-16T18:00:14 IST" duration-ms="7812" status="PASS">
          <reporter-output>
          </reporter-output>
        </test-method> <!-- setUP -->
        <test-method signature="Refund_filter_check()[pri:0, instance:com.vaultify.vaultify_platform.Refund_Management@524d6d96]" started-at="2025-07-16T18:00:14 IST" name="Refund_filter_check" finished-at="2025-07-16T18:00:29 IST" duration-ms="15623" status="PASS">
          <reporter-output>
          </reporter-output>
        </test-method> <!-- Refund_filter_check -->
        <test-method is-config="true" signature="driverkill()[pri:0, instance:com.vaultify.vaultify_platform.Refund_Management@524d6d96]" started-at="2025-07-16T18:00:29 IST" name="driverkill" finished-at="2025-07-16T18:00:30 IST" duration-ms="210" status="PASS">
          <reporter-output>
          </reporter-output>
        </test-method> <!-- driverkill -->
      </class> <!-- com.vaultify.vaultify_platform.Refund_Management -->
    </test> <!-- Default test -->
  </suite> <!-- Default suite -->
</testng-results>
