<?xml version="1.0" encoding="UTF-8"?>
<testng-results ignored="9" total="10" passed="1" failed="0" skipped="0">
  <reporter-output>
  </reporter-output>
  <suite started-at="2025-08-03T00:16:41 IST" name="Default suite" finished-at="2025-08-03T00:17:13 IST" duration-ms="31812">
    <groups>
    </groups>
    <test started-at="2025-08-03T00:16:41 IST" name="Default test" finished-at="2025-08-03T00:17:13 IST" duration-ms="31812">
      <class name="com.vaultify.vaultify_platform.Refund_Management">
        <test-method is-config="true" signature="setUP()[pri:0, instance:com.vaultify.vaultify_platform.Refund_Management@247bddad]" started-at="2025-08-03T00:16:42 IST" name="setUP" finished-at="2025-08-03T00:16:46 IST" duration-ms="4435" status="PASS">
          <reporter-output>
          </reporter-output>
        </test-method> <!-- setUP -->
        <test-method signature="Refund_list_data_fetcher()[pri:0, instance:com.vaultify.vaultify_platform.Refund_Management@247bddad]" started-at="2025-08-03T00:16:46 IST" name="Refund_list_data_fetcher" finished-at="2025-08-03T00:17:12 IST" duration-ms="26553" status="PASS">
          <reporter-output>
          </reporter-output>
        </test-method> <!-- Refund_list_data_fetcher -->
        <test-method is-config="true" signature="driverkill()[pri:0, instance:com.vaultify.vaultify_platform.Refund_Management@247bddad]" started-at="2025-08-03T00:17:12 IST" name="driverkill" finished-at="2025-08-03T00:17:13 IST" duration-ms="779" status="PASS">
          <reporter-output>
          </reporter-output>
        </test-method> <!-- driverkill -->
      </class> <!-- com.vaultify.vaultify_platform.Refund_Management -->
    </test> <!-- Default test -->
  </suite> <!-- Default suite -->
</testng-results>
