<?xml version="1.0" encoding="UTF-8"?>
<testng-results ignored="5" total="6" passed="1" failed="0" skipped="0">
  <reporter-output>
  </reporter-output>
  <suite started-at="2025-07-03T15:29:58 IST" name="Default suite" finished-at="2025-07-03T15:30:24 IST" duration-ms="26056">
    <groups>
    </groups>
    <test started-at="2025-07-03T15:29:58 IST" name="Default test" finished-at="2025-07-03T15:30:24 IST" duration-ms="26056">
      <class name="com.vaultify.vaultify_platform.Property_management">
        <test-method is-config="true" signature="setUP()[pri:0, instance:com.vaultify.vaultify_platform.Property_management@53aad5d5]" started-at="2025-07-03T15:29:58 IST" name="setUP" finished-at="2025-07-03T15:30:04 IST" duration-ms="5452" status="PASS">
          <reporter-output>
          </reporter-output>
        </test-method> <!-- setUP -->
        <test-method signature="Property_Search()[pri:0, instance:com.vaultify.vaultify_platform.Property_management@53aad5d5]" started-at="2025-07-03T15:30:04 IST" name="Property_Search" finished-at="2025-07-03T15:30:24 IST" duration-ms="20357" status="PASS">
          <reporter-output>
          </reporter-output>
        </test-method> <!-- Property_Search -->
        <test-method is-config="true" signature="driverkill()[pri:0, instance:com.vaultify.vaultify_platform.Property_management@53aad5d5]" started-at="2025-07-03T15:30:24 IST" name="driverkill" finished-at="2025-07-03T15:30:24 IST" duration-ms="194" status="PASS">
          <reporter-output>
          </reporter-output>
        </test-method> <!-- driverkill -->
      </class> <!-- com.vaultify.vaultify_platform.Property_management -->
    </test> <!-- Default test -->
  </suite> <!-- Default suite -->
</testng-results>
