<?xml version="1.0" encoding="UTF-8"?>
<testng-results ignored="3" total="4" passed="1" failed="0" skipped="0">
  <reporter-output>
  </reporter-output>
  <suite started-at="2025-07-31T20:35:26 IST" name="Default suite" finished-at="2025-07-31T20:35:53 IST" duration-ms="26646">
    <groups>
    </groups>
    <test started-at="2025-07-31T20:35:26 IST" name="Default test" finished-at="2025-07-31T20:35:53 IST" duration-ms="26646">
      <class name="com.vaultify.vaultify_platform.FeedBack_Module">
        <test-method is-config="true" signature="setUP()[pri:0, instance:com.vaultify.vaultify_platform.FeedBack_Module@53aad5d5]" started-at="2025-07-31T20:35:26 IST" name="setUP" finished-at="2025-07-31T20:35:28 IST" duration-ms="1748" status="PASS">
          <reporter-output>
          </reporter-output>
        </test-method> <!-- setUP -->
        <test-method signature="feedback_management_search()[pri:0, instance:com.vaultify.vaultify_platform.FeedBack_Module@53aad5d5]" started-at="2025-07-31T20:35:28 IST" name="feedback_management_search" finished-at="2025-07-31T20:35:53 IST" duration-ms="24643" status="PASS">
          <reporter-output>
          </reporter-output>
        </test-method> <!-- feedback_management_search -->
        <test-method is-config="true" signature="driverkill()[pri:0, instance:com.vaultify.vaultify_platform.FeedBack_Module@53aad5d5]" started-at="2025-07-31T20:35:53 IST" name="driverkill" finished-at="2025-07-31T20:35:53 IST" duration-ms="206" status="PASS">
          <reporter-output>
          </reporter-output>
        </test-method> <!-- driverkill -->
      </class> <!-- com.vaultify.vaultify_platform.FeedBack_Module -->
    </test> <!-- Default test -->
  </suite> <!-- Default suite -->
</testng-results>
