<?xml version="1.0" encoding="UTF-8"?>
<testng-results ignored="0" total="6" passed="6" failed="0" skipped="0">
  <reporter-output>
  </reporter-output>
  <suite started-at="2025-05-23T18:00:10 IST" name="Default suite" finished-at="2025-05-23T18:02:32 IST" duration-ms="141751">
    <groups>
    </groups>
    <test started-at="2025-05-23T18:00:10 IST" name="Default test" finished-at="2025-05-23T18:02:32 IST" duration-ms="141751">
      <class name="com.vaultify.vaultify_platform.Staff_and_Team">
        <test-method is-config="true" signature="setUP()[pri:0, instance:com.vaultify.vaultify_platform.Staff_and_Team@3857f613]" started-at="2025-05-23T18:00:11 IST" name="setUP" finished-at="2025-05-23T18:00:24 IST" duration-ms="13298" status="PASS">
          <reporter-output>
          </reporter-output>
        </test-method> <!-- setUP -->
        <test-method signature="Employee_staff_Add(java.lang.String,java.lang.String,java.lang.String,java.lang.String,java.lang.String,java.lang.String,java.lang.String,java.lang.String,java.lang.String,java.lang.String,java.lang.String,java.lang.String,java.lang.String,java.lang.String,java.lang.String,java.lang.String)[pri:0, instance:com.vaultify.vaultify_platform.Staff_and_Team@3857f613]" started-at="2025-05-23T18:00:24 IST" name="Employee_staff_Add" data-provider="employeedata" finished-at="2025-05-23T18:00:34 IST" duration-ms="10530" status="PASS">
          <params>
            <param index="0">
              <value>
                <![CDATA[ahmed_samir]]>
              </value>
            </param>
            <param index="1">
              <value>
                <![CDATA[Pass@123]]>
              </value>
            </param>
            <param index="2">
              <value>
                <![CDATA[Ahmed Samir]]>
              </value>
            </param>
            <param index="3">
              <value>
                <![CDATA[Samir Hussein]]>
              </value>
            </param>
            <param index="4">
              <value>
                <![CDATA[Layla Samir]]>
              </value>
            </param>
            <param index="5">
              <value>
                <![CDATA[18-06-1990]]>
              </value>
            </param>
            <param index="6">
              <value>
                <![CDATA[ahmedsamir8754@yopmail.com]]>
              </value>
            </param>
            <param index="7">
              <value>
                <![CDATA[971509998877]]>
              </value>
            </param>
            <param index="8">
              <value>
                <![CDATA[Finance]]>
              </value>
            </param>
            <param index="9">
              <value>
                <![CDATA[7]]>
              </value>
            </param>
            <param index="10">
              <value>
                <![CDATA[15-01-2020]]>
              </value>
            </param>
            <param index="11">
              <value>
                <![CDATA[Ahmed Samir]]>
              </value>
            </param>
            <param index="12">
              <value>
                <![CDATA[Emirates NBD]]>
              </value>
            </param>
            <param index="13">
              <value>
                <![CDATA[40817810099910056781]]>
              </value>
            </param>
            <param index="14">
              <value>
                <![CDATA[EMIR0000456]]>
              </value>
            </param>
            <param index="15">
              <value>
                <![CDATA[ahmedupi8754@ybl]]>
              </value>
            </param>
          </params>
          <reporter-output>
          </reporter-output>
        </test-method> <!-- Employee_staff_Add -->
        <test-method is-config="true" signature="driverkill()[pri:0, instance:com.vaultify.vaultify_platform.Staff_and_Team@3857f613]" started-at="2025-05-23T18:00:34 IST" name="driverkill" finished-at="2025-05-23T18:00:35 IST" duration-ms="256" status="PASS">
          <reporter-output>
          </reporter-output>
        </test-method> <!-- driverkill -->
        <test-method is-config="true" signature="setUP()[pri:0, instance:com.vaultify.vaultify_platform.Staff_and_Team@3857f613]" started-at="2025-05-23T18:00:35 IST" name="setUP" finished-at="2025-05-23T18:00:48 IST" duration-ms="13066" status="PASS">
          <reporter-output>
          </reporter-output>
        </test-method> <!-- setUP -->
        <test-method signature="Employee_staff_Add(java.lang.String,java.lang.String,java.lang.String,java.lang.String,java.lang.String,java.lang.String,java.lang.String,java.lang.String,java.lang.String,java.lang.String,java.lang.String,java.lang.String,java.lang.String,java.lang.String,java.lang.String,java.lang.String)[pri:0, instance:com.vaultify.vaultify_platform.Staff_and_Team@3857f613]" started-at="2025-05-23T18:00:48 IST" name="Employee_staff_Add" data-provider="employeedata" finished-at="2025-05-23T18:00:58 IST" duration-ms="10439" status="PASS">
          <params>
            <param index="0">
              <value>
                <![CDATA[dmitri_petrov]]>
              </value>
            </param>
            <param index="1">
              <value>
                <![CDATA[Pass@123]]>
              </value>
            </param>
            <param index="2">
              <value>
                <![CDATA[Dmitri Petrov]]>
              </value>
            </param>
            <param index="3">
              <value>
                <![CDATA[Alexei Petrov]]>
              </value>
            </param>
            <param index="4">
              <value>
                <![CDATA[Irina Petrova]]>
              </value>
            </param>
            <param index="5">
              <value>
                <![CDATA[22-11-1988]]>
              </value>
            </param>
            <param index="6">
              <value>
                <![CDATA[dmitripetrov2048@yopmail.com]]>
              </value>
            </param>
            <param index="7">
              <value>
                <![CDATA[79213456789]]>
              </value>
            </param>
            <param index="8">
              <value>
                <![CDATA[Engineering]]>
              </value>
            </param>
            <param index="9">
              <value>
                <![CDATA[10]]>
              </value>
            </param>
            <param index="10">
              <value>
                <![CDATA[10-03-2015]]>
              </value>
            </param>
            <param index="11">
              <value>
                <![CDATA[Dmitri Petrov]]>
              </value>
            </param>
            <param index="12">
              <value>
                <![CDATA[VTB Bank]]>
              </value>
            </param>
            <param index="13">
              <value>
                <![CDATA[40817810099910087653]]>
              </value>
            </param>
            <param index="14">
              <value>
                <![CDATA[VTBR0000222]]>
              </value>
            </param>
            <param index="15">
              <value>
                <![CDATA[dmitriupi2048@ybl]]>
              </value>
            </param>
          </params>
          <reporter-output>
          </reporter-output>
        </test-method> <!-- Employee_staff_Add -->
        <test-method is-config="true" signature="driverkill()[pri:0, instance:com.vaultify.vaultify_platform.Staff_and_Team@3857f613]" started-at="2025-05-23T18:00:58 IST" name="driverkill" finished-at="2025-05-23T18:00:59 IST" duration-ms="420" status="PASS">
          <reporter-output>
          </reporter-output>
        </test-method> <!-- driverkill -->
        <test-method is-config="true" signature="setUP()[pri:0, instance:com.vaultify.vaultify_platform.Staff_and_Team@3857f613]" started-at="2025-05-23T18:00:59 IST" name="setUP" finished-at="2025-05-23T18:01:12 IST" duration-ms="13231" status="PASS">
          <reporter-output>
          </reporter-output>
        </test-method> <!-- setUP -->
        <test-method signature="Employee_staff_Add(java.lang.String,java.lang.String,java.lang.String,java.lang.String,java.lang.String,java.lang.String,java.lang.String,java.lang.String,java.lang.String,java.lang.String,java.lang.String,java.lang.String,java.lang.String,java.lang.String,java.lang.String,java.lang.String)[pri:0, instance:com.vaultify.vaultify_platform.Staff_and_Team@3857f613]" started-at="2025-05-23T18:01:12 IST" name="Employee_staff_Add" data-provider="employeedata" finished-at="2025-05-23T18:01:22 IST" duration-ms="10268" status="PASS">
          <params>
            <param index="0">
              <value>
                <![CDATA[hassan_alkurdi]]>
              </value>
            </param>
            <param index="1">
              <value>
                <![CDATA[Pass@123]]>
              </value>
            </param>
            <param index="2">
              <value>
                <![CDATA[Hassan Alkurdi]]>
              </value>
            </param>
            <param index="3">
              <value>
                <![CDATA[Mustafa Alkurdi]]>
              </value>
            </param>
            <param index="4">
              <value>
                <![CDATA[Noor Alkurdi]]>
              </value>
            </param>
            <param index="5">
              <value>
                <![CDATA[05-05-1991]]>
              </value>
            </param>
            <param index="6">
              <value>
                <![CDATA[hassankurdi3127@yopmail.com]]>
              </value>
            </param>
            <param index="7">
              <value>
                <![CDATA[966501234567]]>
              </value>
            </param>
            <param index="8">
              <value>
                <![CDATA[Logistics]]>
              </value>
            </param>
            <param index="9">
              <value>
                <![CDATA[6]]>
              </value>
            </param>
            <param index="10">
              <value>
                <![CDATA[01-07-2019]]>
              </value>
            </param>
            <param index="11">
              <value>
                <![CDATA[Hassan Alkurdi]]>
              </value>
            </param>
            <param index="12">
              <value>
                <![CDATA[Al Rajhi Bank]]>
              </value>
            </param>
            <param index="13">
              <value>
                <![CDATA[40817810099910023984]]>
              </value>
            </param>
            <param index="14">
              <value>
                <![CDATA[ALRJ0000789]]>
              </value>
            </param>
            <param index="15">
              <value>
                <![CDATA[hassanupi3127@ybl]]>
              </value>
            </param>
          </params>
          <reporter-output>
          </reporter-output>
        </test-method> <!-- Employee_staff_Add -->
        <test-method is-config="true" signature="driverkill()[pri:0, instance:com.vaultify.vaultify_platform.Staff_and_Team@3857f613]" started-at="2025-05-23T18:01:22 IST" name="driverkill" finished-at="2025-05-23T18:01:22 IST" duration-ms="239" status="PASS">
          <reporter-output>
          </reporter-output>
        </test-method> <!-- driverkill -->
        <test-method is-config="true" signature="setUP()[pri:0, instance:com.vaultify.vaultify_platform.Staff_and_Team@3857f613]" started-at="2025-05-23T18:01:22 IST" name="setUP" finished-at="2025-05-23T18:01:35 IST" duration-ms="12404" status="PASS">
          <reporter-output>
          </reporter-output>
        </test-method> <!-- setUP -->
        <test-method signature="Employee_staff_Add(java.lang.String,java.lang.String,java.lang.String,java.lang.String,java.lang.String,java.lang.String,java.lang.String,java.lang.String,java.lang.String,java.lang.String,java.lang.String,java.lang.String,java.lang.String,java.lang.String,java.lang.String,java.lang.String)[pri:0, instance:com.vaultify.vaultify_platform.Staff_and_Team@3857f613]" started-at="2025-05-23T18:01:35 IST" name="Employee_staff_Add" data-provider="employeedata" finished-at="2025-05-23T18:01:46 IST" duration-ms="10898" status="PASS">
          <params>
            <param index="0">
              <value>
                <![CDATA[felix_kraus]]>
              </value>
            </param>
            <param index="1">
              <value>
                <![CDATA[Pass@123]]>
              </value>
            </param>
            <param index="2">
              <value>
                <![CDATA[Felix Kraus]]>
              </value>
            </param>
            <param index="3">
              <value>
                <![CDATA[Gunter Kraus]]>
              </value>
            </param>
            <param index="4">
              <value>
                <![CDATA[Sabine Kraus]]>
              </value>
            </param>
            <param index="5">
              <value>
                <![CDATA[09-09-1985]]>
              </value>
            </param>
            <param index="6">
              <value>
                <![CDATA[felixkraus6221@yopmail.com]]>
              </value>
            </param>
            <param index="7">
              <value>
                <![CDATA[491711223344]]>
              </value>
            </param>
            <param index="8">
              <value>
                <![CDATA[Data Science]]>
              </value>
            </param>
            <param index="9">
              <value>
                <![CDATA[12]]>
              </value>
            </param>
            <param index="10">
              <value>
                <![CDATA[12-08-2010]]>
              </value>
            </param>
            <param index="11">
              <value>
                <![CDATA[Felix Kraus]]>
              </value>
            </param>
            <param index="12">
              <value>
                <![CDATA[Deutsche Bank]]>
              </value>
            </param>
            <param index="13">
              <value>
                <![CDATA[40817810099910098765]]>
              </value>
            </param>
            <param index="14">
              <value>
                <![CDATA[DEUT0001234]]>
              </value>
            </param>
            <param index="15">
              <value>
                <![CDATA[felixupi6221@ybl]]>
              </value>
            </param>
          </params>
          <reporter-output>
          </reporter-output>
        </test-method> <!-- Employee_staff_Add -->
        <test-method is-config="true" signature="driverkill()[pri:0, instance:com.vaultify.vaultify_platform.Staff_and_Team@3857f613]" started-at="2025-05-23T18:01:46 IST" name="driverkill" finished-at="2025-05-23T18:01:46 IST" duration-ms="259" status="PASS">
          <reporter-output>
          </reporter-output>
        </test-method> <!-- driverkill -->
        <test-method is-config="true" signature="setUP()[pri:0, instance:com.vaultify.vaultify_platform.Staff_and_Team@3857f613]" started-at="2025-05-23T18:01:46 IST" name="setUP" finished-at="2025-05-23T18:01:58 IST" duration-ms="12001" status="PASS">
          <reporter-output>
          </reporter-output>
        </test-method> <!-- setUP -->
        <test-method signature="Employee_staff_Add(java.lang.String,java.lang.String,java.lang.String,java.lang.String,java.lang.String,java.lang.String,java.lang.String,java.lang.String,java.lang.String,java.lang.String,java.lang.String,java.lang.String,java.lang.String,java.lang.String,java.lang.String,java.lang.String)[pri:0, instance:com.vaultify.vaultify_platform.Staff_and_Team@3857f613]" started-at="2025-05-23T18:01:58 IST" name="Employee_staff_Add" data-provider="employeedata" finished-at="2025-05-23T18:02:08 IST" duration-ms="10417" status="PASS">
          <params>
            <param index="0">
              <value>
                <![CDATA[marco_rossi]]>
              </value>
            </param>
            <param index="1">
              <value>
                <![CDATA[Pass@123]]>
              </value>
            </param>
            <param index="2">
              <value>
                <![CDATA[Marco Rossi]]>
              </value>
            </param>
            <param index="3">
              <value>
                <![CDATA[Giovanni Rossi]]>
              </value>
            </param>
            <param index="4">
              <value>
                <![CDATA[Lucia Rossi]]>
              </value>
            </param>
            <param index="5">
              <value>
                <![CDATA[27-04-1989]]>
              </value>
            </param>
            <param index="6">
              <value>
                <![CDATA[marcorossi7856@yopmail.com]]>
              </value>
            </param>
            <param index="7">
              <value>
                <![CDATA[393445678912]]>
              </value>
            </param>
            <param index="8">
              <value>
                <![CDATA[Architecture]]>
              </value>
            </param>
            <param index="9">
              <value>
                <![CDATA[8]]>
              </value>
            </param>
            <param index="10">
              <value>
                <![CDATA[25-06-2017]]>
              </value>
            </param>
            <param index="11">
              <value>
                <![CDATA[Marco Rossi]]>
              </value>
            </param>
            <param index="12">
              <value>
                <![CDATA[Intesa Sanpaolo]]>
              </value>
            </param>
            <param index="13">
              <value>
                <![CDATA[40817810099910032100]]>
              </value>
            </param>
            <param index="14">
              <value>
                <![CDATA[ISPB0000999]]>
              </value>
            </param>
            <param index="15">
              <value>
                <![CDATA[marcoupi7856@ybl]]>
              </value>
            </param>
          </params>
          <reporter-output>
          </reporter-output>
        </test-method> <!-- Employee_staff_Add -->
        <test-method is-config="true" signature="driverkill()[pri:0, instance:com.vaultify.vaultify_platform.Staff_and_Team@3857f613]" started-at="2025-05-23T18:02:08 IST" name="driverkill" finished-at="2025-05-23T18:02:09 IST" duration-ms="270" status="PASS">
          <reporter-output>
          </reporter-output>
        </test-method> <!-- driverkill -->
        <test-method is-config="true" signature="setUP()[pri:0, instance:com.vaultify.vaultify_platform.Staff_and_Team@3857f613]" started-at="2025-05-23T18:02:09 IST" name="setUP" finished-at="2025-05-23T18:02:21 IST" duration-ms="12874" status="PASS">
          <reporter-output>
          </reporter-output>
        </test-method> <!-- setUP -->
        <test-method signature="Employee_staff_Add(java.lang.String,java.lang.String,java.lang.String,java.lang.String,java.lang.String,java.lang.String,java.lang.String,java.lang.String,java.lang.String,java.lang.String,java.lang.String,java.lang.String,java.lang.String,java.lang.String,java.lang.String,java.lang.String)[pri:0, instance:com.vaultify.vaultify_platform.Staff_and_Team@3857f613]" started-at="2025-05-23T18:02:21 IST" name="Employee_staff_Add" data-provider="employeedata" finished-at="2025-05-23T18:02:32 IST" duration-ms="10543" status="PASS">
          <params>
            <param index="0">
              <value>
                <![CDATA[fahad_najeeb]]>
              </value>
            </param>
            <param index="1">
              <value>
                <![CDATA[Pass@123]]>
              </value>
            </param>
            <param index="2">
              <value>
                <![CDATA[Fahad Najeeb]]>
              </value>
            </param>
            <param index="3">
              <value>
                <![CDATA[Najeeb Ul Hassan]]>
              </value>
            </param>
            <param index="4">
              <value>
                <![CDATA[Ruqayya Najeeb]]>
              </value>
            </param>
            <param index="5">
              <value>
                <![CDATA[14-02-1993]]>
              </value>
            </param>
            <param index="6">
              <value>
                <![CDATA[fahadnajeeb4082@yopmail.com]]>
              </value>
            </param>
            <param index="7">
              <value>
                <![CDATA[971502234556]]>
              </value>
            </param>
            <param index="8">
              <value>
                <![CDATA[Computer Science]]>
              </value>
            </param>
            <param index="9">
              <value>
                <![CDATA[4]]>
              </value>
            </param>
            <param index="10">
              <value>
                <![CDATA[19-09-2021]]>
              </value>
            </param>
            <param index="11">
              <value>
                <![CDATA[Fahad Najeeb]]>
              </value>
            </param>
            <param index="12">
              <value>
                <![CDATA[First Abu Dhabi Bank]]>
              </value>
            </param>
            <param index="13">
              <value>
                <![CDATA[40817810099910077889]]>
              </value>
            </param>
            <param index="14">
              <value>
                <![CDATA[FABU0000455]]>
              </value>
            </param>
            <param index="15">
              <value>
                <![CDATA[fahadupi4082@ybl]]>
              </value>
            </param>
          </params>
          <reporter-output>
          </reporter-output>
        </test-method> <!-- Employee_staff_Add -->
        <test-method is-config="true" signature="driverkill()[pri:0, instance:com.vaultify.vaultify_platform.Staff_and_Team@3857f613]" started-at="2025-05-23T18:02:32 IST" name="driverkill" finished-at="2025-05-23T18:02:32 IST" duration-ms="268" status="PASS">
          <reporter-output>
          </reporter-output>
        </test-method> <!-- driverkill -->
      </class> <!-- com.vaultify.vaultify_platform.Staff_and_Team -->
    </test> <!-- Default test -->
  </suite> <!-- Default suite -->
</testng-results>
