<?xml version="1.0" encoding="UTF-8"?>
<testng-results ignored="2" total="3" passed="1" failed="0" skipped="0">
  <reporter-output>
  </reporter-output>
  <suite started-at="2025-07-21T18:41:11 IST" name="Default suite" finished-at="2025-07-21T18:41:29 IST" duration-ms="18276">
    <groups>
    </groups>
    <test started-at="2025-07-21T18:41:11 IST" name="Default test" finished-at="2025-07-21T18:41:29 IST" duration-ms="18276">
      <class name="com.vaultify.vaultify_platform.Staff_Attendance">
        <test-method is-config="true" signature="setUP()[pri:0, instance:com.vaultify.vaultify_platform.Staff_Attendance@609db43b]" started-at="2025-07-21T18:41:11 IST" name="setUP" finished-at="2025-07-21T18:41:14 IST" duration-ms="3568" status="PASS">
          <reporter-output>
          </reporter-output>
        </test-method> <!-- setUP -->
        <test-method signature="Staff_attendance_List_data_fetcher()[pri:0, instance:com.vaultify.vaultify_platform.Staff_Attendance@609db43b]" started-at="2025-07-21T18:41:14 IST" name="Staff_attendance_List_data_fetcher" finished-at="2025-07-21T18:41:29 IST" duration-ms="14435" status="PASS">
          <reporter-output>
          </reporter-output>
        </test-method> <!-- Staff_attendance_List_data_fetcher -->
        <test-method is-config="true" signature="driverkill()[pri:0, instance:com.vaultify.vaultify_platform.Staff_Attendance@609db43b]" started-at="2025-07-21T18:41:29 IST" name="driverkill" finished-at="2025-07-21T18:41:29 IST" duration-ms="218" status="PASS">
          <reporter-output>
          </reporter-output>
        </test-method> <!-- driverkill -->
      </class> <!-- com.vaultify.vaultify_platform.Staff_Attendance -->
    </test> <!-- Default test -->
  </suite> <!-- Default suite -->
</testng-results>
